<?xml version="1.0" encoding="UTF-8"?>
<testsuites name="TS_ADMIN" time="1849.338" tests="23" failures="3" errors="0">
   <testsuite name="TS_ADMIN" tests="23" failures="3" errors="0" time="1849.338" skipped="0" timestamp="2022-07-20 13:54:18" hostname="Thinkpad X260 - DESKTOP-D9B57TC" id="Test Suites/TS_ADMIN">
      <properties>
         <property name="deviceName" value=""/>
         <property name="devicePlatform" value=""/>
         <property name="logFolder" value="C:\\Users\\Thinkpad X260\\git\\CapstoneWEBSITE\\Reports\\20220720_135413\\TS_ADMIN\\20220720_135414"/>
         <property name="logFiles" value="C:\\Users\\Thinkpad X260\\git\\CapstoneWEBSITE\\Reports\\20220720_135413\\TS_ADMIN\\20220720_135414\\execution0.log"/>
         <property name="attachments" value="C:\\Users\\Thinkpad X260\\git\\CapstoneWEBSITE\\Reports\\20220720_135413\\TS_ADMIN\\20220720_135414\\1658301810463.png, C:\\Users\\Thinkpad X260\\git\\CapstoneWEBSITE\\Reports\\20220720_135413\\TS_ADMIN\\20220720_135414\\1658301876093.png, C:\\Users\\Thinkpad X260\\git\\CapstoneWEBSITE\\Reports\\20220720_135413\\TS_ADMIN\\20220720_135414\\1658301876196.png, C:\\Users\\Thinkpad X260\\git\\CapstoneWEBSITE\\Reports\\20220720_135413\\TS_ADMIN\\20220720_135414\\1658301908116.png"/>
         <property name="hostName" value="Thinkpad X260 - DESKTOP-D9B57TC"/>
         <property name="os" value="Windows 10 64bit"/>
         <property name="katalonVersion" value="8.2.5.208"/>
         <property name="browser" value="Chrome 103.0.5060.114"/>
         <property name="hostAddress" value="192.168.100.66"/>
         <property name="sessionId" value="e12d9ea5f052202a854c2818cf66cb5a"/>
         <property name="seleniumVersion" value="3.141.59"/>
         <property name="proxyInformation" value="ProxyInformation { proxyOption=NO_PROXY, proxyServerType=HTTP, username=, password=********, proxyServerAddress=, proxyServerPort=0, executionList=&quot;&quot;, isApplyToDesiredCapabilities=true }"/>
         <property name="platform" value="Windows 10"/>
      </properties>
      <testcase name="Test Cases/ADMIN/AUTH/Positif/TC_LoginPositif" time="12.275" classname="Test Cases/ADMIN/AUTH/Positif/TC_LoginPositif" status="PASSED">
         <system-out><![CDATA[2022-07-20 13:54:19 - [TEST_CASE][PASSED] - Test Cases/ADMIN/AUTH/Positif/TC_LoginPositif: Test Cases/ADMIN/AUTH/Positif/TC_LoginPositif

2022-07-20 13:54:20 - [TEST_STEP][PASSED] - openBrowser("https://dev-getvaccine-16.netlify.app/admin/"): Browser is opened with url: 'https://dev-getvaccine-16.netlify.app/admin/'

2022-07-20 13:54:20 - [MESSAGE][INFO] - Starting 'Chrome' driver

2022-07-20 13:54:20 - [MESSAGE][INFO] - Action delay is set to 0 milliseconds

2022-07-20 13:54:26 - [MESSAGE][PASSED] - Browser is opened with url: 'https://dev-getvaccine-16.netlify.app/admin/'

2022-07-20 13:54:26 - [TEST_STEP][PASSED] - maximizeWindow(): Current window maximized

2022-07-20 13:54:26 - [MESSAGE][PASSED] - Current window maximized

2022-07-20 13:54:26 - [TEST_STEP][PASSED] - verifyElementPresent(findTestObject("ADMIN/Adm-Login/verify login page"), 0): Object 'Object Repository/ADMIN/Adm-Login/verify login page' is present

2022-07-20 13:54:27 - [MESSAGE][WARNING] - Timeout '0' is invalid. Using default page load timeout: '30'

2022-07-20 13:54:27 - [MESSAGE][PASSED] - Object 'Object Repository/ADMIN/Adm-Login/verify login page' is present

2022-07-20 13:54:27 - [TEST_STEP][PASSED] - click(findTestObject("ADMIN/Adm-Login/username")): Object: 'Object Repository/ADMIN/Adm-Login/username' is clicked on

2022-07-20 13:54:28 - [MESSAGE][PASSED] - Object: 'Object Repository/ADMIN/Adm-Login/username' is clicked on

2022-07-20 13:54:28 - [TEST_STEP][PASSED] - setText(findTestObject("ADMIN/Adm-Login/username"), "harnanda"): Text 'harnanda' is set on object 'Object Repository/ADMIN/Adm-Login/username'

2022-07-20 13:54:29 - [MESSAGE][PASSED] - Text 'harnanda' is set on object 'Object Repository/ADMIN/Adm-Login/username'

2022-07-20 13:54:29 - [TEST_STEP][PASSED] - click(findTestObject("ADMIN/Adm-Login/password")): Object: 'Object Repository/ADMIN/Adm-Login/password' is clicked on

2022-07-20 13:54:29 - [MESSAGE][PASSED] - Object: 'Object Repository/ADMIN/Adm-Login/password' is clicked on

2022-07-20 13:54:29 - [TEST_STEP][PASSED] - setText(findTestObject("ADMIN/Adm-Login/password"), "haha"): Text 'haha' is set on object 'Object Repository/ADMIN/Adm-Login/password'

2022-07-20 13:54:30 - [MESSAGE][PASSED] - Text 'haha' is set on object 'Object Repository/ADMIN/Adm-Login/password'

2022-07-20 13:54:30 - [TEST_STEP][PASSED] - click(findTestObject("ADMIN/Adm-Login/eye")): Object: 'Object Repository/ADMIN/Adm-Login/eye' is clicked on

2022-07-20 13:54:31 - [MESSAGE][PASSED] - Object: 'Object Repository/ADMIN/Adm-Login/eye' is clicked on

2022-07-20 13:54:31 - [TEST_STEP][PASSED] - click(findTestObject("ADMIN/Adm-Login/btn login")): Object: 'Object Repository/ADMIN/Adm-Login/btn login' is clicked on

2022-07-20 13:54:31 - [MESSAGE][PASSED] - Object: 'Object Repository/ADMIN/Adm-Login/btn login' is clicked on]]></system-out>
         <system-err><![CDATA[]]></system-err>
      </testcase>
      <testcase name="Test Cases/ADMIN/OVERVIEW/TC_Search" time="25.71" classname="Test Cases/ADMIN/OVERVIEW/TC_Search" status="PASSED">
         <system-out><![CDATA[2022-07-20 13:54:31 - [TEST_CASE][PASSED] - Test Cases/ADMIN/OVERVIEW/TC_Search: Test Cases/ADMIN/OVERVIEW/TC_Search

2022-07-20 13:54:32 - [TEST_STEP][PASSED] - for ([i = 1, i <= 2, (i++)]): Object 'Object Repository/ADMIN/Page_Dashboard Admin  GetVaccine/search haechan' is present

2022-07-20 13:54:32 - [TEST_STEP][PASSED] - click(findTestObject("ADMIN/Page_Dashboard Admin  GetVaccine/a_Kelola Sesi")): Object: 'Object Repository/ADMIN/Page_Dashboard Admin  GetVaccine/a_Kelola Sesi' is clicked on

2022-07-20 13:54:35 - [MESSAGE][PASSED] - Object: 'Object Repository/ADMIN/Page_Dashboard Admin  GetVaccine/a_Kelola Sesi' is clicked on

2022-07-20 13:54:35 - [TEST_STEP][PASSED] - click(findTestObject("ADMIN/Page_Dashboard Admin  GetVaccine/a_Overview")): Object: 'Object Repository/ADMIN/Page_Dashboard Admin  GetVaccine/a_Overview' is clicked on

2022-07-20 13:54:36 - [MESSAGE][PASSED] - Object: 'Object Repository/ADMIN/Page_Dashboard Admin  GetVaccine/a_Overview' is clicked on

2022-07-20 13:54:36 - [TEST_STEP][PASSED] - setText(findTestObject("ADMIN/Page_Dashboard Admin  GetVaccine/search overview"), findTestData("ADMIN/search pendaftar").getValue(1, i)): Text 'coba' is set on object 'Object Repository/ADMIN/Page_Dashboard Admin  GetVaccine/search overview'

2022-07-20 13:54:37 - [MESSAGE][PASSED] - Text 'coba' is set on object 'Object Repository/ADMIN/Page_Dashboard Admin  GetVaccine/search overview'

2022-07-20 13:54:37 - [TEST_STEP][PASSED] - click(findTestObject("ADMIN/Page_Dashboard Admin  GetVaccine/icon search")): Object: 'Object Repository/ADMIN/Page_Dashboard Admin  GetVaccine/icon search' is clicked on

2022-07-20 13:54:38 - [MESSAGE][PASSED] - Object: 'Object Repository/ADMIN/Page_Dashboard Admin  GetVaccine/icon search' is clicked on

2022-07-20 13:54:38 - [TEST_STEP][PASSED] - if (i == 1): Object 'Object Repository/ADMIN/Page_Dashboard Admin  GetVaccine/search null' is present

2022-07-20 13:54:38 - [TEST_STEP][PASSED] - verifyElementPresent(findTestObject("ADMIN/Page_Dashboard Admin  GetVaccine/search null"), 0): Object 'Object Repository/ADMIN/Page_Dashboard Admin  GetVaccine/search null' is present

2022-07-20 13:54:38 - [MESSAGE][WARNING] - Timeout '0' is invalid. Using default page load timeout: '30'

2022-07-20 13:54:38 - [MESSAGE][PASSED] - Object 'Object Repository/ADMIN/Page_Dashboard Admin  GetVaccine/search null' is present

2022-07-20 13:54:38 - [TEST_STEP][PASSED] - click(findTestObject("ADMIN/Page_Dashboard Admin  GetVaccine/a_Kelola Sesi")): Object: 'Object Repository/ADMIN/Page_Dashboard Admin  GetVaccine/a_Kelola Sesi' is clicked on

2022-07-20 13:54:39 - [MESSAGE][PASSED] - Object: 'Object Repository/ADMIN/Page_Dashboard Admin  GetVaccine/a_Kelola Sesi' is clicked on

2022-07-20 13:54:39 - [TEST_STEP][PASSED] - click(findTestObject("ADMIN/Page_Dashboard Admin  GetVaccine/a_Overview")): Object: 'Object Repository/ADMIN/Page_Dashboard Admin  GetVaccine/a_Overview' is clicked on

2022-07-20 13:54:54 - [MESSAGE][PASSED] - Object: 'Object Repository/ADMIN/Page_Dashboard Admin  GetVaccine/a_Overview' is clicked on

2022-07-20 13:54:54 - [TEST_STEP][PASSED] - setText(findTestObject("ADMIN/Page_Dashboard Admin  GetVaccine/search overview"), findTestData("ADMIN/search pendaftar").getValue(1, i)): Text 'haechan' is set on object 'Object Repository/ADMIN/Page_Dashboard Admin  GetVaccine/search overview'

2022-07-20 13:54:56 - [MESSAGE][PASSED] - Text 'haechan' is set on object 'Object Repository/ADMIN/Page_Dashboard Admin  GetVaccine/search overview'

2022-07-20 13:54:56 - [TEST_STEP][PASSED] - click(findTestObject("ADMIN/Page_Dashboard Admin  GetVaccine/icon search")): Object: 'Object Repository/ADMIN/Page_Dashboard Admin  GetVaccine/icon search' is clicked on

2022-07-20 13:54:56 - [MESSAGE][PASSED] - Object: 'Object Repository/ADMIN/Page_Dashboard Admin  GetVaccine/icon search' is clicked on

2022-07-20 13:54:56 - [TEST_STEP][PASSED] - if (i == 1): null

2022-07-20 13:54:56 - [TEST_STEP][PASSED] - else: Object 'Object Repository/ADMIN/Page_Dashboard Admin  GetVaccine/search haechan' is present

2022-07-20 13:54:56 - [TEST_STEP][PASSED] - verifyElementPresent(findTestObject("ADMIN/Page_Dashboard Admin  GetVaccine/search haechan"), 0): Object 'Object Repository/ADMIN/Page_Dashboard Admin  GetVaccine/search haechan' is present

2022-07-20 13:54:57 - [MESSAGE][WARNING] - Timeout '0' is invalid. Using default page load timeout: '30'

2022-07-20 13:54:57 - [MESSAGE][PASSED] - Object 'Object Repository/ADMIN/Page_Dashboard Admin  GetVaccine/search haechan' is present]]></system-out>
         <system-err><![CDATA[]]></system-err>
      </testcase>
      <testcase name="Test Cases/ADMIN/KELOLA SESI/Negatif/TCT01_Tambah Sesi Without fill one field" time="14.363" classname="Test Cases/ADMIN/KELOLA SESI/Negatif/TCT01_Tambah Sesi Without fill one field" status="PASSED">
         <system-out><![CDATA[2022-07-20 13:54:57 - [TEST_CASE][PASSED] - Test Cases/ADMIN/KELOLA SESI/Negatif/TCT01_Tambah Sesi Without fill one field: Test Cases/ADMIN/KELOLA SESI/Negatif/TCT01_Tambah Sesi Without fill one field

2022-07-20 13:54:58 - [TEST_STEP][PASSED] - click(findTestObject("Page_Dashboard Admin  GetVaccine/a_Overview")): Object: 'Object Repository/Page_Dashboard Admin  GetVaccine/a_Overview' is clicked on

2022-07-20 13:54:58 - [MESSAGE][PASSED] - Object: 'Object Repository/Page_Dashboard Admin  GetVaccine/a_Overview' is clicked on

2022-07-20 13:54:58 - [TEST_STEP][PASSED] - click(findTestObject("Object Repository/ADMIN/Page_Dashboard Admin  GetVaccine/a_Kelola Sesi")): Object: 'Object Repository/ADMIN/Page_Dashboard Admin  GetVaccine/a_Kelola Sesi' is clicked on

2022-07-20 13:54:59 - [MESSAGE][PASSED] - Object: 'Object Repository/ADMIN/Page_Dashboard Admin  GetVaccine/a_Kelola Sesi' is clicked on

2022-07-20 13:54:59 - [TEST_STEP][PASSED] - click(findTestObject("Object Repository/ADMIN/Page_Kelola Sesi  GetVaccine/button_Tambah Data")): Object: 'Object Repository/ADMIN/Page_Kelola Sesi  GetVaccine/button_Tambah Data' is clicked on

2022-07-20 13:55:02 - [MESSAGE][PASSED] - Object: 'Object Repository/ADMIN/Page_Kelola Sesi  GetVaccine/button_Tambah Data' is clicked on

2022-07-20 13:55:02 - [TEST_STEP][PASSED] - click(findTestObject("Object Repository/ADMIN/Page_Kelola Sesi  GetVaccine/div_MODERNA")): Object: 'Object Repository/ADMIN/Page_Kelola Sesi  GetVaccine/div_MODERNA' is clicked on

2022-07-20 13:55:05 - [MESSAGE][PASSED] - Object: 'Object Repository/ADMIN/Page_Kelola Sesi  GetVaccine/div_MODERNA' is clicked on

2022-07-20 13:55:05 - [TEST_STEP][PASSED] - click(findTestObject("Object Repository/ADMIN/Page_Kelola Sesi  GetVaccine/input_Tanggal Sesi_vaccination_date")): Object: 'Object Repository/ADMIN/Page_Kelola Sesi  GetVaccine/input_Tanggal Sesi_vaccination_date' is clicked on

2022-07-20 13:55:06 - [MESSAGE][PASSED] - Object: 'Object Repository/ADMIN/Page_Kelola Sesi  GetVaccine/input_Tanggal Sesi_vaccination_date' is clicked on

2022-07-20 13:55:06 - [TEST_STEP][PASSED] - click(findTestObject("Object Repository/ADMIN/Page_Kelola Sesi  GetVaccine/div_20")): Object: 'Object Repository/ADMIN/Page_Kelola Sesi  GetVaccine/div_20' is clicked on

2022-07-20 13:55:06 - [MESSAGE][PASSED] - Object: 'Object Repository/ADMIN/Page_Kelola Sesi  GetVaccine/div_20' is clicked on

2022-07-20 13:55:06 - [TEST_STEP][PASSED] - click(findTestObject("Object Repository/ADMIN/Page_Kelola Sesi  GetVaccine/input_Jam Mulai Sesi_operational_hour_start")): Object: 'Object Repository/ADMIN/Page_Kelola Sesi  GetVaccine/input_Jam Mulai Sesi_operational_hour_start' is clicked on

2022-07-20 13:55:07 - [MESSAGE][PASSED] - Object: 'Object Repository/ADMIN/Page_Kelola Sesi  GetVaccine/input_Jam Mulai Sesi_operational_hour_start' is clicked on

2022-07-20 13:55:07 - [TEST_STEP][PASSED] - click(findTestObject("Object Repository/ADMIN/Page_Kelola Sesi  GetVaccine/div_07")): Object: 'Object Repository/ADMIN/Page_Kelola Sesi  GetVaccine/div_07' is clicked on

2022-07-20 13:55:07 - [MESSAGE][PASSED] - Object: 'Object Repository/ADMIN/Page_Kelola Sesi  GetVaccine/div_07' is clicked on

2022-07-20 13:55:07 - [TEST_STEP][PASSED] - click(findTestObject("Object Repository/ADMIN/Page_Kelola Sesi  GetVaccine/button_OK")): Object: 'Object Repository/ADMIN/Page_Kelola Sesi  GetVaccine/button_OK' is clicked on

2022-07-20 13:55:08 - [MESSAGE][PASSED] - Object: 'Object Repository/ADMIN/Page_Kelola Sesi  GetVaccine/button_OK' is clicked on

2022-07-20 13:55:08 - [TEST_STEP][PASSED] - click(findTestObject("Object Repository/ADMIN/Page_Kelola Sesi  GetVaccine/input_Jam Selesai Sesi_operational_hour_end")): Object: 'Object Repository/ADMIN/Page_Kelola Sesi  GetVaccine/input_Jam Selesai Sesi_operational_hour_end' is clicked on

2022-07-20 13:55:09 - [MESSAGE][PASSED] - Object: 'Object Repository/ADMIN/Page_Kelola Sesi  GetVaccine/input_Jam Selesai Sesi_operational_hour_end' is clicked on

2022-07-20 13:55:09 - [TEST_STEP][PASSED] - setText(findTestObject("Object Repository/ADMIN/Page_Kelola Sesi  GetVaccine/input_Kuota_quota"), "100"): Text '100' is set on object 'Object Repository/ADMIN/Page_Kelola Sesi  GetVaccine/input_Kuota_quota'

2022-07-20 13:55:10 - [MESSAGE][PASSED] - Text '100' is set on object 'Object Repository/ADMIN/Page_Kelola Sesi  GetVaccine/input_Kuota_quota'

2022-07-20 13:55:10 - [TEST_STEP][PASSED] - click(findTestObject("Object Repository/ADMIN/Page_Kelola Sesi  GetVaccine/button_Tambah Sesi")): Object: 'Object Repository/ADMIN/Page_Kelola Sesi  GetVaccine/button_Tambah Sesi' is clicked on

2022-07-20 13:55:10 - [MESSAGE][PASSED] - Object: 'Object Repository/ADMIN/Page_Kelola Sesi  GetVaccine/button_Tambah Sesi' is clicked on

2022-07-20 13:55:10 - [TEST_STEP][PASSED] - verifyElementPresent(findTestObject("Page_Kelola Sesi  GetVaccine/alert jam sesi harus diisi"), 0): Object 'Object Repository/Page_Kelola Sesi  GetVaccine/alert jam sesi harus diisi' is present

2022-07-20 13:55:10 - [MESSAGE][WARNING] - Timeout '0' is invalid. Using default page load timeout: '30'

2022-07-20 13:55:11 - [MESSAGE][PASSED] - Object 'Object Repository/Page_Kelola Sesi  GetVaccine/alert jam sesi harus diisi' is present

2022-07-20 13:55:11 - [TEST_STEP][PASSED] - click(findTestObject("Object Repository/ADMIN/Page_Kelola Sesi  GetVaccine/span_Dosis 2_ant-modal-close-x")): Object: 'Object Repository/ADMIN/Page_Kelola Sesi  GetVaccine/span_Dosis 2_ant-modal-close-x' is clicked on

2022-07-20 13:55:11 - [MESSAGE][PASSED] - Object: 'Object Repository/ADMIN/Page_Kelola Sesi  GetVaccine/span_Dosis 2_ant-modal-close-x' is clicked on]]></system-out>
         <system-err><![CDATA[]]></system-err>
      </testcase>
      <testcase name="Test Cases/ADMIN/KELOLA SESI/Negatif/TCT02_Tambah without fill all field" time="83.652" classname="Test Cases/ADMIN/KELOLA SESI/Negatif/TCT02_Tambah without fill all field" status="PASSED">
         <system-out><![CDATA[2022-07-20 13:55:11 - [TEST_CASE][PASSED] - Test Cases/ADMIN/KELOLA SESI/Negatif/TCT02_Tambah without fill all field: Test Cases/ADMIN/KELOLA SESI/Negatif/TCT02_Tambah without fill all field

2022-07-20 13:55:12 - [TEST_STEP][PASSED] - callTestCase(findTestCase("ADMIN/AUTH/Positif/TC_LoginPositif"), [:], STOP_ON_FAILURE): Call Test Case 'Test Cases/ADMIN/AUTH/Positif/TC_LoginPositif' successfully

2022-07-20 13:55:12 - [TEST_CASE][PASSED] - Test Cases/ADMIN/AUTH/Positif/TC_LoginPositif: Test Cases/ADMIN/AUTH/Positif/TC_LoginPositif

2022-07-20 13:55:12 - [TEST_STEP][PASSED] - openBrowser("https://dev-getvaccine-16.netlify.app/admin/"): Browser is opened with url: 'https://dev-getvaccine-16.netlify.app/admin/'

2022-07-20 13:55:12 - [MESSAGE][WARNING] - A browser is already opened. Closing browser and opening a new one

2022-07-20 13:55:13 - [MESSAGE][INFO] - Starting 'Chrome' driver

2022-07-20 13:55:13 - [MESSAGE][INFO] - Action delay is set to 0 milliseconds

2022-07-20 13:56:16 - [MESSAGE][PASSED] - Browser is opened with url: 'https://dev-getvaccine-16.netlify.app/admin/'

2022-07-20 13:56:16 - [TEST_STEP][PASSED] - maximizeWindow(): Current window maximized

2022-07-20 13:56:16 - [MESSAGE][PASSED] - Current window maximized

2022-07-20 13:56:16 - [TEST_STEP][PASSED] - verifyElementPresent(findTestObject("ADMIN/Adm-Login/verify login page"), 0): Object 'Object Repository/ADMIN/Adm-Login/verify login page' is present

2022-07-20 13:56:16 - [MESSAGE][WARNING] - Timeout '0' is invalid. Using default page load timeout: '30'

2022-07-20 13:56:17 - [MESSAGE][PASSED] - Object 'Object Repository/ADMIN/Adm-Login/verify login page' is present

2022-07-20 13:56:17 - [TEST_STEP][PASSED] - click(findTestObject("ADMIN/Adm-Login/username")): Object: 'Object Repository/ADMIN/Adm-Login/username' is clicked on

2022-07-20 13:56:17 - [MESSAGE][PASSED] - Object: 'Object Repository/ADMIN/Adm-Login/username' is clicked on

2022-07-20 13:56:17 - [TEST_STEP][PASSED] - setText(findTestObject("ADMIN/Adm-Login/username"), "harnanda"): Text 'harnanda' is set on object 'Object Repository/ADMIN/Adm-Login/username'

2022-07-20 13:56:18 - [MESSAGE][PASSED] - Text 'harnanda' is set on object 'Object Repository/ADMIN/Adm-Login/username'

2022-07-20 13:56:18 - [TEST_STEP][PASSED] - click(findTestObject("ADMIN/Adm-Login/password")): Object: 'Object Repository/ADMIN/Adm-Login/password' is clicked on

2022-07-20 13:56:19 - [MESSAGE][PASSED] - Object: 'Object Repository/ADMIN/Adm-Login/password' is clicked on

2022-07-20 13:56:19 - [TEST_STEP][PASSED] - setText(findTestObject("ADMIN/Adm-Login/password"), "haha"): Text 'haha' is set on object 'Object Repository/ADMIN/Adm-Login/password'

2022-07-20 13:56:20 - [MESSAGE][PASSED] - Text 'haha' is set on object 'Object Repository/ADMIN/Adm-Login/password'

2022-07-20 13:56:20 - [TEST_STEP][PASSED] - click(findTestObject("ADMIN/Adm-Login/eye")): Object: 'Object Repository/ADMIN/Adm-Login/eye' is clicked on

2022-07-20 13:56:20 - [MESSAGE][PASSED] - Object: 'Object Repository/ADMIN/Adm-Login/eye' is clicked on

2022-07-20 13:56:20 - [TEST_STEP][PASSED] - click(findTestObject("ADMIN/Adm-Login/btn login")): Object: 'Object Repository/ADMIN/Adm-Login/btn login' is clicked on

2022-07-20 13:56:21 - [MESSAGE][PASSED] - Object: 'Object Repository/ADMIN/Adm-Login/btn login' is clicked on

2022-07-20 13:56:21 - [MESSAGE][PASSED] - Call Test Case 'Test Cases/ADMIN/AUTH/Positif/TC_LoginPositif' successfully

2022-07-20 13:56:21 - [TEST_STEP][PASSED] - click(findTestObject("Object Repository/ADMIN/Page_Dashboard Admin  GetVaccine/a_Overview")): Object: 'Object Repository/ADMIN/Page_Dashboard Admin  GetVaccine/a_Overview' is clicked on

2022-07-20 13:56:24 - [MESSAGE][PASSED] - Object: 'Object Repository/ADMIN/Page_Dashboard Admin  GetVaccine/a_Overview' is clicked on

2022-07-20 13:56:24 - [TEST_STEP][PASSED] - click(findTestObject("Object Repository/ADMIN/Page_Dashboard Admin  GetVaccine/a_Kelola Sesi")): Object: 'Object Repository/ADMIN/Page_Dashboard Admin  GetVaccine/a_Kelola Sesi' is clicked on

2022-07-20 13:56:25 - [MESSAGE][PASSED] - Object: 'Object Repository/ADMIN/Page_Dashboard Admin  GetVaccine/a_Kelola Sesi' is clicked on

2022-07-20 13:56:25 - [TEST_STEP][PASSED] - click(findTestObject("Object Repository/ADMIN/Page_Kelola Sesi  GetVaccine/button_Tambah Data")): Object: 'Object Repository/ADMIN/Page_Kelola Sesi  GetVaccine/button_Tambah Data' is clicked on

2022-07-20 13:56:31 - [MESSAGE][PASSED] - Object: 'Object Repository/ADMIN/Page_Kelola Sesi  GetVaccine/button_Tambah Data' is clicked on

2022-07-20 13:56:31 - [TEST_STEP][PASSED] - click(findTestObject("Object Repository/ADMIN/Page_Kelola Sesi  GetVaccine/button_Tambah Sesi")): Object: 'Object Repository/ADMIN/Page_Kelola Sesi  GetVaccine/button_Tambah Sesi' is clicked on

2022-07-20 13:56:32 - [MESSAGE][PASSED] - Object: 'Object Repository/ADMIN/Page_Kelola Sesi  GetVaccine/button_Tambah Sesi' is clicked on

2022-07-20 13:56:32 - [TEST_STEP][PASSED] - click(findTestObject("Object Repository/ADMIN/Page_Kelola Sesi  GetVaccine/div_Jenis vaksin harus diisi")): Object: 'Object Repository/ADMIN/Page_Kelola Sesi  GetVaccine/div_Jenis vaksin harus diisi' is clicked on

2022-07-20 13:56:32 - [MESSAGE][PASSED] - Object: 'Object Repository/ADMIN/Page_Kelola Sesi  GetVaccine/div_Jenis vaksin harus diisi' is clicked on

2022-07-20 13:56:32 - [TEST_STEP][PASSED] - click(findTestObject("Object Repository/ADMIN/Page_Kelola Sesi  GetVaccine/div_Tanggal sesi harus diisi")): Object: 'Object Repository/ADMIN/Page_Kelola Sesi  GetVaccine/div_Tanggal sesi harus diisi' is clicked on

2022-07-20 13:56:33 - [MESSAGE][PASSED] - Object: 'Object Repository/ADMIN/Page_Kelola Sesi  GetVaccine/div_Tanggal sesi harus diisi' is clicked on

2022-07-20 13:56:33 - [TEST_STEP][PASSED] - click(findTestObject("Object Repository/ADMIN/Page_Kelola Sesi  GetVaccine/div_Jam mulai sesi harus diisi")): Object: 'Object Repository/ADMIN/Page_Kelola Sesi  GetVaccine/div_Jam mulai sesi harus diisi' is clicked on

2022-07-20 13:56:34 - [MESSAGE][PASSED] - Object: 'Object Repository/ADMIN/Page_Kelola Sesi  GetVaccine/div_Jam mulai sesi harus diisi' is clicked on

2022-07-20 13:56:34 - [TEST_STEP][PASSED] - click(findTestObject("Object Repository/ADMIN/Page_Kelola Sesi  GetVaccine/div_Jam selesai sesi harus diisi")): Object: 'Object Repository/ADMIN/Page_Kelola Sesi  GetVaccine/div_Jam selesai sesi harus diisi' is clicked on

2022-07-20 13:56:34 - [MESSAGE][PASSED] - Object: 'Object Repository/ADMIN/Page_Kelola Sesi  GetVaccine/div_Jam selesai sesi harus diisi' is clicked on

2022-07-20 13:56:34 - [TEST_STEP][PASSED] - click(findTestObject("Object Repository/ADMIN/Page_Kelola Sesi  GetVaccine/div_Kuota vaksinasi harus diisi")): Object: 'Object Repository/ADMIN/Page_Kelola Sesi  GetVaccine/div_Kuota vaksinasi harus diisi' is clicked on

2022-07-20 13:56:34 - [MESSAGE][PASSED] - Object: 'Object Repository/ADMIN/Page_Kelola Sesi  GetVaccine/div_Kuota vaksinasi harus diisi' is clicked on

2022-07-20 13:56:34 - [TEST_STEP][PASSED] - click(findTestObject("Object Repository/ADMIN/Page_Kelola Sesi  GetVaccine/span_No Data_ant-modal-close-x")): Object: 'Object Repository/ADMIN/Page_Kelola Sesi  GetVaccine/span_No Data_ant-modal-close-x' is clicked on

2022-07-20 13:56:35 - [MESSAGE][PASSED] - Object: 'Object Repository/ADMIN/Page_Kelola Sesi  GetVaccine/span_No Data_ant-modal-close-x' is clicked on]]></system-out>
         <system-err><![CDATA[]]></system-err>
      </testcase>
      <testcase name="Test Cases/ADMIN/KELOLA SESI/TCT03_Tambah Data Sesi" time="17.257" classname="Test Cases/ADMIN/KELOLA SESI/TCT03_Tambah Data Sesi" status="PASSED">
         <system-out><![CDATA[2022-07-20 13:56:35 - [TEST_CASE][PASSED] - Test Cases/ADMIN/KELOLA SESI/TCT03_Tambah Data Sesi: Test Cases/ADMIN/KELOLA SESI/TCT03_Tambah Data Sesi

2022-07-20 13:56:36 - [TEST_STEP][PASSED] - click(findTestObject("ADMIN/Page_Dashboard Admin  GetVaccine/a_Overview")): Object: 'Object Repository/ADMIN/Page_Dashboard Admin  GetVaccine/a_Overview' is clicked on

2022-07-20 13:56:36 - [MESSAGE][PASSED] - Object: 'Object Repository/ADMIN/Page_Dashboard Admin  GetVaccine/a_Overview' is clicked on

2022-07-20 13:56:36 - [TEST_STEP][PASSED] - click(findTestObject("Object Repository/ADMIN/Page_Dashboard Admin  GetVaccine/a_Kelola Sesi")): Object: 'Object Repository/ADMIN/Page_Dashboard Admin  GetVaccine/a_Kelola Sesi' is clicked on

2022-07-20 13:56:39 - [MESSAGE][PASSED] - Object: 'Object Repository/ADMIN/Page_Dashboard Admin  GetVaccine/a_Kelola Sesi' is clicked on

2022-07-20 13:56:39 - [TEST_STEP][PASSED] - click(findTestObject("Object Repository/ADMIN/Page_Kelola Sesi  GetVaccine/button_Tambah Data")): Object: 'Object Repository/ADMIN/Page_Kelola Sesi  GetVaccine/button_Tambah Data' is clicked on

2022-07-20 13:56:41 - [MESSAGE][PASSED] - Object: 'Object Repository/ADMIN/Page_Kelola Sesi  GetVaccine/button_Tambah Data' is clicked on

2022-07-20 13:56:41 - [TEST_STEP][PASSED] - click(findTestObject("Object Repository/ADMIN/Page_Kelola Sesi  GetVaccine/div_MODERNA")): Object: 'Object Repository/ADMIN/Page_Kelola Sesi  GetVaccine/div_MODERNA' is clicked on

2022-07-20 13:56:46 - [MESSAGE][PASSED] - Object: 'Object Repository/ADMIN/Page_Kelola Sesi  GetVaccine/div_MODERNA' is clicked on

2022-07-20 13:56:46 - [TEST_STEP][PASSED] - click(findTestObject("Object Repository/ADMIN/Page_Kelola Sesi  GetVaccine/input_Tanggal Sesi_vaccination_date")): Object: 'Object Repository/ADMIN/Page_Kelola Sesi  GetVaccine/input_Tanggal Sesi_vaccination_date' is clicked on

2022-07-20 13:56:47 - [MESSAGE][PASSED] - Object: 'Object Repository/ADMIN/Page_Kelola Sesi  GetVaccine/input_Tanggal Sesi_vaccination_date' is clicked on

2022-07-20 13:56:47 - [TEST_STEP][PASSED] - click(findTestObject("Object Repository/ADMIN/Page_Kelola Sesi  GetVaccine/div_20")): Object: 'Object Repository/ADMIN/Page_Kelola Sesi  GetVaccine/div_20' is clicked on

2022-07-20 13:56:47 - [MESSAGE][PASSED] - Object: 'Object Repository/ADMIN/Page_Kelola Sesi  GetVaccine/div_20' is clicked on

2022-07-20 13:56:47 - [TEST_STEP][PASSED] - click(findTestObject("Object Repository/ADMIN/Page_Kelola Sesi  GetVaccine/input_Jam Mulai Sesi_operational_hour_start")): Object: 'Object Repository/ADMIN/Page_Kelola Sesi  GetVaccine/input_Jam Mulai Sesi_operational_hour_start' is clicked on

2022-07-20 13:56:48 - [MESSAGE][PASSED] - Object: 'Object Repository/ADMIN/Page_Kelola Sesi  GetVaccine/input_Jam Mulai Sesi_operational_hour_start' is clicked on

2022-07-20 13:56:48 - [TEST_STEP][PASSED] - click(findTestObject("Object Repository/ADMIN/Page_Kelola Sesi  GetVaccine/div_07")): Object: 'Object Repository/ADMIN/Page_Kelola Sesi  GetVaccine/div_07' is clicked on

2022-07-20 13:56:49 - [MESSAGE][PASSED] - Object: 'Object Repository/ADMIN/Page_Kelola Sesi  GetVaccine/div_07' is clicked on

2022-07-20 13:56:49 - [TEST_STEP][PASSED] - click(findTestObject("Object Repository/ADMIN/Page_Kelola Sesi  GetVaccine/button_OK")): Object: 'Object Repository/ADMIN/Page_Kelola Sesi  GetVaccine/button_OK' is clicked on

2022-07-20 13:56:49 - [MESSAGE][PASSED] - Object: 'Object Repository/ADMIN/Page_Kelola Sesi  GetVaccine/button_OK' is clicked on

2022-07-20 13:56:49 - [TEST_STEP][PASSED] - click(findTestObject("Object Repository/ADMIN/Page_Kelola Sesi  GetVaccine/input_Jam Selesai Sesi_operational_hour_end")): Object: 'Object Repository/ADMIN/Page_Kelola Sesi  GetVaccine/input_Jam Selesai Sesi_operational_hour_end' is clicked on

2022-07-20 13:56:50 - [MESSAGE][PASSED] - Object: 'Object Repository/ADMIN/Page_Kelola Sesi  GetVaccine/input_Jam Selesai Sesi_operational_hour_end' is clicked on

2022-07-20 13:56:50 - [TEST_STEP][PASSED] - click(findTestObject("Object Repository/ADMIN/Page_Kelola Sesi  GetVaccine/a_Now")): Object: 'Object Repository/ADMIN/Page_Kelola Sesi  GetVaccine/a_Now' is clicked on

2022-07-20 13:56:51 - [MESSAGE][PASSED] - Object: 'Object Repository/ADMIN/Page_Kelola Sesi  GetVaccine/a_Now' is clicked on

2022-07-20 13:56:51 - [TEST_STEP][PASSED] - setText(findTestObject("Object Repository/ADMIN/Page_Kelola Sesi  GetVaccine/input_Kuota_quota"), "100"): Text '100' is set on object 'Object Repository/ADMIN/Page_Kelola Sesi  GetVaccine/input_Kuota_quota'

2022-07-20 13:56:52 - [MESSAGE][PASSED] - Text '100' is set on object 'Object Repository/ADMIN/Page_Kelola Sesi  GetVaccine/input_Kuota_quota'

2022-07-20 13:56:52 - [TEST_STEP][PASSED] - click(findTestObject("Object Repository/ADMIN/Page_Kelola Sesi  GetVaccine/button_Tambah Sesi")): Object: 'Object Repository/ADMIN/Page_Kelola Sesi  GetVaccine/button_Tambah Sesi' is clicked on

2022-07-20 13:56:52 - [MESSAGE][PASSED] - Object: 'Object Repository/ADMIN/Page_Kelola Sesi  GetVaccine/button_Tambah Sesi' is clicked on]]></system-out>
         <system-err><![CDATA[]]></system-err>
      </testcase>
      <testcase name="Test Cases/ADMIN/KELOLA SESI/TC_Edit Sesi" time="11.024" classname="Test Cases/ADMIN/KELOLA SESI/TC_Edit Sesi" status="PASSED">
         <system-out><![CDATA[2022-07-20 13:56:52 - [TEST_CASE][PASSED] - Test Cases/ADMIN/KELOLA SESI/TC_Edit Sesi: Test Cases/ADMIN/KELOLA SESI/TC_Edit Sesi

2022-07-20 13:56:53 - [TEST_STEP][PASSED] - click(findTestObject("ADMIN/Dashboard/overview")): Object: 'Object Repository/ADMIN/Dashboard/overview' is clicked on

2022-07-20 13:56:54 - [MESSAGE][PASSED] - Object: 'Object Repository/ADMIN/Dashboard/overview' is clicked on

2022-07-20 13:56:54 - [TEST_STEP][PASSED] - click(findTestObject("ADMIN/Kelola Sesi/SEARCH/kelola sesi")): Object: 'Object Repository/ADMIN/Kelola Sesi/SEARCH/kelola sesi' is clicked on

2022-07-20 13:56:59 - [MESSAGE][PASSED] - Object: 'Object Repository/ADMIN/Kelola Sesi/SEARCH/kelola sesi' is clicked on

2022-07-20 13:56:59 - [TEST_STEP][PASSED] - click(findTestObject("ADMIN/Kelola Sesi/EDIT SESI/edit btn")): Object: 'Object Repository/ADMIN/Kelola Sesi/EDIT SESI/edit btn' is clicked on

2022-07-20 13:57:01 - [MESSAGE][PASSED] - Object: 'Object Repository/ADMIN/Kelola Sesi/EDIT SESI/edit btn' is clicked on

2022-07-20 13:57:01 - [TEST_STEP][PASSED] - click(findTestObject("ADMIN/Kelola Sesi/TAMBAH DATA/Page_Kelola Sesi  GetVaccine/input_Jam Mulai Sesi_operational_hour_start")): Object: 'Object Repository/ADMIN/Kelola Sesi/TAMBAH DATA/Page_Kelola Sesi  GetVaccine/input_Jam Mulai Sesi_operational_hour_start' is clicked on

2022-07-20 13:57:01 - [MESSAGE][PASSED] - Object: 'Object Repository/ADMIN/Kelola Sesi/TAMBAH DATA/Page_Kelola Sesi  GetVaccine/input_Jam Mulai Sesi_operational_hour_start' is clicked on

2022-07-20 13:57:01 - [TEST_STEP][PASSED] - click(findTestObject("ADMIN/Page_Kelola Sesi  GetVaccine/div_10"), STOP_ON_FAILURE): Object: 'Object Repository/ADMIN/Page_Kelola Sesi  GetVaccine/div_10' is clicked on

2022-07-20 13:57:02 - [MESSAGE][PASSED] - Object: 'Object Repository/ADMIN/Page_Kelola Sesi  GetVaccine/div_10' is clicked on

2022-07-20 13:57:02 - [TEST_STEP][PASSED] - click(findTestObject("ADMIN/Kelola Sesi/EDIT SESI/BTN ON")): Object: 'Object Repository/ADMIN/Kelola Sesi/EDIT SESI/BTN ON' is clicked on

2022-07-20 13:57:02 - [MESSAGE][PASSED] - Object: 'Object Repository/ADMIN/Kelola Sesi/EDIT SESI/BTN ON' is clicked on

2022-07-20 13:57:02 - [TEST_STEP][PASSED] - verifyElementClickable(findTestObject("ADMIN/Page_Kelola Sesi  GetVaccine/button_Update Sesi")): Object 'Object Repository/ADMIN/Page_Kelola Sesi  GetVaccine/button_Update Sesi' is clickable

2022-07-20 13:57:03 - [MESSAGE][PASSED] - Object 'Object Repository/ADMIN/Page_Kelola Sesi  GetVaccine/button_Update Sesi' is clickable

2022-07-20 13:57:03 - [TEST_STEP][PASSED] - verifyElementPresent(findTestObject("ADMIN/Kelola Sesi/EDIT SESI/verify berhasil edit"), 0): Object 'Object Repository/ADMIN/Kelola Sesi/EDIT SESI/verify berhasil edit' is present

2022-07-20 13:57:03 - [MESSAGE][WARNING] - Timeout '0' is invalid. Using default page load timeout: '30'

2022-07-20 13:57:03 - [MESSAGE][PASSED] - Object 'Object Repository/ADMIN/Kelola Sesi/EDIT SESI/verify berhasil edit' is present]]></system-out>
         <system-err><![CDATA[]]></system-err>
      </testcase>
      <testcase name="Test Cases/ADMIN/KELOLA SESI/Negatif/TCE03_Edit Without Fill All field" time="61.074" classname="Test Cases/ADMIN/KELOLA SESI/Negatif/TCE03_Edit Without Fill All field" status="PASSED">
         <system-out><![CDATA[2022-07-20 13:57:03 - [TEST_CASE][PASSED] - Test Cases/ADMIN/KELOLA SESI/Negatif/TCE03_Edit Without Fill All field: Test Cases/ADMIN/KELOLA SESI/Negatif/TCE03_Edit Without Fill All field

2022-07-20 13:57:04 - [TEST_STEP][PASSED] - click(findTestObject("Object Repository/ADMIN/Page_Dashboard Admin  GetVaccine/a_Overview")): Object: 'Object Repository/ADMIN/Page_Dashboard Admin  GetVaccine/a_Overview' is clicked on

2022-07-20 13:57:07 - [MESSAGE][PASSED] - Object: 'Object Repository/ADMIN/Page_Dashboard Admin  GetVaccine/a_Overview' is clicked on

2022-07-20 13:57:07 - [TEST_STEP][PASSED] - click(findTestObject("Object Repository/ADMIN/Page_Dashboard Admin  GetVaccine/a_Kelola Sesi")): Object: 'Object Repository/ADMIN/Page_Dashboard Admin  GetVaccine/a_Kelola Sesi' is clicked on

2022-07-20 13:57:37 - [MESSAGE][PASSED] - Object: 'Object Repository/ADMIN/Page_Dashboard Admin  GetVaccine/a_Kelola Sesi' is clicked on

2022-07-20 13:57:37 - [TEST_STEP][PASSED] - click(findTestObject("Object Repository/ADMIN/Page_Kelola Sesi  GetVaccine/svg")): Object: 'Object Repository/ADMIN/Page_Kelola Sesi  GetVaccine/svg' is clicked on

2022-07-20 13:57:39 - [MESSAGE][PASSED] - Object: 'Object Repository/ADMIN/Page_Kelola Sesi  GetVaccine/svg' is clicked on

2022-07-20 13:57:39 - [TEST_STEP][PASSED] - setText(findTestObject("Object Repository/ADMIN/Page_Kelola Sesi  GetVaccine/input_Kuota_quota"), ""): Text '' is set on object 'Object Repository/ADMIN/Page_Kelola Sesi  GetVaccine/input_Kuota_quota'

2022-07-20 13:57:40 - [MESSAGE][PASSED] - Text '' is set on object 'Object Repository/ADMIN/Page_Kelola Sesi  GetVaccine/input_Kuota_quota'

2022-07-20 13:57:40 - [TEST_STEP][PASSED] - verifyElementPresent(findTestObject("Object Repository/ADMIN/Page_Kelola Sesi  GetVaccine/div_Tanggal sesi harus diisi"), 0): Object 'Object Repository/ADMIN/Page_Kelola Sesi  GetVaccine/div_Tanggal sesi harus diisi' is present

2022-07-20 13:57:40 - [MESSAGE][WARNING] - Timeout '0' is invalid. Using default page load timeout: '30'

2022-07-20 13:57:46 - [MESSAGE][PASSED] - Object 'Object Repository/ADMIN/Page_Kelola Sesi  GetVaccine/div_Tanggal sesi harus diisi' is present

2022-07-20 13:57:46 - [TEST_STEP][PASSED] - verifyElementPresent(findTestObject("Object Repository/ADMIN/Page_Kelola Sesi  GetVaccine/div_Jam mulai sesi harus diisi"), 0): Object 'Object Repository/ADMIN/Page_Kelola Sesi  GetVaccine/div_Jam mulai sesi harus diisi' is present

2022-07-20 13:57:47 - [MESSAGE][WARNING] - Timeout '0' is invalid. Using default page load timeout: '30'

2022-07-20 13:57:54 - [MESSAGE][PASSED] - Object 'Object Repository/ADMIN/Page_Kelola Sesi  GetVaccine/div_Jam mulai sesi harus diisi' is present

2022-07-20 13:57:54 - [TEST_STEP][PASSED] - verifyElementPresent(findTestObject("Object Repository/ADMIN/Page_Kelola Sesi  GetVaccine/div_Jam selesai sesi harus diisi"), 0): Object 'Object Repository/ADMIN/Page_Kelola Sesi  GetVaccine/div_Jam selesai sesi harus diisi' is present

2022-07-20 13:57:54 - [MESSAGE][WARNING] - Timeout '0' is invalid. Using default page load timeout: '30'

2022-07-20 13:58:02 - [MESSAGE][PASSED] - Object 'Object Repository/ADMIN/Page_Kelola Sesi  GetVaccine/div_Jam selesai sesi harus diisi' is present

2022-07-20 13:58:02 - [TEST_STEP][PASSED] - verifyElementPresent(findTestObject("Object Repository/ADMIN/Page_Kelola Sesi  GetVaccine/div_Kuota vaksinasi harus diisi"), 0): Object 'Object Repository/ADMIN/Page_Kelola Sesi  GetVaccine/div_Kuota vaksinasi harus diisi' is present

2022-07-20 13:58:02 - [MESSAGE][WARNING] - Timeout '0' is invalid. Using default page load timeout: '30'

2022-07-20 13:58:04 - [MESSAGE][PASSED] - Object 'Object Repository/ADMIN/Page_Kelola Sesi  GetVaccine/div_Kuota vaksinasi harus diisi' is present

2022-07-20 13:58:04 - [TEST_STEP][PASSED] - click(findTestObject("Object Repository/ADMIN/Page_Kelola Sesi  GetVaccine/span_Edit_ant-modal-close-x")): Object: 'Object Repository/ADMIN/Page_Kelola Sesi  GetVaccine/span_Edit_ant-modal-close-x' is clicked on

2022-07-20 13:58:04 - [MESSAGE][PASSED] - Object: 'Object Repository/ADMIN/Page_Kelola Sesi  GetVaccine/span_Edit_ant-modal-close-x' is clicked on]]></system-out>
         <system-err><![CDATA[]]></system-err>
      </testcase>
      <testcase name="Test Cases/ADMIN/KELOLA SESI/Negatif/TCE02_Edit Without Fill one field" time="7.946" classname="Test Cases/ADMIN/KELOLA SESI/Negatif/TCE02_Edit Without Fill one field" status="PASSED">
         <system-out><![CDATA[2022-07-20 13:58:04 - [TEST_CASE][PASSED] - Test Cases/ADMIN/KELOLA SESI/Negatif/TCE02_Edit Without Fill one field: Test Cases/ADMIN/KELOLA SESI/Negatif/TCE02_Edit Without Fill one field

2022-07-20 13:58:05 - [TEST_STEP][PASSED] - click(findTestObject("Object Repository/ADMIN/Page_Dashboard Admin  GetVaccine/a_Overview")): Object: 'Object Repository/ADMIN/Page_Dashboard Admin  GetVaccine/a_Overview' is clicked on

2022-07-20 13:58:06 - [MESSAGE][PASSED] - Object: 'Object Repository/ADMIN/Page_Dashboard Admin  GetVaccine/a_Overview' is clicked on

2022-07-20 13:58:06 - [TEST_STEP][PASSED] - click(findTestObject("Object Repository/ADMIN/Page_Dashboard Admin  GetVaccine/a_Kelola Sesi")): Object: 'Object Repository/ADMIN/Page_Dashboard Admin  GetVaccine/a_Kelola Sesi' is clicked on

2022-07-20 13:58:07 - [MESSAGE][PASSED] - Object: 'Object Repository/ADMIN/Page_Dashboard Admin  GetVaccine/a_Kelola Sesi' is clicked on

2022-07-20 13:58:07 - [TEST_STEP][PASSED] - click(findTestObject("Object Repository/ADMIN/Page_Kelola Sesi  GetVaccine/button_Dosis 2_ant-btn ant-btn-default Sess_f4103d")): Object: 'Object Repository/ADMIN/Page_Kelola Sesi  GetVaccine/button_Dosis 2_ant-btn ant-btn-default Sess_f4103d' is clicked on

2022-07-20 13:58:09 - [MESSAGE][PASSED] - Object: 'Object Repository/ADMIN/Page_Kelola Sesi  GetVaccine/button_Dosis 2_ant-btn ant-btn-default Sess_f4103d' is clicked on

2022-07-20 13:58:09 - [TEST_STEP][PASSED] - click(findTestObject("Object Repository/ADMIN/Page_Kelola Sesi  GetVaccine/input_Jam Mulai Sesi_operational_hour_start")): Object: 'Object Repository/ADMIN/Page_Kelola Sesi  GetVaccine/input_Jam Mulai Sesi_operational_hour_start' is clicked on

2022-07-20 13:58:09 - [MESSAGE][PASSED] - Object: 'Object Repository/ADMIN/Page_Kelola Sesi  GetVaccine/input_Jam Mulai Sesi_operational_hour_start' is clicked on

2022-07-20 13:58:09 - [TEST_STEP][PASSED] - click(findTestObject("Object Repository/ADMIN/Page_Kelola Sesi  GetVaccine/div_Jam mulai sesi harus diisi")): Object: 'Object Repository/ADMIN/Page_Kelola Sesi  GetVaccine/div_Jam mulai sesi harus diisi' is clicked on

2022-07-20 13:58:12 - [MESSAGE][PASSED] - Object: 'Object Repository/ADMIN/Page_Kelola Sesi  GetVaccine/div_Jam mulai sesi harus diisi' is clicked on

2022-07-20 13:58:12 - [TEST_STEP][PASSED] - click(findTestObject("Object Repository/ADMIN/Page_Kelola Sesi  GetVaccine/span_Edit_ant-modal-close-x")): Object: 'Object Repository/ADMIN/Page_Kelola Sesi  GetVaccine/span_Edit_ant-modal-close-x' is clicked on

2022-07-20 13:58:12 - [MESSAGE][PASSED] - Object: 'Object Repository/ADMIN/Page_Kelola Sesi  GetVaccine/span_Edit_ant-modal-close-x' is clicked on]]></system-out>
         <system-err><![CDATA[]]></system-err>
      </testcase>
      <testcase name="Test Cases/ADMIN/KELOLA SESI/TC_Search" time="56.333" classname="Test Cases/ADMIN/KELOLA SESI/TC_Search" status="PASSED">
         <system-out><![CDATA[2022-07-20 13:58:12 - [TEST_CASE][PASSED] - Test Cases/ADMIN/KELOLA SESI/TC_Search: Test Cases/ADMIN/KELOLA SESI/TC_Search

2022-07-20 13:58:13 - [TEST_STEP][PASSED] - for ([i = 1, i <= 5, (i++)]): Object 'Object Repository/ADMIN/Kelola Sesi/SEARCH/sinopharm' is present

2022-07-20 13:58:13 - [TEST_STEP][PASSED] - click(findTestObject("ADMIN/Dashboard/overview")): Object: 'Object Repository/ADMIN/Dashboard/overview' is clicked on

2022-07-20 13:58:13 - [MESSAGE][PASSED] - Object: 'Object Repository/ADMIN/Dashboard/overview' is clicked on

2022-07-20 13:58:13 - [TEST_STEP][PASSED] - click(findTestObject("ADMIN/Kelola Sesi/SEARCH/kelola sesi")): Object: 'Object Repository/ADMIN/Kelola Sesi/SEARCH/kelola sesi' is clicked on

2022-07-20 13:58:44 - [MESSAGE][PASSED] - Object: 'Object Repository/ADMIN/Kelola Sesi/SEARCH/kelola sesi' is clicked on

2022-07-20 13:58:44 - [TEST_STEP][PASSED] - click(findTestObject("ADMIN/Kelola Sesi/SEARCH/Search bar")): Object: 'Object Repository/ADMIN/Kelola Sesi/SEARCH/Search bar' is clicked on

2022-07-20 13:58:45 - [MESSAGE][PASSED] - Object: 'Object Repository/ADMIN/Kelola Sesi/SEARCH/Search bar' is clicked on

2022-07-20 13:58:45 - [TEST_STEP][PASSED] - setText(findTestObject("ADMIN/Kelola Sesi/SEARCH/Search bar"), findTestData("ADMIN/Search Sesi").getValue(1, i)): Text 'asd' is set on object 'Object Repository/ADMIN/Kelola Sesi/SEARCH/Search bar'

2022-07-20 13:58:46 - [MESSAGE][PASSED] - Text 'asd' is set on object 'Object Repository/ADMIN/Kelola Sesi/SEARCH/Search bar'

2022-07-20 13:58:46 - [TEST_STEP][PASSED] - click(findTestObject("ADMIN/Kelola Sesi/SEARCH/btn search")): Object: 'Object Repository/ADMIN/Kelola Sesi/SEARCH/btn search' is clicked on

2022-07-20 13:58:46 - [MESSAGE][PASSED] - Object: 'Object Repository/ADMIN/Kelola Sesi/SEARCH/btn search' is clicked on

2022-07-20 13:58:46 - [TEST_STEP][PASSED] - if (i == 1 | i == 2): Object 'Object Repository/ADMIN/Kelola Sesi/SEARCH/verify no data' is present

2022-07-20 13:58:46 - [TEST_STEP][PASSED] - verifyElementPresent(findTestObject("ADMIN/Kelola Sesi/SEARCH/verify no data"), 0): Object 'Object Repository/ADMIN/Kelola Sesi/SEARCH/verify no data' is present

2022-07-20 13:58:47 - [MESSAGE][WARNING] - Timeout '0' is invalid. Using default page load timeout: '30'

2022-07-20 13:58:47 - [MESSAGE][PASSED] - Object 'Object Repository/ADMIN/Kelola Sesi/SEARCH/verify no data' is present

2022-07-20 13:58:47 - [TEST_STEP][PASSED] - click(findTestObject("ADMIN/Dashboard/overview")): Object: 'Object Repository/ADMIN/Dashboard/overview' is clicked on

2022-07-20 13:58:47 - [MESSAGE][PASSED] - Object: 'Object Repository/ADMIN/Dashboard/overview' is clicked on

2022-07-20 13:58:47 - [TEST_STEP][PASSED] - click(findTestObject("ADMIN/Kelola Sesi/SEARCH/kelola sesi")): Object: 'Object Repository/ADMIN/Kelola Sesi/SEARCH/kelola sesi' is clicked on

2022-07-20 13:58:49 - [MESSAGE][PASSED] - Object: 'Object Repository/ADMIN/Kelola Sesi/SEARCH/kelola sesi' is clicked on

2022-07-20 13:58:49 - [TEST_STEP][PASSED] - click(findTestObject("ADMIN/Kelola Sesi/SEARCH/Search bar")): Object: 'Object Repository/ADMIN/Kelola Sesi/SEARCH/Search bar' is clicked on

2022-07-20 13:58:51 - [MESSAGE][PASSED] - Object: 'Object Repository/ADMIN/Kelola Sesi/SEARCH/Search bar' is clicked on

2022-07-20 13:58:51 - [TEST_STEP][PASSED] - setText(findTestObject("ADMIN/Kelola Sesi/SEARCH/Search bar"), findTestData("ADMIN/Search Sesi").getValue(1, i)): Text 'dosis 3' is set on object 'Object Repository/ADMIN/Kelola Sesi/SEARCH/Search bar'

2022-07-20 13:58:52 - [MESSAGE][PASSED] - Text 'dosis 3' is set on object 'Object Repository/ADMIN/Kelola Sesi/SEARCH/Search bar'

2022-07-20 13:58:52 - [TEST_STEP][PASSED] - click(findTestObject("ADMIN/Kelola Sesi/SEARCH/btn search")): Object: 'Object Repository/ADMIN/Kelola Sesi/SEARCH/btn search' is clicked on

2022-07-20 13:58:53 - [MESSAGE][PASSED] - Object: 'Object Repository/ADMIN/Kelola Sesi/SEARCH/btn search' is clicked on

2022-07-20 13:58:53 - [TEST_STEP][PASSED] - if (i == 1 | i == 2): Object 'Object Repository/ADMIN/Kelola Sesi/SEARCH/verify no data' is present

2022-07-20 13:58:53 - [TEST_STEP][PASSED] - verifyElementPresent(findTestObject("ADMIN/Kelola Sesi/SEARCH/verify no data"), 0): Object 'Object Repository/ADMIN/Kelola Sesi/SEARCH/verify no data' is present

2022-07-20 13:58:53 - [MESSAGE][WARNING] - Timeout '0' is invalid. Using default page load timeout: '30'

2022-07-20 13:58:53 - [MESSAGE][PASSED] - Object 'Object Repository/ADMIN/Kelola Sesi/SEARCH/verify no data' is present

2022-07-20 13:58:53 - [TEST_STEP][PASSED] - click(findTestObject("ADMIN/Dashboard/overview")): Object: 'Object Repository/ADMIN/Dashboard/overview' is clicked on

2022-07-20 13:58:54 - [MESSAGE][PASSED] - Object: 'Object Repository/ADMIN/Dashboard/overview' is clicked on

2022-07-20 13:58:54 - [TEST_STEP][PASSED] - click(findTestObject("ADMIN/Kelola Sesi/SEARCH/kelola sesi")): Object: 'Object Repository/ADMIN/Kelola Sesi/SEARCH/kelola sesi' is clicked on

2022-07-20 13:58:55 - [MESSAGE][PASSED] - Object: 'Object Repository/ADMIN/Kelola Sesi/SEARCH/kelola sesi' is clicked on

2022-07-20 13:58:55 - [TEST_STEP][PASSED] - click(findTestObject("ADMIN/Kelola Sesi/SEARCH/Search bar")): Object: 'Object Repository/ADMIN/Kelola Sesi/SEARCH/Search bar' is clicked on

2022-07-20 13:58:56 - [MESSAGE][PASSED] - Object: 'Object Repository/ADMIN/Kelola Sesi/SEARCH/Search bar' is clicked on

2022-07-20 13:58:56 - [TEST_STEP][PASSED] - setText(findTestObject("ADMIN/Kelola Sesi/SEARCH/Search bar"), findTestData("ADMIN/Search Sesi").getValue(1, i)): Text 'sinovac' is set on object 'Object Repository/ADMIN/Kelola Sesi/SEARCH/Search bar'

2022-07-20 13:58:57 - [MESSAGE][PASSED] - Text 'sinovac' is set on object 'Object Repository/ADMIN/Kelola Sesi/SEARCH/Search bar'

2022-07-20 13:58:57 - [TEST_STEP][PASSED] - click(findTestObject("ADMIN/Kelola Sesi/SEARCH/btn search")): Object: 'Object Repository/ADMIN/Kelola Sesi/SEARCH/btn search' is clicked on

2022-07-20 13:58:58 - [MESSAGE][PASSED] - Object: 'Object Repository/ADMIN/Kelola Sesi/SEARCH/btn search' is clicked on

2022-07-20 13:58:58 - [TEST_STEP][PASSED] - if (i == 1 | i == 2): null

2022-07-20 13:58:58 - [TEST_STEP][PASSED] - else if (i == 3): Object 'Object Repository/ADMIN/Kelola Sesi/SEARCH/sinopharm' is present

2022-07-20 13:58:58 - [TEST_STEP][PASSED] - verifyElementPresent(findTestObject("ADMIN/Kelola Sesi/SEARCH/sinopharm"), 0): Object 'Object Repository/ADMIN/Kelola Sesi/SEARCH/sinopharm' is present

2022-07-20 13:58:58 - [MESSAGE][WARNING] - Timeout '0' is invalid. Using default page load timeout: '30'

2022-07-20 13:58:58 - [MESSAGE][PASSED] - Object 'Object Repository/ADMIN/Kelola Sesi/SEARCH/sinopharm' is present

2022-07-20 13:58:58 - [TEST_STEP][PASSED] - click(findTestObject("ADMIN/Dashboard/overview")): Object: 'Object Repository/ADMIN/Dashboard/overview' is clicked on

2022-07-20 13:58:59 - [MESSAGE][PASSED] - Object: 'Object Repository/ADMIN/Dashboard/overview' is clicked on

2022-07-20 13:58:59 - [TEST_STEP][PASSED] - click(findTestObject("ADMIN/Kelola Sesi/SEARCH/kelola sesi")): Object: 'Object Repository/ADMIN/Kelola Sesi/SEARCH/kelola sesi' is clicked on

2022-07-20 13:59:00 - [MESSAGE][PASSED] - Object: 'Object Repository/ADMIN/Kelola Sesi/SEARCH/kelola sesi' is clicked on

2022-07-20 13:59:00 - [TEST_STEP][PASSED] - click(findTestObject("ADMIN/Kelola Sesi/SEARCH/Search bar")): Object: 'Object Repository/ADMIN/Kelola Sesi/SEARCH/Search bar' is clicked on

2022-07-20 13:59:02 - [MESSAGE][PASSED] - Object: 'Object Repository/ADMIN/Kelola Sesi/SEARCH/Search bar' is clicked on

2022-07-20 13:59:02 - [TEST_STEP][PASSED] - setText(findTestObject("ADMIN/Kelola Sesi/SEARCH/Search bar"), findTestData("ADMIN/Search Sesi").getValue(1, i)): Text 'dosis' is set on object 'Object Repository/ADMIN/Kelola Sesi/SEARCH/Search bar'

2022-07-20 13:59:03 - [MESSAGE][PASSED] - Text 'dosis' is set on object 'Object Repository/ADMIN/Kelola Sesi/SEARCH/Search bar'

2022-07-20 13:59:03 - [TEST_STEP][PASSED] - click(findTestObject("ADMIN/Kelola Sesi/SEARCH/btn search")): Object: 'Object Repository/ADMIN/Kelola Sesi/SEARCH/btn search' is clicked on

2022-07-20 13:59:03 - [MESSAGE][PASSED] - Object: 'Object Repository/ADMIN/Kelola Sesi/SEARCH/btn search' is clicked on

2022-07-20 13:59:03 - [TEST_STEP][PASSED] - if (i == 1 | i == 2): null

2022-07-20 13:59:03 - [TEST_STEP][PASSED] - else if (i == 3): null

2022-07-20 13:59:03 - [TEST_STEP][PASSED] - else if (i == 4): Object 'Object Repository/ADMIN/Kelola Sesi/SEARCH/sinopharm' is present

2022-07-20 13:59:03 - [TEST_STEP][PASSED] - verifyElementPresent(findTestObject("ADMIN/Kelola Sesi/SEARCH/sinopharm"), 0): Object 'Object Repository/ADMIN/Kelola Sesi/SEARCH/sinopharm' is present

2022-07-20 13:59:03 - [MESSAGE][WARNING] - Timeout '0' is invalid. Using default page load timeout: '30'

2022-07-20 13:59:04 - [MESSAGE][PASSED] - Object 'Object Repository/ADMIN/Kelola Sesi/SEARCH/sinopharm' is present

2022-07-20 13:59:04 - [TEST_STEP][PASSED] - click(findTestObject("ADMIN/Dashboard/overview")): Object: 'Object Repository/ADMIN/Dashboard/overview' is clicked on

2022-07-20 13:59:04 - [MESSAGE][PASSED] - Object: 'Object Repository/ADMIN/Dashboard/overview' is clicked on

2022-07-20 13:59:04 - [TEST_STEP][PASSED] - click(findTestObject("ADMIN/Kelola Sesi/SEARCH/kelola sesi")): Object: 'Object Repository/ADMIN/Kelola Sesi/SEARCH/kelola sesi' is clicked on

2022-07-20 13:59:06 - [MESSAGE][PASSED] - Object: 'Object Repository/ADMIN/Kelola Sesi/SEARCH/kelola sesi' is clicked on

2022-07-20 13:59:06 - [TEST_STEP][PASSED] - click(findTestObject("ADMIN/Kelola Sesi/SEARCH/Search bar")): Object: 'Object Repository/ADMIN/Kelola Sesi/SEARCH/Search bar' is clicked on

2022-07-20 13:59:07 - [MESSAGE][PASSED] - Object: 'Object Repository/ADMIN/Kelola Sesi/SEARCH/Search bar' is clicked on

2022-07-20 13:59:07 - [TEST_STEP][PASSED] - setText(findTestObject("ADMIN/Kelola Sesi/SEARCH/Search bar"), findTestData("ADMIN/Search Sesi").getValue(1, i)): Text '22' is set on object 'Object Repository/ADMIN/Kelola Sesi/SEARCH/Search bar'

2022-07-20 13:59:08 - [MESSAGE][PASSED] - Text '22' is set on object 'Object Repository/ADMIN/Kelola Sesi/SEARCH/Search bar'

2022-07-20 13:59:08 - [TEST_STEP][PASSED] - click(findTestObject("ADMIN/Kelola Sesi/SEARCH/btn search")): Object: 'Object Repository/ADMIN/Kelola Sesi/SEARCH/btn search' is clicked on

2022-07-20 13:59:08 - [MESSAGE][PASSED] - Object: 'Object Repository/ADMIN/Kelola Sesi/SEARCH/btn search' is clicked on

2022-07-20 13:59:08 - [TEST_STEP][PASSED] - if (i == 1 | i == 2): null

2022-07-20 13:59:08 - [TEST_STEP][PASSED] - else if (i == 3): null

2022-07-20 13:59:08 - [TEST_STEP][PASSED] - else if (i == 4): null

2022-07-20 13:59:08 - [TEST_STEP][PASSED] - else: Object 'Object Repository/ADMIN/Kelola Sesi/SEARCH/sinopharm' is present

2022-07-20 13:59:08 - [TEST_STEP][PASSED] - verifyElementPresent(findTestObject("ADMIN/Kelola Sesi/SEARCH/sinopharm"), 0): Object 'Object Repository/ADMIN/Kelola Sesi/SEARCH/sinopharm' is present

2022-07-20 13:59:08 - [MESSAGE][WARNING] - Timeout '0' is invalid. Using default page load timeout: '30'

2022-07-20 13:59:09 - [MESSAGE][PASSED] - Object 'Object Repository/ADMIN/Kelola Sesi/SEARCH/sinopharm' is present]]></system-out>
         <system-err><![CDATA[]]></system-err>
      </testcase>
      <testcase name="Test Cases/ADMIN/KELOLA SESI/TC_View Detail Sesi" time="2.189" classname="Test Cases/ADMIN/KELOLA SESI/TC_View Detail Sesi" status="PASSED">
         <system-out><![CDATA[2022-07-20 13:59:09 - [TEST_CASE][PASSED] - Test Cases/ADMIN/KELOLA SESI/TC_View Detail Sesi: Test Cases/ADMIN/KELOLA SESI/TC_View Detail Sesi

2022-07-20 13:59:09 - [TEST_STEP][PASSED] - click(findTestObject("ADMIN/Kelola Sesi/Detail Sesi/icon detail")): Object: 'Object Repository/ADMIN/Kelola Sesi/Detail Sesi/icon detail' is clicked on

2022-07-20 13:59:10 - [MESSAGE][PASSED] - Object: 'Object Repository/ADMIN/Kelola Sesi/Detail Sesi/icon detail' is clicked on

2022-07-20 13:59:10 - [TEST_STEP][PASSED] - click(findTestObject("ADMIN/Kelola Sesi/Detail Sesi/verify detail sesi page")): Object: 'Object Repository/ADMIN/Kelola Sesi/Detail Sesi/verify detail sesi page' is clicked on

2022-07-20 13:59:11 - [MESSAGE][PASSED] - Object: 'Object Repository/ADMIN/Kelola Sesi/Detail Sesi/verify detail sesi page' is clicked on]]></system-out>
         <system-err><![CDATA[]]></system-err>
      </testcase>
      <testcase name="Test Cases/ADMIN/DETAIL SESI/TC_Download" time="3.719" classname="Test Cases/ADMIN/DETAIL SESI/TC_Download" status="PASSED">
         <system-out><![CDATA[2022-07-20 13:59:11 - [TEST_CASE][PASSED] - Test Cases/ADMIN/DETAIL SESI/TC_Download: Test Cases/ADMIN/DETAIL SESI/TC_Download

2022-07-20 13:59:11 - [TEST_STEP][PASSED] - click(findTestObject("Object Repository/ADMIN/Page_Dashboard Admin  GetVaccine/a_Kelola Sesi")): Object: 'Object Repository/ADMIN/Page_Dashboard Admin  GetVaccine/a_Kelola Sesi' is clicked on

2022-07-20 13:59:12 - [MESSAGE][PASSED] - Object: 'Object Repository/ADMIN/Page_Dashboard Admin  GetVaccine/a_Kelola Sesi' is clicked on

2022-07-20 13:59:12 - [TEST_STEP][PASSED] - click(findTestObject("Object Repository/ADMIN/Page_Kelola Sesi  GetVaccine/a")): Object: 'Object Repository/ADMIN/Page_Kelola Sesi  GetVaccine/a' is clicked on

2022-07-20 13:59:13 - [MESSAGE][PASSED] - Object: 'Object Repository/ADMIN/Page_Kelola Sesi  GetVaccine/a' is clicked on

2022-07-20 13:59:13 - [TEST_STEP][PASSED] - click(findTestObject("Object Repository/ADMIN/Page_Detail Sesi  GetVaccine/div_Download")): Object: 'Object Repository/ADMIN/Page_Detail Sesi  GetVaccine/div_Download' is clicked on

2022-07-20 13:59:14 - [MESSAGE][PASSED] - Object: 'Object Repository/ADMIN/Page_Detail Sesi  GetVaccine/div_Download' is clicked on

2022-07-20 13:59:14 - [TEST_STEP][PASSED] - click(findTestObject("Object Repository/ADMIN/Page_Detail Sesi  GetVaccine/button_Download")): Object: 'Object Repository/ADMIN/Page_Detail Sesi  GetVaccine/button_Download' is clicked on

2022-07-20 13:59:15 - [MESSAGE][PASSED] - Object: 'Object Repository/ADMIN/Page_Detail Sesi  GetVaccine/button_Download' is clicked on]]></system-out>
         <system-err><![CDATA[]]></system-err>
      </testcase>
      <testcase name="Test Cases/ADMIN/DETAIL SESI/TC_Search" time="9.619" classname="Test Cases/ADMIN/DETAIL SESI/TC_Search" status="PASSED">
         <system-out><![CDATA[2022-07-20 13:59:15 - [TEST_CASE][PASSED] - Test Cases/ADMIN/DETAIL SESI/TC_Search: Test Cases/ADMIN/DETAIL SESI/TC_Search

2022-07-20 13:59:16 - [TEST_STEP][PASSED] - for ([i = 1, i <= 2, (i++)]): Object 'Object Repository/ADMIN/Page_Detail Sesi  GetVaccine/td_Haechann' is present

2022-07-20 13:59:16 - [TEST_STEP][PASSED] - click(findTestObject("Object Repository/ADMIN/Page_Dashboard Admin  GetVaccine/a_Kelola Sesi")): Object: 'Object Repository/ADMIN/Page_Dashboard Admin  GetVaccine/a_Kelola Sesi' is clicked on

2022-07-20 13:59:16 - [MESSAGE][PASSED] - Object: 'Object Repository/ADMIN/Page_Dashboard Admin  GetVaccine/a_Kelola Sesi' is clicked on

2022-07-20 13:59:16 - [TEST_STEP][PASSED] - click(findTestObject("Object Repository/ADMIN/Page_Kelola Sesi  GetVaccine/a")): Object: 'Object Repository/ADMIN/Page_Kelola Sesi  GetVaccine/a' is clicked on

2022-07-20 13:59:17 - [MESSAGE][PASSED] - Object: 'Object Repository/ADMIN/Page_Kelola Sesi  GetVaccine/a' is clicked on

2022-07-20 13:59:17 - [TEST_STEP][PASSED] - setText(findTestObject("Object Repository/ADMIN/Page_Detail Sesi  GetVaccine/input_Download_keyword"), findTestData("ADMIN/search pendaftar").getValue(1, i)): Text 'coba' is set on object 'Object Repository/ADMIN/Page_Detail Sesi  GetVaccine/input_Download_keyword'

2022-07-20 13:59:19 - [MESSAGE][PASSED] - Text 'coba' is set on object 'Object Repository/ADMIN/Page_Detail Sesi  GetVaccine/input_Download_keyword'

2022-07-20 13:59:19 - [TEST_STEP][PASSED] - click(findTestObject("Object Repository/ADMIN/Page_Detail Sesi  GetVaccine/button_Download_ant-btn ant-btn-default")): Object: 'Object Repository/ADMIN/Page_Detail Sesi  GetVaccine/button_Download_ant-btn ant-btn-default' is clicked on

2022-07-20 13:59:19 - [MESSAGE][PASSED] - Object: 'Object Repository/ADMIN/Page_Detail Sesi  GetVaccine/button_Download_ant-btn ant-btn-default' is clicked on

2022-07-20 13:59:19 - [TEST_STEP][PASSED] - if (i == 1): Object 'Object Repository/ADMIN/Page_Detail Sesi  GetVaccine/div_No Data' is present

2022-07-20 13:59:19 - [TEST_STEP][PASSED] - verifyElementPresent(findTestObject("Object Repository/ADMIN/Page_Detail Sesi  GetVaccine/div_No Data"), 0): Object 'Object Repository/ADMIN/Page_Detail Sesi  GetVaccine/div_No Data' is present

2022-07-20 13:59:19 - [MESSAGE][WARNING] - Timeout '0' is invalid. Using default page load timeout: '30'

2022-07-20 13:59:20 - [MESSAGE][PASSED] - Object 'Object Repository/ADMIN/Page_Detail Sesi  GetVaccine/div_No Data' is present

2022-07-20 13:59:20 - [TEST_STEP][PASSED] - click(findTestObject("Object Repository/ADMIN/Page_Dashboard Admin  GetVaccine/a_Kelola Sesi")): Object: 'Object Repository/ADMIN/Page_Dashboard Admin  GetVaccine/a_Kelola Sesi' is clicked on

2022-07-20 13:59:20 - [MESSAGE][PASSED] - Object: 'Object Repository/ADMIN/Page_Dashboard Admin  GetVaccine/a_Kelola Sesi' is clicked on

2022-07-20 13:59:20 - [TEST_STEP][PASSED] - click(findTestObject("Object Repository/ADMIN/Page_Kelola Sesi  GetVaccine/a")): Object: 'Object Repository/ADMIN/Page_Kelola Sesi  GetVaccine/a' is clicked on

2022-07-20 13:59:22 - [MESSAGE][PASSED] - Object: 'Object Repository/ADMIN/Page_Kelola Sesi  GetVaccine/a' is clicked on

2022-07-20 13:59:22 - [TEST_STEP][PASSED] - setText(findTestObject("Object Repository/ADMIN/Page_Detail Sesi  GetVaccine/input_Download_keyword"), findTestData("ADMIN/search pendaftar").getValue(1, i)): Text 'haechan' is set on object 'Object Repository/ADMIN/Page_Detail Sesi  GetVaccine/input_Download_keyword'

2022-07-20 13:59:23 - [MESSAGE][PASSED] - Text 'haechan' is set on object 'Object Repository/ADMIN/Page_Detail Sesi  GetVaccine/input_Download_keyword'

2022-07-20 13:59:23 - [TEST_STEP][PASSED] - click(findTestObject("Object Repository/ADMIN/Page_Detail Sesi  GetVaccine/button_Download_ant-btn ant-btn-default")): Object: 'Object Repository/ADMIN/Page_Detail Sesi  GetVaccine/button_Download_ant-btn ant-btn-default' is clicked on

2022-07-20 13:59:24 - [MESSAGE][PASSED] - Object: 'Object Repository/ADMIN/Page_Detail Sesi  GetVaccine/button_Download_ant-btn ant-btn-default' is clicked on

2022-07-20 13:59:24 - [TEST_STEP][PASSED] - if (i == 1): null

2022-07-20 13:59:24 - [TEST_STEP][PASSED] - else: Object 'Object Repository/ADMIN/Page_Detail Sesi  GetVaccine/td_Haechann' is present

2022-07-20 13:59:24 - [TEST_STEP][PASSED] - verifyElementPresent(findTestObject("Object Repository/ADMIN/Page_Detail Sesi  GetVaccine/td_Haechann"), 0): Object 'Object Repository/ADMIN/Page_Detail Sesi  GetVaccine/td_Haechann' is present

2022-07-20 13:59:24 - [MESSAGE][WARNING] - Timeout '0' is invalid. Using default page load timeout: '30'

2022-07-20 13:59:24 - [MESSAGE][PASSED] - Object 'Object Repository/ADMIN/Page_Detail Sesi  GetVaccine/td_Haechann' is present]]></system-out>
         <system-err><![CDATA[]]></system-err>
      </testcase>
      <testcase name="Test Cases/ADMIN/DETAIL SESI/TC_View Detail Pendaftar" time="1.451" classname="Test Cases/ADMIN/DETAIL SESI/TC_View Detail Pendaftar" status="PASSED">
         <system-out><![CDATA[2022-07-20 13:59:24 - [TEST_CASE][PASSED] - Test Cases/ADMIN/DETAIL SESI/TC_View Detail Pendaftar: Test Cases/ADMIN/DETAIL SESI/TC_View Detail Pendaftar

2022-07-20 13:59:25 - [TEST_STEP][PASSED] - click(findTestObject("Object Repository/ADMIN/Page_Detail Sesi  GetVaccine/button_Haechann_ant-btn ant-btn-default Ses_3c6c21")): Object: 'Object Repository/ADMIN/Page_Detail Sesi  GetVaccine/button_Haechann_ant-btn ant-btn-default Ses_3c6c21' is clicked on

2022-07-20 13:59:25 - [MESSAGE][PASSED] - Object: 'Object Repository/ADMIN/Page_Detail Sesi  GetVaccine/button_Haechann_ant-btn ant-btn-default Ses_3c6c21' is clicked on

2022-07-20 13:59:25 - [TEST_STEP][PASSED] - click(findTestObject("Object Repository/ADMIN/Page_Detail Sesi  GetVaccine/button_Selesai")): Object: 'Object Repository/ADMIN/Page_Detail Sesi  GetVaccine/button_Selesai' is clicked on

2022-07-20 13:59:26 - [MESSAGE][PASSED] - Object: 'Object Repository/ADMIN/Page_Detail Sesi  GetVaccine/button_Selesai' is clicked on]]></system-out>
         <system-err><![CDATA[]]></system-err>
      </testcase>
      <testcase name="Test Cases/ADMIN/KELOLA SESI/TC_Delete" time="3.449" classname="Test Cases/ADMIN/KELOLA SESI/TC_Delete" status="PASSED">
         <system-out><![CDATA[2022-07-20 13:59:26 - [TEST_CASE][PASSED] - Test Cases/ADMIN/KELOLA SESI/TC_Delete: Test Cases/ADMIN/KELOLA SESI/TC_Delete

2022-07-20 13:59:26 - [TEST_STEP][PASSED] - click(findTestObject("ADMIN/Kelola Sesi/SEARCH/kelola sesi")): Object: 'Object Repository/ADMIN/Kelola Sesi/SEARCH/kelola sesi' is clicked on

2022-07-20 13:59:27 - [MESSAGE][PASSED] - Object: 'Object Repository/ADMIN/Kelola Sesi/SEARCH/kelola sesi' is clicked on

2022-07-20 13:59:27 - [TEST_STEP][PASSED] - verifyElementPresent(findTestObject("ADMIN/Kelola Sesi/verify kelola page"), 0): Object 'Object Repository/ADMIN/Kelola Sesi/verify kelola page' is present

2022-07-20 13:59:27 - [MESSAGE][WARNING] - Timeout '0' is invalid. Using default page load timeout: '30'

2022-07-20 13:59:28 - [MESSAGE][PASSED] - Object 'Object Repository/ADMIN/Kelola Sesi/verify kelola page' is present

2022-07-20 13:59:28 - [TEST_STEP][PASSED] - click(findTestObject("ADMIN/Kelola Sesi/DELETE SESI/icon delete")): Object: 'Object Repository/ADMIN/Kelola Sesi/DELETE SESI/icon delete' is clicked on

2022-07-20 13:59:28 - [MESSAGE][PASSED] - Object: 'Object Repository/ADMIN/Kelola Sesi/DELETE SESI/icon delete' is clicked on

2022-07-20 13:59:28 - [TEST_STEP][PASSED] - verifyElementClickable(findTestObject("ADMIN/Kelola Sesi/DELETE SESI/yes delete")): Object 'Object Repository/ADMIN/Kelola Sesi/DELETE SESI/yes delete' is clickable

2022-07-20 13:59:29 - [MESSAGE][PASSED] - Object 'Object Repository/ADMIN/Kelola Sesi/DELETE SESI/yes delete' is clickable

2022-07-20 13:59:29 - [TEST_STEP][PASSED] - verifyElementPresent(findTestObject("ADMIN/Kelola Sesi/verify kelola page"), 0): Object 'Object Repository/ADMIN/Kelola Sesi/verify kelola page' is present

2022-07-20 13:59:29 - [MESSAGE][WARNING] - Timeout '0' is invalid. Using default page load timeout: '30'

2022-07-20 13:59:29 - [MESSAGE][PASSED] - Object 'Object Repository/ADMIN/Kelola Sesi/verify kelola page' is present]]></system-out>
         <system-err><![CDATA[]]></system-err>
      </testcase>
      <testcase name="Test Cases/ADMIN/Kelola Vaksinasi/Negatif/TCT02_Tambah Vaksin Without Fill one field" time="190.214" classname="Test Cases/ADMIN/Kelola Vaksinasi/Negatif/TCT02_Tambah Vaksin Without Fill one field" status="PASSED">
         <system-out><![CDATA[2022-07-20 13:59:29 - [TEST_CASE][PASSED] - Test Cases/ADMIN/Kelola Vaksinasi/Negatif/TCT02_Tambah Vaksin Without Fill one field: Test Cases/ADMIN/Kelola Vaksinasi/Negatif/TCT02_Tambah Vaksin Without Fill one field

2022-07-20 13:59:30 - [TEST_STEP][PASSED] - click(findTestObject("Object Repository/ADMIN/Page_Dashboard Admin  GetVaccine/a_Overview")): Object: 'Object Repository/ADMIN/Page_Dashboard Admin  GetVaccine/a_Overview' is clicked on

2022-07-20 13:59:36 - [MESSAGE][PASSED] - Object: 'Object Repository/ADMIN/Page_Dashboard Admin  GetVaccine/a_Overview' is clicked on

2022-07-20 13:59:36 - [TEST_STEP][PASSED] - click(findTestObject("Object Repository/ADMIN/Page_Dashboard Admin  GetVaccine/a_Kelola Vaksin")): Object: 'Object Repository/ADMIN/Page_Dashboard Admin  GetVaccine/a_Kelola Vaksin' is clicked on

2022-07-20 13:59:38 - [MESSAGE][PASSED] - Object: 'Object Repository/ADMIN/Page_Dashboard Admin  GetVaccine/a_Kelola Vaksin' is clicked on

2022-07-20 13:59:38 - [TEST_STEP][PASSED] - click(findTestObject("Object Repository/ADMIN/Page_Kelola Vaksin  GetVaccine/button_Tambah Data")): Object: 'Object Repository/ADMIN/Page_Kelola Vaksin  GetVaccine/button_Tambah Data' is clicked on

2022-07-20 14:00:08 - [MESSAGE][PASSED] - Object: 'Object Repository/ADMIN/Page_Kelola Vaksin  GetVaccine/button_Tambah Data' is clicked on

2022-07-20 14:00:08 - [TEST_STEP][PASSED] - setText(findTestObject("Object Repository/ADMIN/Page_Kelola Vaksin  GetVaccine/input_Kuota_kuota"), "100"): Text '100' is set on object 'Object Repository/ADMIN/Page_Kelola Vaksin  GetVaccine/input_Kuota_kuota'

2022-07-20 14:01:09 - [MESSAGE][PASSED] - Text '100' is set on object 'Object Repository/ADMIN/Page_Kelola Vaksin  GetVaccine/input_Kuota_kuota'

2022-07-20 14:01:09 - [TEST_STEP][PASSED] - click(findTestObject("Object Repository/ADMIN/Page_Kelola Vaksin  GetVaccine/button_Tambah Vaksin")): Object: 'Object Repository/ADMIN/Page_Kelola Vaksin  GetVaccine/button_Tambah Vaksin' is clicked on

2022-07-20 14:01:39 - [MESSAGE][PASSED] - Object: 'Object Repository/ADMIN/Page_Kelola Vaksin  GetVaccine/button_Tambah Vaksin' is clicked on

2022-07-20 14:01:39 - [TEST_STEP][PASSED] - verifyElementPresent(findTestObject("Object Repository/ADMIN/Page_Kelola Vaksin  GetVaccine/div_Jenis vaksin harus diisi"), 0): Object 'Object Repository/ADMIN/Page_Kelola Vaksin  GetVaccine/div_Jenis vaksin harus diisi' is present

2022-07-20 14:01:39 - [MESSAGE][WARNING] - Timeout '0' is invalid. Using default page load timeout: '30'

2022-07-20 14:02:09 - [MESSAGE][PASSED] - Object 'Object Repository/ADMIN/Page_Kelola Vaksin  GetVaccine/div_Jenis vaksin harus diisi' is present

2022-07-20 14:02:09 - [TEST_STEP][PASSED] - click(findTestObject("Page_Kelola Sesi  GetVaccine/close page")): Object: 'Object Repository/Page_Kelola Sesi  GetVaccine/close page' is clicked on

2022-07-20 14:02:39 - [MESSAGE][PASSED] - Object: 'Object Repository/Page_Kelola Sesi  GetVaccine/close page' is clicked on]]></system-out>
         <system-err><![CDATA[]]></system-err>
      </testcase>
      <testcase name="Test Cases/ADMIN/Kelola Vaksinasi/Negatif/TCT03_Tambah Vaksin Without Fill All" time="184.233" classname="Test Cases/ADMIN/Kelola Vaksinasi/Negatif/TCT03_Tambah Vaksin Without Fill All" status="PASSED">
         <system-out><![CDATA[2022-07-20 14:02:39 - [TEST_CASE][PASSED] - Test Cases/ADMIN/Kelola Vaksinasi/Negatif/TCT03_Tambah Vaksin Without Fill All: Test Cases/ADMIN/Kelola Vaksinasi/Negatif/TCT03_Tambah Vaksin Without Fill All

2022-07-20 14:02:40 - [TEST_STEP][PASSED] - click(findTestObject("Object Repository/ADMIN/Page_Dashboard Admin  GetVaccine/a_Overview")): Object: 'Object Repository/ADMIN/Page_Dashboard Admin  GetVaccine/a_Overview' is clicked on

2022-07-20 14:03:10 - [MESSAGE][PASSED] - Object: 'Object Repository/ADMIN/Page_Dashboard Admin  GetVaccine/a_Overview' is clicked on

2022-07-20 14:03:10 - [TEST_STEP][PASSED] - click(findTestObject("Object Repository/ADMIN/Page_Dashboard Admin  GetVaccine/a_Kelola Vaksin")): Object: 'Object Repository/ADMIN/Page_Dashboard Admin  GetVaccine/a_Kelola Vaksin' is clicked on

2022-07-20 14:03:12 - [MESSAGE][PASSED] - Object: 'Object Repository/ADMIN/Page_Dashboard Admin  GetVaccine/a_Kelola Vaksin' is clicked on

2022-07-20 14:03:12 - [TEST_STEP][PASSED] - click(findTestObject("Object Repository/ADMIN/Page_Kelola Vaksin  GetVaccine/button_Tambah Data")): Object: 'Object Repository/ADMIN/Page_Kelola Vaksin  GetVaccine/button_Tambah Data' is clicked on

2022-07-20 14:03:43 - [MESSAGE][PASSED] - Object: 'Object Repository/ADMIN/Page_Kelola Vaksin  GetVaccine/button_Tambah Data' is clicked on

2022-07-20 14:03:43 - [TEST_STEP][PASSED] - click(findTestObject("Object Repository/ADMIN/Page_Kelola Vaksin  GetVaccine/button_Tambah Vaksin")): Object: 'Object Repository/ADMIN/Page_Kelola Vaksin  GetVaccine/button_Tambah Vaksin' is clicked on

2022-07-20 14:04:13 - [MESSAGE][PASSED] - Object: 'Object Repository/ADMIN/Page_Kelola Vaksin  GetVaccine/button_Tambah Vaksin' is clicked on

2022-07-20 14:04:13 - [TEST_STEP][PASSED] - click(findTestObject("Object Repository/ADMIN/Page_Kelola Vaksin  GetVaccine/div_Kuota vaksinasi harus diisi")): Object: 'Object Repository/ADMIN/Page_Kelola Vaksin  GetVaccine/div_Kuota vaksinasi harus diisi' is clicked on

2022-07-20 14:04:43 - [MESSAGE][PASSED] - Object: 'Object Repository/ADMIN/Page_Kelola Vaksin  GetVaccine/div_Kuota vaksinasi harus diisi' is clicked on

2022-07-20 14:04:43 - [TEST_STEP][PASSED] - click(findTestObject("Object Repository/ADMIN/Page_Kelola Vaksin  GetVaccine/div_Jenis vaksin harus diisi")): Object: 'Object Repository/ADMIN/Page_Kelola Vaksin  GetVaccine/div_Jenis vaksin harus diisi' is clicked on

2022-07-20 14:05:13 - [MESSAGE][PASSED] - Object: 'Object Repository/ADMIN/Page_Kelola Vaksin  GetVaccine/div_Jenis vaksin harus diisi' is clicked on

2022-07-20 14:05:13 - [TEST_STEP][PASSED] - click(findTestObject("Page_Kelola Sesi  GetVaccine/close page")): Object: 'Object Repository/Page_Kelola Sesi  GetVaccine/close page' is clicked on

2022-07-20 14:05:44 - [MESSAGE][PASSED] - Object: 'Object Repository/Page_Kelola Sesi  GetVaccine/close page' is clicked on]]></system-out>
         <system-err><![CDATA[]]></system-err>
      </testcase>
      <testcase name="Test Cases/ADMIN/Kelola Vaksinasi/TCT01_Tambah Vaksin Vlid" time="255.502" classname="Test Cases/ADMIN/Kelola Vaksinasi/TCT01_Tambah Vaksin Vlid" status="PASSED">
         <system-out><![CDATA[2022-07-20 14:05:44 - [TEST_CASE][PASSED] - Test Cases/ADMIN/Kelola Vaksinasi/TCT01_Tambah Vaksin Vlid: Test Cases/ADMIN/Kelola Vaksinasi/TCT01_Tambah Vaksin Vlid

2022-07-20 14:05:44 - [TEST_STEP][PASSED] - callTestCase(findTestCase("ADMIN/AUTH/Positif/TC_LoginPositif"), [:], STOP_ON_FAILURE): Call Test Case 'Test Cases/ADMIN/AUTH/Positif/TC_LoginPositif' successfully

2022-07-20 14:05:44 - [TEST_CASE][PASSED] - Test Cases/ADMIN/AUTH/Positif/TC_LoginPositif: Test Cases/ADMIN/AUTH/Positif/TC_LoginPositif

2022-07-20 14:05:44 - [TEST_STEP][PASSED] - openBrowser("https://dev-getvaccine-16.netlify.app/admin/"): Browser is opened with url: 'https://dev-getvaccine-16.netlify.app/admin/'

2022-07-20 14:05:44 - [MESSAGE][WARNING] - A browser is already opened. Closing browser and opening a new one

2022-07-20 14:05:45 - [MESSAGE][INFO] - Starting 'Chrome' driver

2022-07-20 14:05:45 - [MESSAGE][INFO] - Action delay is set to 0 milliseconds

2022-07-20 14:05:50 - [MESSAGE][PASSED] - Browser is opened with url: 'https://dev-getvaccine-16.netlify.app/admin/'

2022-07-20 14:05:50 - [TEST_STEP][PASSED] - maximizeWindow(): Current window maximized

2022-07-20 14:05:50 - [MESSAGE][PASSED] - Current window maximized

2022-07-20 14:05:50 - [TEST_STEP][PASSED] - verifyElementPresent(findTestObject("ADMIN/Adm-Login/verify login page"), 0): Object 'Object Repository/ADMIN/Adm-Login/verify login page' is present

2022-07-20 14:05:50 - [MESSAGE][WARNING] - Timeout '0' is invalid. Using default page load timeout: '30'

2022-07-20 14:05:51 - [MESSAGE][PASSED] - Object 'Object Repository/ADMIN/Adm-Login/verify login page' is present

2022-07-20 14:05:51 - [TEST_STEP][PASSED] - click(findTestObject("ADMIN/Adm-Login/username")): Object: 'Object Repository/ADMIN/Adm-Login/username' is clicked on

2022-07-20 14:05:51 - [MESSAGE][PASSED] - Object: 'Object Repository/ADMIN/Adm-Login/username' is clicked on

2022-07-20 14:05:51 - [TEST_STEP][PASSED] - setText(findTestObject("ADMIN/Adm-Login/username"), "harnanda"): Text 'harnanda' is set on object 'Object Repository/ADMIN/Adm-Login/username'

2022-07-20 14:05:52 - [MESSAGE][PASSED] - Text 'harnanda' is set on object 'Object Repository/ADMIN/Adm-Login/username'

2022-07-20 14:05:52 - [TEST_STEP][PASSED] - click(findTestObject("ADMIN/Adm-Login/password")): Object: 'Object Repository/ADMIN/Adm-Login/password' is clicked on

2022-07-20 14:05:53 - [MESSAGE][PASSED] - Object: 'Object Repository/ADMIN/Adm-Login/password' is clicked on

2022-07-20 14:05:53 - [TEST_STEP][PASSED] - setText(findTestObject("ADMIN/Adm-Login/password"), "haha"): Text 'haha' is set on object 'Object Repository/ADMIN/Adm-Login/password'

2022-07-20 14:05:53 - [MESSAGE][PASSED] - Text 'haha' is set on object 'Object Repository/ADMIN/Adm-Login/password'

2022-07-20 14:05:53 - [TEST_STEP][PASSED] - click(findTestObject("ADMIN/Adm-Login/eye")): Object: 'Object Repository/ADMIN/Adm-Login/eye' is clicked on

2022-07-20 14:05:54 - [MESSAGE][PASSED] - Object: 'Object Repository/ADMIN/Adm-Login/eye' is clicked on

2022-07-20 14:05:54 - [TEST_STEP][PASSED] - click(findTestObject("ADMIN/Adm-Login/btn login")): Object: 'Object Repository/ADMIN/Adm-Login/btn login' is clicked on

2022-07-20 14:05:54 - [MESSAGE][PASSED] - Object: 'Object Repository/ADMIN/Adm-Login/btn login' is clicked on

2022-07-20 14:05:54 - [MESSAGE][PASSED] - Call Test Case 'Test Cases/ADMIN/AUTH/Positif/TC_LoginPositif' successfully

2022-07-20 14:05:54 - [TEST_STEP][PASSED] - click(findTestObject("Object Repository/ADMIN/Page_Dashboard Admin  GetVaccine/a_Overview")): Object: 'Object Repository/ADMIN/Page_Dashboard Admin  GetVaccine/a_Overview' is clicked on

2022-07-20 14:05:57 - [MESSAGE][PASSED] - Object: 'Object Repository/ADMIN/Page_Dashboard Admin  GetVaccine/a_Overview' is clicked on

2022-07-20 14:05:57 - [TEST_STEP][PASSED] - click(findTestObject("Object Repository/ADMIN/Page_Dashboard Admin  GetVaccine/a_Kelola Vaksin")): Object: 'Object Repository/ADMIN/Page_Dashboard Admin  GetVaccine/a_Kelola Vaksin' is clicked on

2022-07-20 14:05:57 - [MESSAGE][PASSED] - Object: 'Object Repository/ADMIN/Page_Dashboard Admin  GetVaccine/a_Kelola Vaksin' is clicked on

2022-07-20 14:05:57 - [TEST_STEP][PASSED] - click(findTestObject("Object Repository/ADMIN/Page_Kelola Vaksin  GetVaccine/button_Tambah Data")): Object: 'Object Repository/ADMIN/Page_Kelola Vaksin  GetVaccine/button_Tambah Data' is clicked on

2022-07-20 14:06:27 - [MESSAGE][PASSED] - Object: 'Object Repository/ADMIN/Page_Kelola Vaksin  GetVaccine/button_Tambah Data' is clicked on

2022-07-20 14:06:27 - [TEST_STEP][PASSED] - click(findTestObject("Object Repository/ADMIN/Page_Kelola Vaksin  GetVaccine/div_Select Vaccine")): Object: 'Object Repository/ADMIN/Page_Kelola Vaksin  GetVaccine/div_Select Vaccine' is clicked on

2022-07-20 14:06:58 - [MESSAGE][PASSED] - Object: 'Object Repository/ADMIN/Page_Kelola Vaksin  GetVaccine/div_Select Vaccine' is clicked on

2022-07-20 14:06:58 - [TEST_STEP][PASSED] - setText(findTestObject("Object Repository/ADMIN/Page_Kelola Vaksin  GetVaccine/input_Jenis Vaksin_vaccine_id"), "moderna"): Text 'moderna' is set on object 'Object Repository/ADMIN/Page_Kelola Vaksin  GetVaccine/input_Jenis Vaksin_vaccine_id'

2022-07-20 14:07:58 - [MESSAGE][PASSED] - Text 'moderna' is set on object 'Object Repository/ADMIN/Page_Kelola Vaksin  GetVaccine/input_Jenis Vaksin_vaccine_id'

2022-07-20 14:07:58 - [TEST_STEP][PASSED] - sendKeys(findTestObject("ADMIN/Page_Kelola Vaksin  GetVaccine/input_Jenis Vaksin_vaccine_id"), Keys.chord(ENTER)): Keys 'ENTER + ' sent to object: 'Object Repository/ADMIN/Page_Kelola Vaksin  GetVaccine/input_Jenis Vaksin_vaccine_id'

2022-07-20 14:08:28 - [MESSAGE][PASSED] - Keys 'ENTER + ' sent to object: 'Object Repository/ADMIN/Page_Kelola Vaksin  GetVaccine/input_Jenis Vaksin_vaccine_id'

2022-07-20 14:08:28 - [TEST_STEP][PASSED] - setText(findTestObject("Object Repository/ADMIN/Page_Kelola Vaksin  GetVaccine/input_Kuota_kuota"), "100"): Text '100' is set on object 'Object Repository/ADMIN/Page_Kelola Vaksin  GetVaccine/input_Kuota_kuota'

2022-07-20 14:09:29 - [MESSAGE][PASSED] - Text '100' is set on object 'Object Repository/ADMIN/Page_Kelola Vaksin  GetVaccine/input_Kuota_kuota'

2022-07-20 14:09:29 - [TEST_STEP][PASSED] - click(findTestObject("Object Repository/ADMIN/Page_Kelola Vaksin  GetVaccine/button_Tambah Vaksin")): Object: 'Object Repository/ADMIN/Page_Kelola Vaksin  GetVaccine/button_Tambah Vaksin' is clicked on

2022-07-20 14:09:59 - [MESSAGE][PASSED] - Object: 'Object Repository/ADMIN/Page_Kelola Vaksin  GetVaccine/button_Tambah Vaksin' is clicked on]]></system-out>
         <system-err><![CDATA[]]></system-err>
      </testcase>
      <testcase name="Test Cases/ADMIN/Kelola Vaksinasi/Negatif/TCE02_Edit Without one field" time="187.109" classname="Test Cases/ADMIN/Kelola Vaksinasi/Negatif/TCE02_Edit Without one field" status="PASSED">
         <system-out><![CDATA[2022-07-20 14:09:59 - [TEST_CASE][PASSED] - Test Cases/ADMIN/Kelola Vaksinasi/Negatif/TCE02_Edit Without one field: Test Cases/ADMIN/Kelola Vaksinasi/Negatif/TCE02_Edit Without one field

2022-07-20 14:10:00 - [TEST_STEP][PASSED] - click(findTestObject("Object Repository/ADMIN/Page_Dashboard Admin  GetVaccine/a_Overview")): Object: 'Object Repository/ADMIN/Page_Dashboard Admin  GetVaccine/a_Overview' is clicked on

2022-07-20 14:10:30 - [MESSAGE][PASSED] - Object: 'Object Repository/ADMIN/Page_Dashboard Admin  GetVaccine/a_Overview' is clicked on

2022-07-20 14:10:30 - [TEST_STEP][PASSED] - click(findTestObject("Object Repository/ADMIN/Page_Dashboard Admin  GetVaccine/a_Kelola Vaksin")): Object: 'Object Repository/ADMIN/Page_Dashboard Admin  GetVaccine/a_Kelola Vaksin' is clicked on

2022-07-20 14:10:35 - [MESSAGE][PASSED] - Object: 'Object Repository/ADMIN/Page_Dashboard Admin  GetVaccine/a_Kelola Vaksin' is clicked on

2022-07-20 14:10:35 - [TEST_STEP][PASSED] - click(findTestObject("Object Repository/ADMIN/Page_Kelola Vaksin  GetVaccine/button_AstraZeneca_ant-btn ant-btn-default _429647")): Object: 'Object Repository/ADMIN/Page_Kelola Vaksin  GetVaccine/button_AstraZeneca_ant-btn ant-btn-default _429647' is clicked on

2022-07-20 14:11:05 - [MESSAGE][PASSED] - Object: 'Object Repository/ADMIN/Page_Kelola Vaksin  GetVaccine/button_AstraZeneca_ant-btn ant-btn-default _429647' is clicked on

2022-07-20 14:11:05 - [TEST_STEP][PASSED] - clearText(findTestObject("ADMIN/Page_Kelola Vaksin  GetVaccine/input_Kuota_stock")): Text of object 'Object Repository/ADMIN/Page_Kelola Vaksin  GetVaccine/input_Kuota_stock' is cleared

2022-07-20 14:11:36 - [MESSAGE][PASSED] - Text of object 'Object Repository/ADMIN/Page_Kelola Vaksin  GetVaccine/input_Kuota_stock' is cleared

2022-07-20 14:11:36 - [TEST_STEP][PASSED] - click(findTestObject("Object Repository/ADMIN/Page_Kelola Vaksin  GetVaccine/div_Kuota vaksinasi harus diisi")): Object: 'Object Repository/ADMIN/Page_Kelola Vaksin  GetVaccine/div_Kuota vaksinasi harus diisi' is clicked on

2022-07-20 14:12:06 - [MESSAGE][PASSED] - Object: 'Object Repository/ADMIN/Page_Kelola Vaksin  GetVaccine/div_Kuota vaksinasi harus diisi' is clicked on

2022-07-20 14:12:06 - [TEST_STEP][PASSED] - click(findTestObject("Object Repository/ADMIN/Page_Kelola Vaksin  GetVaccine/button_Update Vaksin")): Object: 'Object Repository/ADMIN/Page_Kelola Vaksin  GetVaccine/button_Update Vaksin' is clicked on

2022-07-20 14:12:36 - [MESSAGE][PASSED] - Object: 'Object Repository/ADMIN/Page_Kelola Vaksin  GetVaccine/button_Update Vaksin' is clicked on

2022-07-20 14:12:36 - [TEST_STEP][PASSED] - click(findTestObject("Object Repository/ADMIN/Page_Kelola Vaksin  GetVaccine/span_Edit_ant-modal-close-x")): Object: 'Object Repository/ADMIN/Page_Kelola Vaksin  GetVaccine/span_Edit_ant-modal-close-x' is clicked on

2022-07-20 14:13:06 - [MESSAGE][PASSED] - Object: 'Object Repository/ADMIN/Page_Kelola Vaksin  GetVaccine/span_Edit_ant-modal-close-x' is clicked on]]></system-out>
         <system-err><![CDATA[]]></system-err>
      </testcase>
      <testcase name="Test Cases/ADMIN/Kelola Vaksinasi/TCE01_Edit Vaksin" time="183.492" classname="Test Cases/ADMIN/Kelola Vaksinasi/TCE01_Edit Vaksin" status="PASSED">
         <system-out><![CDATA[2022-07-20 14:13:06 - [TEST_CASE][PASSED] - Test Cases/ADMIN/Kelola Vaksinasi/TCE01_Edit Vaksin: Test Cases/ADMIN/Kelola Vaksinasi/TCE01_Edit Vaksin

2022-07-20 14:13:07 - [TEST_STEP][PASSED] - click(findTestObject("ADMIN/Page_Dashboard Admin  GetVaccine/a_Overview")): Object: 'Object Repository/ADMIN/Page_Dashboard Admin  GetVaccine/a_Overview' is clicked on

2022-07-20 14:13:37 - [MESSAGE][PASSED] - Object: 'Object Repository/ADMIN/Page_Dashboard Admin  GetVaccine/a_Overview' is clicked on

2022-07-20 14:13:37 - [TEST_STEP][PASSED] - click(findTestObject("Object Repository/ADMIN/Page_Dashboard Admin  GetVaccine/a_Kelola Vaksin")): Object: 'Object Repository/ADMIN/Page_Dashboard Admin  GetVaccine/a_Kelola Vaksin' is clicked on

2022-07-20 14:13:39 - [MESSAGE][PASSED] - Object: 'Object Repository/ADMIN/Page_Dashboard Admin  GetVaccine/a_Kelola Vaksin' is clicked on

2022-07-20 14:13:39 - [TEST_STEP][PASSED] - click(findTestObject("Object Repository/ADMIN/Page_Kelola Vaksin  GetVaccine/button_AstraZeneca_ant-btn ant-btn-default _429647")): Object: 'Object Repository/ADMIN/Page_Kelola Vaksin  GetVaccine/button_AstraZeneca_ant-btn ant-btn-default _429647' is clicked on

2022-07-20 14:14:09 - [MESSAGE][PASSED] - Object: 'Object Repository/ADMIN/Page_Kelola Vaksin  GetVaccine/button_AstraZeneca_ant-btn ant-btn-default _429647' is clicked on

2022-07-20 14:14:09 - [TEST_STEP][PASSED] - setText(findTestObject("Object Repository/ADMIN/Page_Kelola Vaksin  GetVaccine/input_Kuota_stock"), "500"): Text '500' is set on object 'Object Repository/ADMIN/Page_Kelola Vaksin  GetVaccine/input_Kuota_stock'

2022-07-20 14:15:09 - [MESSAGE][PASSED] - Text '500' is set on object 'Object Repository/ADMIN/Page_Kelola Vaksin  GetVaccine/input_Kuota_stock'

2022-07-20 14:15:09 - [TEST_STEP][PASSED] - click(findTestObject("Object Repository/ADMIN/Page_Kelola Vaksin  GetVaccine/button_Update Vaksin")): Object: 'Object Repository/ADMIN/Page_Kelola Vaksin  GetVaccine/button_Update Vaksin' is clicked on

2022-07-20 14:15:40 - [MESSAGE][PASSED] - Object: 'Object Repository/ADMIN/Page_Kelola Vaksin  GetVaccine/button_Update Vaksin' is clicked on

2022-07-20 14:15:40 - [TEST_STEP][PASSED] - verifyElementPresent(findTestObject("ADMIN/Page_Dashboard Admin  GetVaccine/a_Kelola Vaksin"), 0): Object 'Object Repository/ADMIN/Page_Dashboard Admin  GetVaccine/a_Kelola Vaksin' is present

2022-07-20 14:15:40 - [MESSAGE][WARNING] - Timeout '0' is invalid. Using default page load timeout: '30'

2022-07-20 14:16:10 - [MESSAGE][PASSED] - Object 'Object Repository/ADMIN/Page_Dashboard Admin  GetVaccine/a_Kelola Vaksin' is present]]></system-out>
         <system-err><![CDATA[]]></system-err>
      </testcase>
      <testcase name="Test Cases/ADMIN/Kelola Vaksinasi/TC_Search" time="367.297" classname="Test Cases/ADMIN/Kelola Vaksinasi/TC_Search" status="PASSED">
         <system-out><![CDATA[2022-07-20 14:16:10 - [TEST_CASE][PASSED] - Test Cases/ADMIN/Kelola Vaksinasi/TC_Search: Test Cases/ADMIN/Kelola Vaksinasi/TC_Search

2022-07-20 14:16:10 - [TEST_STEP][PASSED] - for ([i = 1, i <= 2, (i++)]): Object 'Object Repository/ADMIN/Kelola Vaksin/Page_Kelola Vaksin  GetVaccine/h3_Stok Vaksin' is present

2022-07-20 14:16:10 - [TEST_STEP][PASSED] - click(findTestObject("ADMIN/Page_Dashboard Admin  GetVaccine/a_Overview")): Object: 'Object Repository/ADMIN/Page_Dashboard Admin  GetVaccine/a_Overview' is clicked on

2022-07-20 14:16:40 - [MESSAGE][PASSED] - Object: 'Object Repository/ADMIN/Page_Dashboard Admin  GetVaccine/a_Overview' is clicked on

2022-07-20 14:16:40 - [TEST_STEP][PASSED] - click(findTestObject("ADMIN/Page_Dashboard Admin  GetVaccine/a_Kelola Vaksin")): Object: 'Object Repository/ADMIN/Page_Dashboard Admin  GetVaccine/a_Kelola Vaksin' is clicked on

2022-07-20 14:16:43 - [MESSAGE][PASSED] - Object: 'Object Repository/ADMIN/Page_Dashboard Admin  GetVaccine/a_Kelola Vaksin' is clicked on

2022-07-20 14:16:43 - [TEST_STEP][PASSED] - click(findTestObject("ADMIN/Kelola Vaksin/Page_Kelola Vaksin  GetVaccine/input search")): Object: 'Object Repository/ADMIN/Kelola Vaksin/Page_Kelola Vaksin  GetVaccine/input search' is clicked on

2022-07-20 14:17:13 - [MESSAGE][PASSED] - Object: 'Object Repository/ADMIN/Kelola Vaksin/Page_Kelola Vaksin  GetVaccine/input search' is clicked on

2022-07-20 14:17:13 - [TEST_STEP][PASSED] - setText(findTestObject("ADMIN/Kelola Vaksin/Page_Kelola Vaksin  GetVaccine/input search"), findTestData("ADMIN/search vaksin").getValue(1, i)): Text 'search' is set on object 'Object Repository/ADMIN/Kelola Vaksin/Page_Kelola Vaksin  GetVaccine/input search'

2022-07-20 14:18:13 - [MESSAGE][PASSED] - Text 'search' is set on object 'Object Repository/ADMIN/Kelola Vaksin/Page_Kelola Vaksin  GetVaccine/input search'

2022-07-20 14:18:13 - [TEST_STEP][PASSED] - click(findTestObject("ADMIN/Kelola Vaksin/Page_Kelola Vaksin  GetVaccine/icon search")): Object: 'Object Repository/ADMIN/Kelola Vaksin/Page_Kelola Vaksin  GetVaccine/icon search' is clicked on

2022-07-20 14:18:44 - [MESSAGE][PASSED] - Object: 'Object Repository/ADMIN/Kelola Vaksin/Page_Kelola Vaksin  GetVaccine/icon search' is clicked on

2022-07-20 14:18:44 - [TEST_STEP][PASSED] - if (i == 1): Object 'Object Repository/ADMIN/Kelola Vaksin/Page_Kelola Vaksin  GetVaccine/no data' is present

2022-07-20 14:18:44 - [TEST_STEP][PASSED] - verifyElementPresent(findTestObject("ADMIN/Kelola Vaksin/Page_Kelola Vaksin  GetVaccine/no data"), 0): Object 'Object Repository/ADMIN/Kelola Vaksin/Page_Kelola Vaksin  GetVaccine/no data' is present

2022-07-20 14:18:44 - [MESSAGE][WARNING] - Timeout '0' is invalid. Using default page load timeout: '30'

2022-07-20 14:19:14 - [MESSAGE][PASSED] - Object 'Object Repository/ADMIN/Kelola Vaksin/Page_Kelola Vaksin  GetVaccine/no data' is present

2022-07-20 14:19:14 - [TEST_STEP][PASSED] - click(findTestObject("ADMIN/Page_Dashboard Admin  GetVaccine/a_Overview")): Object: 'Object Repository/ADMIN/Page_Dashboard Admin  GetVaccine/a_Overview' is clicked on

2022-07-20 14:19:44 - [MESSAGE][PASSED] - Object: 'Object Repository/ADMIN/Page_Dashboard Admin  GetVaccine/a_Overview' is clicked on

2022-07-20 14:19:44 - [TEST_STEP][PASSED] - click(findTestObject("ADMIN/Page_Dashboard Admin  GetVaccine/a_Kelola Vaksin")): Object: 'Object Repository/ADMIN/Page_Dashboard Admin  GetVaccine/a_Kelola Vaksin' is clicked on

2022-07-20 14:19:46 - [MESSAGE][PASSED] - Object: 'Object Repository/ADMIN/Page_Dashboard Admin  GetVaccine/a_Kelola Vaksin' is clicked on

2022-07-20 14:19:46 - [TEST_STEP][PASSED] - click(findTestObject("ADMIN/Kelola Vaksin/Page_Kelola Vaksin  GetVaccine/input search")): Object: 'Object Repository/ADMIN/Kelola Vaksin/Page_Kelola Vaksin  GetVaccine/input search' is clicked on

2022-07-20 14:20:16 - [MESSAGE][PASSED] - Object: 'Object Repository/ADMIN/Kelola Vaksin/Page_Kelola Vaksin  GetVaccine/input search' is clicked on

2022-07-20 14:20:16 - [TEST_STEP][PASSED] - setText(findTestObject("ADMIN/Kelola Vaksin/Page_Kelola Vaksin  GetVaccine/input search"), findTestData("ADMIN/search vaksin").getValue(1, i)): Text 'astrazeneca' is set on object 'Object Repository/ADMIN/Kelola Vaksin/Page_Kelola Vaksin  GetVaccine/input search'

2022-07-20 14:21:17 - [MESSAGE][PASSED] - Text 'astrazeneca' is set on object 'Object Repository/ADMIN/Kelola Vaksin/Page_Kelola Vaksin  GetVaccine/input search'

2022-07-20 14:21:17 - [TEST_STEP][PASSED] - click(findTestObject("ADMIN/Kelola Vaksin/Page_Kelola Vaksin  GetVaccine/icon search")): Object: 'Object Repository/ADMIN/Kelola Vaksin/Page_Kelola Vaksin  GetVaccine/icon search' is clicked on

2022-07-20 14:21:47 - [MESSAGE][PASSED] - Object: 'Object Repository/ADMIN/Kelola Vaksin/Page_Kelola Vaksin  GetVaccine/icon search' is clicked on

2022-07-20 14:21:47 - [TEST_STEP][PASSED] - if (i == 1): null

2022-07-20 14:21:47 - [TEST_STEP][PASSED] - else: Object 'Object Repository/ADMIN/Kelola Vaksin/Page_Kelola Vaksin  GetVaccine/h3_Stok Vaksin' is present

2022-07-20 14:21:47 - [TEST_STEP][PASSED] - verifyElementPresent(findTestObject("ADMIN/Kelola Vaksin/Page_Kelola Vaksin  GetVaccine/h3_Stok Vaksin"), 0): Object 'Object Repository/ADMIN/Kelola Vaksin/Page_Kelola Vaksin  GetVaccine/h3_Stok Vaksin' is present

2022-07-20 14:21:47 - [MESSAGE][WARNING] - Timeout '0' is invalid. Using default page load timeout: '30'

2022-07-20 14:22:17 - [MESSAGE][PASSED] - Object 'Object Repository/ADMIN/Kelola Vaksin/Page_Kelola Vaksin  GetVaccine/h3_Stok Vaksin' is present]]></system-out>
         <system-err><![CDATA[]]></system-err>
      </testcase>
      <testcase name="Test Cases/ADMIN/Kelola Vaksinasi/TC_Delete" time="73.16" classname="Test Cases/ADMIN/Kelola Vaksinasi/TC_Delete" status="FAILED">
         <failure type="FAILED" message="Test Cases/ADMIN/Kelola Vaksinasi/TC_Delete FAILED.
Reason:
com.kms.katalon.core.exception.StepFailedException: Unable to click on object 'Object Repository/Page_Kelola Sesi  GetVaccine/btn_delete sinovac'
	at com.kms.katalon.core.webui.keyword.internal.WebUIKeywordMain.stepFailed(WebUIKeywordMain.groovy:64)
	at com.kms.katalon.core.webui.keyword.internal.WebUIKeywordMain.runKeyword(WebUIKeywordMain.groovy:26)
	at com.kms.katalon.core.webui.keyword.builtin.ClickKeyword.click(ClickKeyword.groovy:74)
	at com.kms.katalon.core.webui.keyword.builtin.ClickKeyword.execute(ClickKeyword.groovy:40)
	at com.kms.katalon.core.keyword.internal.KeywordExecutor.executeKeywordForPlatform(KeywordExecutor.groovy:74)
	at com.kms.katalon.core.webui.keyword.WebUiBuiltInKeywords.click(WebUiBuiltInKeywords.groovy:620)
	at com.kms.katalon.core.webui.keyword.WebUiBuiltInKeywords$click$2.call(Unknown Source)
	at TC_Delete.run(TC_Delete:26)
	at com.kms.katalon.core.main.ScriptEngine.run(ScriptEngine.java:194)
	at com.kms.katalon.core.main.ScriptEngine.runScriptAsRawText(ScriptEngine.java:119)
	at com.kms.katalon.core.main.TestCaseExecutor.runScript(TestCaseExecutor.java:442)
	at com.kms.katalon.core.main.TestCaseExecutor.doExecute(TestCaseExecutor.java:433)
	at com.kms.katalon.core.main.TestCaseExecutor.processExecutionPhase(TestCaseExecutor.java:412)
	at com.kms.katalon.core.main.TestCaseExecutor.accessMainPhase(TestCaseExecutor.java:404)
	at com.kms.katalon.core.main.TestCaseExecutor.execute(TestCaseExecutor.java:281)
	at com.kms.katalon.core.main.TestSuiteExecutor.accessTestCaseMainPhase(TestSuiteExecutor.java:202)
	at com.kms.katalon.core.main.TestSuiteExecutor.accessTestSuiteMainPhase(TestSuiteExecutor.java:164)
	at com.kms.katalon.core.main.TestSuiteExecutor.execute(TestSuiteExecutor.java:105)
	at com.kms.katalon.core.main.TestCaseMain.startTestSuite(TestCaseMain.java:185)
	at com.kms.katalon.core.main.TestCaseMain$startTestSuite$0.call(Unknown Source)
	at TempTestSuite1658300054987.run(TempTestSuite1658300054987.groovy:36)
Caused by: com.kms.katalon.core.webui.exception.WebElementNotFoundException: Web element with id: 'Object Repository/Page_Kelola Sesi  GetVaccine/btn_delete sinovac' located by '//*[@class = 'ant-btn ant-btn-danger VaccineModalDelete_button__1sYXt']' not found
	at com.kms.katalon.core.webui.common.WebUiCommonHelper.findWebElement(WebUiCommonHelper.java:1370)
	at com.kms.katalon.core.webui.keyword.internal.WebUIAbstractKeyword.findWebElement(WebUIAbstractKeyword.groovy:27)
	at com.kms.katalon.core.webui.keyword.builtin.ClickKeyword$_click_closure1.doCall(ClickKeyword.groovy:65)
	at com.kms.katalon.core.webui.keyword.builtin.ClickKeyword$_click_closure1.call(ClickKeyword.groovy)
	at com.kms.katalon.core.webui.keyword.internal.WebUIKeywordMain.runKeyword(WebUIKeywordMain.groovy:20)
	... 19 more
"/>
         <system-out><![CDATA[2022-07-20 14:22:17 - [TEST_CASE][FAILED] - Test Cases/ADMIN/Kelola Vaksinasi/TC_Delete: Test Cases/ADMIN/Kelola Vaksinasi/TC_Delete FAILED.
Reason:
com.kms.katalon.core.exception.StepFailedException: Unable to click on object 'Object Repository/Page_Kelola Sesi  GetVaccine/btn_delete sinovac'
	at com.kms.katalon.core.webui.keyword.internal.WebUIKeywordMain.stepFailed(WebUIKeywordMain.groovy:64)
	at com.kms.katalon.core.webui.keyword.internal.WebUIKeywordMain.runKeyword(WebUIKeywordMain.groovy:26)
	at com.kms.katalon.core.webui.keyword.builtin.ClickKeyword.click(ClickKeyword.groovy:74)
	at com.kms.katalon.core.webui.keyword.builtin.ClickKeyword.execute(ClickKeyword.groovy:40)
	at com.kms.katalon.core.keyword.internal.KeywordExecutor.executeKeywordForPlatform(KeywordExecutor.groovy:74)
	at com.kms.katalon.core.webui.keyword.WebUiBuiltInKeywords.click(WebUiBuiltInKeywords.groovy:620)
	at com.kms.katalon.core.webui.keyword.WebUiBuiltInKeywords$click$2.call(Unknown Source)
	at TC_Delete.run(TC_Delete:26)
	at com.kms.katalon.core.main.ScriptEngine.run(ScriptEngine.java:194)
	at com.kms.katalon.core.main.ScriptEngine.runScriptAsRawText(ScriptEngine.java:119)
	at com.kms.katalon.core.main.TestCaseExecutor.runScript(TestCaseExecutor.java:442)
	at com.kms.katalon.core.main.TestCaseExecutor.doExecute(TestCaseExecutor.java:433)
	at com.kms.katalon.core.main.TestCaseExecutor.processExecutionPhase(TestCaseExecutor.java:412)
	at com.kms.katalon.core.main.TestCaseExecutor.accessMainPhase(TestCaseExecutor.java:404)
	at com.kms.katalon.core.main.TestCaseExecutor.execute(TestCaseExecutor.java:281)
	at com.kms.katalon.core.main.TestSuiteExecutor.accessTestCaseMainPhase(TestSuiteExecutor.java:202)
	at com.kms.katalon.core.main.TestSuiteExecutor.accessTestSuiteMainPhase(TestSuiteExecutor.java:164)
	at com.kms.katalon.core.main.TestSuiteExecutor.execute(TestSuiteExecutor.java:105)
	at com.kms.katalon.core.main.TestCaseMain.startTestSuite(TestCaseMain.java:185)
	at com.kms.katalon.core.main.TestCaseMain$startTestSuite$0.call(Unknown Source)
	at TempTestSuite1658300054987.run(TempTestSuite1658300054987.groovy:36)
Caused by: com.kms.katalon.core.webui.exception.WebElementNotFoundException: Web element with id: 'Object Repository/Page_Kelola Sesi  GetVaccine/btn_delete sinovac' located by '//*[@class = 'ant-btn ant-btn-danger VaccineModalDelete_button__1sYXt']' not found
	at com.kms.katalon.core.webui.common.WebUiCommonHelper.findWebElement(WebUiCommonHelper.java:1370)
	at com.kms.katalon.core.webui.keyword.internal.WebUIAbstractKeyword.findWebElement(WebUIAbstractKeyword.groovy:27)
	at com.kms.katalon.core.webui.keyword.builtin.ClickKeyword$_click_closure1.doCall(ClickKeyword.groovy:65)
	at com.kms.katalon.core.webui.keyword.builtin.ClickKeyword$_click_closure1.call(ClickKeyword.groovy)
	at com.kms.katalon.core.webui.keyword.internal.WebUIKeywordMain.runKeyword(WebUIKeywordMain.groovy:20)
	... 19 more


2022-07-20 14:22:18 - [TEST_STEP][PASSED] - callTestCase(findTestCase("ADMIN/AUTH/Positif/TC_LoginPositif"), [:], STOP_ON_FAILURE): Call Test Case 'Test Cases/ADMIN/AUTH/Positif/TC_LoginPositif' successfully

2022-07-20 14:22:18 - [TEST_CASE][PASSED] - Test Cases/ADMIN/AUTH/Positif/TC_LoginPositif: Test Cases/ADMIN/AUTH/Positif/TC_LoginPositif

2022-07-20 14:22:18 - [TEST_STEP][PASSED] - openBrowser("https://dev-getvaccine-16.netlify.app/admin/"): Browser is opened with url: 'https://dev-getvaccine-16.netlify.app/admin/'

2022-07-20 14:22:18 - [MESSAGE][WARNING] - A browser is already opened. Closing browser and opening a new one

2022-07-20 14:22:18 - [MESSAGE][INFO] - Starting 'Chrome' driver

2022-07-20 14:22:18 - [MESSAGE][INFO] - Action delay is set to 0 milliseconds

2022-07-20 14:22:22 - [MESSAGE][PASSED] - Browser is opened with url: 'https://dev-getvaccine-16.netlify.app/admin/'

2022-07-20 14:22:22 - [TEST_STEP][PASSED] - maximizeWindow(): Current window maximized

2022-07-20 14:22:23 - [MESSAGE][PASSED] - Current window maximized

2022-07-20 14:22:23 - [TEST_STEP][PASSED] - verifyElementPresent(findTestObject("ADMIN/Adm-Login/verify login page"), 0): Object 'Object Repository/ADMIN/Adm-Login/verify login page' is present

2022-07-20 14:22:23 - [MESSAGE][WARNING] - Timeout '0' is invalid. Using default page load timeout: '30'

2022-07-20 14:22:23 - [MESSAGE][PASSED] - Object 'Object Repository/ADMIN/Adm-Login/verify login page' is present

2022-07-20 14:22:23 - [TEST_STEP][PASSED] - click(findTestObject("ADMIN/Adm-Login/username")): Object: 'Object Repository/ADMIN/Adm-Login/username' is clicked on

2022-07-20 14:22:24 - [MESSAGE][PASSED] - Object: 'Object Repository/ADMIN/Adm-Login/username' is clicked on

2022-07-20 14:22:24 - [TEST_STEP][PASSED] - setText(findTestObject("ADMIN/Adm-Login/username"), "harnanda"): Text 'harnanda' is set on object 'Object Repository/ADMIN/Adm-Login/username'

2022-07-20 14:22:25 - [MESSAGE][PASSED] - Text 'harnanda' is set on object 'Object Repository/ADMIN/Adm-Login/username'

2022-07-20 14:22:25 - [TEST_STEP][PASSED] - click(findTestObject("ADMIN/Adm-Login/password")): Object: 'Object Repository/ADMIN/Adm-Login/password' is clicked on

2022-07-20 14:22:25 - [MESSAGE][PASSED] - Object: 'Object Repository/ADMIN/Adm-Login/password' is clicked on

2022-07-20 14:22:25 - [TEST_STEP][PASSED] - setText(findTestObject("ADMIN/Adm-Login/password"), "haha"): Text 'haha' is set on object 'Object Repository/ADMIN/Adm-Login/password'

2022-07-20 14:22:26 - [MESSAGE][PASSED] - Text 'haha' is set on object 'Object Repository/ADMIN/Adm-Login/password'

2022-07-20 14:22:26 - [TEST_STEP][PASSED] - click(findTestObject("ADMIN/Adm-Login/eye")): Object: 'Object Repository/ADMIN/Adm-Login/eye' is clicked on

2022-07-20 14:22:26 - [MESSAGE][PASSED] - Object: 'Object Repository/ADMIN/Adm-Login/eye' is clicked on

2022-07-20 14:22:26 - [TEST_STEP][PASSED] - click(findTestObject("ADMIN/Adm-Login/btn login")): Object: 'Object Repository/ADMIN/Adm-Login/btn login' is clicked on

2022-07-20 14:22:27 - [MESSAGE][PASSED] - Object: 'Object Repository/ADMIN/Adm-Login/btn login' is clicked on

2022-07-20 14:22:27 - [MESSAGE][PASSED] - Call Test Case 'Test Cases/ADMIN/AUTH/Positif/TC_LoginPositif' successfully

2022-07-20 14:22:27 - [TEST_STEP][PASSED] - click(findTestObject("ADMIN/Page_Dashboard Admin  GetVaccine/a_Overview")): Object: 'Object Repository/ADMIN/Page_Dashboard Admin  GetVaccine/a_Overview' is clicked on

2022-07-20 14:22:29 - [MESSAGE][PASSED] - Object: 'Object Repository/ADMIN/Page_Dashboard Admin  GetVaccine/a_Overview' is clicked on

2022-07-20 14:22:29 - [TEST_STEP][PASSED] - click(findTestObject("ADMIN/Page_Dashboard Admin  GetVaccine/a_Kelola Vaksin")): Object: 'Object Repository/ADMIN/Page_Dashboard Admin  GetVaccine/a_Kelola Vaksin' is clicked on

2022-07-20 14:22:30 - [MESSAGE][PASSED] - Object: 'Object Repository/ADMIN/Page_Dashboard Admin  GetVaccine/a_Kelola Vaksin' is clicked on

2022-07-20 14:22:30 - [TEST_STEP][FAILED] - click(findTestObject("Page_Kelola Sesi  GetVaccine/btn_delete sinovac")): Unable to click on object 'Object Repository/Page_Kelola Sesi  GetVaccine/btn_delete sinovac' (Root cause: com.kms.katalon.core.exception.StepFailedException: Unable to click on object 'Object Repository/Page_Kelola Sesi  GetVaccine/btn_delete sinovac'
	at com.kms.katalon.core.webui.keyword.internal.WebUIKeywordMain.stepFailed(WebUIKeywordMain.groovy:64)
	at com.kms.katalon.core.webui.keyword.internal.WebUIKeywordMain.runKeyword(WebUIKeywordMain.groovy:26)
	at com.kms.katalon.core.webui.keyword.builtin.ClickKeyword.click(ClickKeyword.groovy:74)
	at com.kms.katalon.core.webui.keyword.builtin.ClickKeyword.execute(ClickKeyword.groovy:40)
	at com.kms.katalon.core.keyword.internal.KeywordExecutor.executeKeywordForPlatform(KeywordExecutor.groovy:74)
	at com.kms.katalon.core.webui.keyword.WebUiBuiltInKeywords.click(WebUiBuiltInKeywords.groovy:620)
	at com.kms.katalon.core.webui.keyword.WebUiBuiltInKeywords$click$2.call(Unknown Source)
	at TC_Delete.run(TC_Delete:26)
	at com.kms.katalon.core.main.ScriptEngine.run(ScriptEngine.java:194)
	at com.kms.katalon.core.main.ScriptEngine.runScriptAsRawText(ScriptEngine.java:119)
	at com.kms.katalon.core.main.TestCaseExecutor.runScript(TestCaseExecutor.java:442)
	at com.kms.katalon.core.main.TestCaseExecutor.doExecute(TestCaseExecutor.java:433)
	at com.kms.katalon.core.main.TestCaseExecutor.processExecutionPhase(TestCaseExecutor.java:412)
	at com.kms.katalon.core.main.TestCaseExecutor.accessMainPhase(TestCaseExecutor.java:404)
	at com.kms.katalon.core.main.TestCaseExecutor.execute(TestCaseExecutor.java:281)
	at com.kms.katalon.core.main.TestSuiteExecutor.accessTestCaseMainPhase(TestSuiteExecutor.java:202)
	at com.kms.katalon.core.main.TestSuiteExecutor.accessTestSuiteMainPhase(TestSuiteExecutor.java:164)
	at com.kms.katalon.core.main.TestSuiteExecutor.execute(TestSuiteExecutor.java:105)
	at com.kms.katalon.core.main.TestCaseMain.startTestSuite(TestCaseMain.java:185)
	at com.kms.katalon.core.main.TestCaseMain$startTestSuite$0.call(Unknown Source)
	at TempTestSuite1658300054987.run(TempTestSuite1658300054987.groovy:36)
Caused by: com.kms.katalon.core.webui.exception.WebElementNotFoundException: Web element with id: 'Object Repository/Page_Kelola Sesi  GetVaccine/btn_delete sinovac' located by '//*[@class = 'ant-btn ant-btn-danger VaccineModalDelete_button__1sYXt']' not found
	at com.kms.katalon.core.webui.common.WebUiCommonHelper.findWebElement(WebUiCommonHelper.java:1370)
	at com.kms.katalon.core.webui.keyword.internal.WebUIAbstractKeyword.findWebElement(WebUIAbstractKeyword.groovy:27)
	at com.kms.katalon.core.webui.keyword.builtin.ClickKeyword$_click_closure1.doCall(ClickKeyword.groovy:65)
	at com.kms.katalon.core.webui.keyword.builtin.ClickKeyword$_click_closure1.call(ClickKeyword.groovy)
	at com.kms.katalon.core.webui.keyword.internal.WebUIKeywordMain.runKeyword(WebUIKeywordMain.groovy:20)
	at com.kms.katalon.core.webui.keyword.builtin.ClickKeyword.click(ClickKeyword.groovy:74)
	at com.kms.katalon.core.webui.keyword.builtin.ClickKeyword.execute(ClickKeyword.groovy:40)
	at com.kms.katalon.core.keyword.internal.KeywordExecutor.executeKeywordForPlatform(KeywordExecutor.groovy:74)
	at com.kms.katalon.core.webui.keyword.WebUiBuiltInKeywords.click(WebUiBuiltInKeywords.groovy:620)
	at com.kms.katalon.core.webui.keyword.WebUiBuiltInKeywords$click$2.call(Unknown Source)
	at Script1658071247888.run(Script1658071247888.groovy:26)
	... 13 more
)

2022-07-20 14:23:30 - [MESSAGE][INFO] - Unable to find the element located by 'By.xpath: //*[@class = 'ant-btn ant-btn-danger VaccineModalDelete_button__1sYXt']'. Please recheck the objects properties to make sure the desired element is located. 

2022-07-20 14:23:30 - [MESSAGE][FAILED] - Unable to click on object 'Object Repository/Page_Kelola Sesi  GetVaccine/btn_delete sinovac' (Root cause: com.kms.katalon.core.exception.StepFailedException: Unable to click on object 'Object Repository/Page_Kelola Sesi  GetVaccine/btn_delete sinovac'
	at com.kms.katalon.core.webui.keyword.internal.WebUIKeywordMain.stepFailed(WebUIKeywordMain.groovy:64)
	at com.kms.katalon.core.webui.keyword.internal.WebUIKeywordMain.runKeyword(WebUIKeywordMain.groovy:26)
	at com.kms.katalon.core.webui.keyword.builtin.ClickKeyword.click(ClickKeyword.groovy:74)
	at com.kms.katalon.core.webui.keyword.builtin.ClickKeyword.execute(ClickKeyword.groovy:40)
	at com.kms.katalon.core.keyword.internal.KeywordExecutor.executeKeywordForPlatform(KeywordExecutor.groovy:74)
	at com.kms.katalon.core.webui.keyword.WebUiBuiltInKeywords.click(WebUiBuiltInKeywords.groovy:620)
	at com.kms.katalon.core.webui.keyword.WebUiBuiltInKeywords$click$2.call(Unknown Source)
	at TC_Delete.run(TC_Delete:26)
	at com.kms.katalon.core.main.ScriptEngine.run(ScriptEngine.java:194)
	at com.kms.katalon.core.main.ScriptEngine.runScriptAsRawText(ScriptEngine.java:119)
	at com.kms.katalon.core.main.TestCaseExecutor.runScript(TestCaseExecutor.java:442)
	at com.kms.katalon.core.main.TestCaseExecutor.doExecute(TestCaseExecutor.java:433)
	at com.kms.katalon.core.main.TestCaseExecutor.processExecutionPhase(TestCaseExecutor.java:412)
	at com.kms.katalon.core.main.TestCaseExecutor.accessMainPhase(TestCaseExecutor.java:404)
	at com.kms.katalon.core.main.TestCaseExecutor.execute(TestCaseExecutor.java:281)
	at com.kms.katalon.core.main.TestSuiteExecutor.accessTestCaseMainPhase(TestSuiteExecutor.java:202)
	at com.kms.katalon.core.main.TestSuiteExecutor.accessTestSuiteMainPhase(TestSuiteExecutor.java:164)
	at com.kms.katalon.core.main.TestSuiteExecutor.execute(TestSuiteExecutor.java:105)
	at com.kms.katalon.core.main.TestCaseMain.startTestSuite(TestCaseMain.java:185)
	at com.kms.katalon.core.main.TestCaseMain$startTestSuite$0.call(Unknown Source)
	at TempTestSuite1658300054987.run(TempTestSuite1658300054987.groovy:36)
Caused by: com.kms.katalon.core.webui.exception.WebElementNotFoundException: Web element with id: 'Object Repository/Page_Kelola Sesi  GetVaccine/btn_delete sinovac' located by '//*[@class = 'ant-btn ant-btn-danger VaccineModalDelete_button__1sYXt']' not found
	at com.kms.katalon.core.webui.common.WebUiCommonHelper.findWebElement(WebUiCommonHelper.java:1370)
	at com.kms.katalon.core.webui.keyword.internal.WebUIAbstractKeyword.findWebElement(WebUIAbstractKeyword.groovy:27)
	at com.kms.katalon.core.webui.keyword.builtin.ClickKeyword$_click_closure1.doCall(ClickKeyword.groovy:65)
	at com.kms.katalon.core.webui.keyword.builtin.ClickKeyword$_click_closure1.call(ClickKeyword.groovy)
	at com.kms.katalon.core.webui.keyword.internal.WebUIKeywordMain.runKeyword(WebUIKeywordMain.groovy:20)
	at com.kms.katalon.core.webui.keyword.builtin.ClickKeyword.click(ClickKeyword.groovy:74)
	at com.kms.katalon.core.webui.keyword.builtin.ClickKeyword.execute(ClickKeyword.groovy:40)
	at com.kms.katalon.core.keyword.internal.KeywordExecutor.executeKeywordForPlatform(KeywordExecutor.groovy:74)
	at com.kms.katalon.core.webui.keyword.WebUiBuiltInKeywords.click(WebUiBuiltInKeywords.groovy:620)
	at com.kms.katalon.core.webui.keyword.WebUiBuiltInKeywords$click$2.call(Unknown Source)
	at Script1658071247888.run(Script1658071247888.groovy:26)
	... 13 more
)
[[ATTACHMENT|C:\\Users\\Thinkpad X260\\git\\CapstoneWEBSITE\\Reports\\20220720_135413\\TS_ADMIN\\20220720_135414\\1658301810463.png]]]]></system-out>
         <system-err><![CDATA[2022-07-20 14:22:17 - [TEST_CASE][FAILED] - Test Cases/ADMIN/Kelola Vaksinasi/TC_Delete: Test Cases/ADMIN/Kelola Vaksinasi/TC_Delete FAILED.
Reason:
com.kms.katalon.core.exception.StepFailedException: Unable to click on object 'Object Repository/Page_Kelola Sesi  GetVaccine/btn_delete sinovac'
	at com.kms.katalon.core.webui.keyword.internal.WebUIKeywordMain.stepFailed(WebUIKeywordMain.groovy:64)
	at com.kms.katalon.core.webui.keyword.internal.WebUIKeywordMain.runKeyword(WebUIKeywordMain.groovy:26)
	at com.kms.katalon.core.webui.keyword.builtin.ClickKeyword.click(ClickKeyword.groovy:74)
	at com.kms.katalon.core.webui.keyword.builtin.ClickKeyword.execute(ClickKeyword.groovy:40)
	at com.kms.katalon.core.keyword.internal.KeywordExecutor.executeKeywordForPlatform(KeywordExecutor.groovy:74)
	at com.kms.katalon.core.webui.keyword.WebUiBuiltInKeywords.click(WebUiBuiltInKeywords.groovy:620)
	at com.kms.katalon.core.webui.keyword.WebUiBuiltInKeywords$click$2.call(Unknown Source)
	at TC_Delete.run(TC_Delete:26)
	at com.kms.katalon.core.main.ScriptEngine.run(ScriptEngine.java:194)
	at com.kms.katalon.core.main.ScriptEngine.runScriptAsRawText(ScriptEngine.java:119)
	at com.kms.katalon.core.main.TestCaseExecutor.runScript(TestCaseExecutor.java:442)
	at com.kms.katalon.core.main.TestCaseExecutor.doExecute(TestCaseExecutor.java:433)
	at com.kms.katalon.core.main.TestCaseExecutor.processExecutionPhase(TestCaseExecutor.java:412)
	at com.kms.katalon.core.main.TestCaseExecutor.accessMainPhase(TestCaseExecutor.java:404)
	at com.kms.katalon.core.main.TestCaseExecutor.execute(TestCaseExecutor.java:281)
	at com.kms.katalon.core.main.TestSuiteExecutor.accessTestCaseMainPhase(TestSuiteExecutor.java:202)
	at com.kms.katalon.core.main.TestSuiteExecutor.accessTestSuiteMainPhase(TestSuiteExecutor.java:164)
	at com.kms.katalon.core.main.TestSuiteExecutor.execute(TestSuiteExecutor.java:105)
	at com.kms.katalon.core.main.TestCaseMain.startTestSuite(TestCaseMain.java:185)
	at com.kms.katalon.core.main.TestCaseMain$startTestSuite$0.call(Unknown Source)
	at TempTestSuite1658300054987.run(TempTestSuite1658300054987.groovy:36)
Caused by: com.kms.katalon.core.webui.exception.WebElementNotFoundException: Web element with id: 'Object Repository/Page_Kelola Sesi  GetVaccine/btn_delete sinovac' located by '//*[@class = 'ant-btn ant-btn-danger VaccineModalDelete_button__1sYXt']' not found
	at com.kms.katalon.core.webui.common.WebUiCommonHelper.findWebElement(WebUiCommonHelper.java:1370)
	at com.kms.katalon.core.webui.keyword.internal.WebUIAbstractKeyword.findWebElement(WebUIAbstractKeyword.groovy:27)
	at com.kms.katalon.core.webui.keyword.builtin.ClickKeyword$_click_closure1.doCall(ClickKeyword.groovy:65)
	at com.kms.katalon.core.webui.keyword.builtin.ClickKeyword$_click_closure1.call(ClickKeyword.groovy)
	at com.kms.katalon.core.webui.keyword.internal.WebUIKeywordMain.runKeyword(WebUIKeywordMain.groovy:20)
	... 19 more]]></system-err>
      </testcase>
      <testcase name="Test Cases/ADMIN/PROFIL/TC_View Profile" time="65.622" classname="Test Cases/ADMIN/PROFIL/TC_View Profile" status="FAILED">
         <failure type="FAILED" message="Test Cases/ADMIN/PROFIL/TC_View Profile FAILED.
Reason:
com.kms.katalon.core.exception.StepFailedException: Unable to verify object 'Object Repository/ADMIN/Page_Profil Admin  GetVaccine/h3_Informasi Fasilitas Kesehatan' is present
	at com.kms.katalon.core.webui.keyword.internal.WebUIKeywordMain.stepFailed(WebUIKeywordMain.groovy:64)
	at com.kms.katalon.core.webui.keyword.internal.WebUIKeywordMain.runKeyword(WebUIKeywordMain.groovy:26)
	at com.kms.katalon.core.webui.keyword.builtin.VerifyElementPresentKeyword.verifyElementPresent(VerifyElementPresentKeyword.groovy:92)
	at com.kms.katalon.core.webui.keyword.builtin.VerifyElementPresentKeyword.execute(VerifyElementPresentKeyword.groovy:68)
	at com.kms.katalon.core.keyword.internal.KeywordExecutor.executeKeywordForPlatform(KeywordExecutor.groovy:74)
	at com.kms.katalon.core.webui.keyword.WebUiBuiltInKeywords.verifyElementPresent(WebUiBuiltInKeywords.groovy:1464)
	at com.kms.katalon.core.webui.keyword.WebUiBuiltInKeywords$verifyElementPresent$1.call(Unknown Source)
	at TC_View Profile.run(TC_View Profile:24)
	at com.kms.katalon.core.main.ScriptEngine.run(ScriptEngine.java:194)
	at com.kms.katalon.core.main.ScriptEngine.runScriptAsRawText(ScriptEngine.java:119)
	at com.kms.katalon.core.main.TestCaseExecutor.runScript(TestCaseExecutor.java:442)
	at com.kms.katalon.core.main.TestCaseExecutor.doExecute(TestCaseExecutor.java:433)
	at com.kms.katalon.core.main.TestCaseExecutor.processExecutionPhase(TestCaseExecutor.java:412)
	at com.kms.katalon.core.main.TestCaseExecutor.accessMainPhase(TestCaseExecutor.java:404)
	at com.kms.katalon.core.main.TestCaseExecutor.execute(TestCaseExecutor.java:281)
	at com.kms.katalon.core.main.TestSuiteExecutor.accessTestCaseMainPhase(TestSuiteExecutor.java:202)
	at com.kms.katalon.core.main.TestSuiteExecutor.accessTestSuiteMainPhase(TestSuiteExecutor.java:164)
	at com.kms.katalon.core.main.TestSuiteExecutor.execute(TestSuiteExecutor.java:105)
	at com.kms.katalon.core.main.TestCaseMain.startTestSuite(TestCaseMain.java:185)
	at com.kms.katalon.core.main.TestCaseMain$startTestSuite$0.call(Unknown Source)
	at TempTestSuite1658300054987.run(TempTestSuite1658300054987.groovy:36)
Caused by: com.kms.katalon.core.exception.StepFailedException: com.kms.katalon.core.webui.exception.WebElementNotFoundException: Web element with id: 'Object Repository/ADMIN/Page_Profil Admin  GetVaccine/h3_Informasi Fasilitas Kesehatan' located by '//div[@id='root']/div/div[2]/main/div/div[2]/div/div[2]/div/h3' not found
	at com.kms.katalon.core.webui.keyword.internal.WebUIKeywordMain.stepFailed(WebUIKeywordMain.groovy:64)
	at com.kms.katalon.core.webui.keyword.builtin.VerifyElementPresentKeyword$_verifyElementPresent_closure1.doCall(VerifyElementPresentKeyword.groovy:85)
	at com.kms.katalon.core.webui.keyword.builtin.VerifyElementPresentKeyword$_verifyElementPresent_closure1.call(VerifyElementPresentKeyword.groovy)
	at com.kms.katalon.core.webui.keyword.internal.WebUIKeywordMain.runKeyword(WebUIKeywordMain.groovy:20)
	... 19 more
"/>
         <system-out><![CDATA[2022-07-20 14:23:30 - [TEST_CASE][FAILED] - Test Cases/ADMIN/PROFIL/TC_View Profile: Test Cases/ADMIN/PROFIL/TC_View Profile FAILED.
Reason:
com.kms.katalon.core.exception.StepFailedException: Unable to verify object 'Object Repository/ADMIN/Page_Profil Admin  GetVaccine/h3_Informasi Fasilitas Kesehatan' is present
	at com.kms.katalon.core.webui.keyword.internal.WebUIKeywordMain.stepFailed(WebUIKeywordMain.groovy:64)
	at com.kms.katalon.core.webui.keyword.internal.WebUIKeywordMain.runKeyword(WebUIKeywordMain.groovy:26)
	at com.kms.katalon.core.webui.keyword.builtin.VerifyElementPresentKeyword.verifyElementPresent(VerifyElementPresentKeyword.groovy:92)
	at com.kms.katalon.core.webui.keyword.builtin.VerifyElementPresentKeyword.execute(VerifyElementPresentKeyword.groovy:68)
	at com.kms.katalon.core.keyword.internal.KeywordExecutor.executeKeywordForPlatform(KeywordExecutor.groovy:74)
	at com.kms.katalon.core.webui.keyword.WebUiBuiltInKeywords.verifyElementPresent(WebUiBuiltInKeywords.groovy:1464)
	at com.kms.katalon.core.webui.keyword.WebUiBuiltInKeywords$verifyElementPresent$1.call(Unknown Source)
	at TC_View Profile.run(TC_View Profile:24)
	at com.kms.katalon.core.main.ScriptEngine.run(ScriptEngine.java:194)
	at com.kms.katalon.core.main.ScriptEngine.runScriptAsRawText(ScriptEngine.java:119)
	at com.kms.katalon.core.main.TestCaseExecutor.runScript(TestCaseExecutor.java:442)
	at com.kms.katalon.core.main.TestCaseExecutor.doExecute(TestCaseExecutor.java:433)
	at com.kms.katalon.core.main.TestCaseExecutor.processExecutionPhase(TestCaseExecutor.java:412)
	at com.kms.katalon.core.main.TestCaseExecutor.accessMainPhase(TestCaseExecutor.java:404)
	at com.kms.katalon.core.main.TestCaseExecutor.execute(TestCaseExecutor.java:281)
	at com.kms.katalon.core.main.TestSuiteExecutor.accessTestCaseMainPhase(TestSuiteExecutor.java:202)
	at com.kms.katalon.core.main.TestSuiteExecutor.accessTestSuiteMainPhase(TestSuiteExecutor.java:164)
	at com.kms.katalon.core.main.TestSuiteExecutor.execute(TestSuiteExecutor.java:105)
	at com.kms.katalon.core.main.TestCaseMain.startTestSuite(TestCaseMain.java:185)
	at com.kms.katalon.core.main.TestCaseMain$startTestSuite$0.call(Unknown Source)
	at TempTestSuite1658300054987.run(TempTestSuite1658300054987.groovy:36)
Caused by: com.kms.katalon.core.exception.StepFailedException: com.kms.katalon.core.webui.exception.WebElementNotFoundException: Web element with id: 'Object Repository/ADMIN/Page_Profil Admin  GetVaccine/h3_Informasi Fasilitas Kesehatan' located by '//div[@id='root']/div/div[2]/main/div/div[2]/div/div[2]/div/h3' not found
	at com.kms.katalon.core.webui.keyword.internal.WebUIKeywordMain.stepFailed(WebUIKeywordMain.groovy:64)
	at com.kms.katalon.core.webui.keyword.builtin.VerifyElementPresentKeyword$_verifyElementPresent_closure1.doCall(VerifyElementPresentKeyword.groovy:85)
	at com.kms.katalon.core.webui.keyword.builtin.VerifyElementPresentKeyword$_verifyElementPresent_closure1.call(VerifyElementPresentKeyword.groovy)
	at com.kms.katalon.core.webui.keyword.internal.WebUIKeywordMain.runKeyword(WebUIKeywordMain.groovy:20)
	... 19 more


2022-07-20 14:23:31 - [TEST_STEP][PASSED] - click(findTestObject("Object Repository/ADMIN/Page_Dashboard Admin  GetVaccine/a_Overview")): Object: 'Object Repository/ADMIN/Page_Dashboard Admin  GetVaccine/a_Overview' is clicked on

2022-07-20 14:24:01 - [MESSAGE][PASSED] - Object: 'Object Repository/ADMIN/Page_Dashboard Admin  GetVaccine/a_Overview' is clicked on

2022-07-20 14:24:01 - [TEST_STEP][PASSED] - click(findTestObject("Object Repository/ADMIN/Page_Dashboard Admin  GetVaccine/a_Profil Admin")): Object: 'Object Repository/ADMIN/Page_Dashboard Admin  GetVaccine/a_Profil Admin' is clicked on

2022-07-20 14:24:03 - [MESSAGE][PASSED] - Object: 'Object Repository/ADMIN/Page_Dashboard Admin  GetVaccine/a_Profil Admin' is clicked on

2022-07-20 14:24:03 - [TEST_STEP][FAILED] - verifyElementPresent(findTestObject("Object Repository/ADMIN/Page_Profil Admin  GetVaccine/h3_Informasi Fasilitas Kesehatan"), 0): Unable to verify object 'Object Repository/ADMIN/Page_Profil Admin  GetVaccine/h3_Informasi Fasilitas Kesehatan' is present (Root cause: com.kms.katalon.core.exception.StepFailedException: Unable to verify object 'Object Repository/ADMIN/Page_Profil Admin  GetVaccine/h3_Informasi Fasilitas Kesehatan' is present
	at com.kms.katalon.core.webui.keyword.internal.WebUIKeywordMain.stepFailed(WebUIKeywordMain.groovy:64)
	at com.kms.katalon.core.webui.keyword.internal.WebUIKeywordMain.runKeyword(WebUIKeywordMain.groovy:26)
	at com.kms.katalon.core.webui.keyword.builtin.VerifyElementPresentKeyword.verifyElementPresent(VerifyElementPresentKeyword.groovy:92)
	at com.kms.katalon.core.webui.keyword.builtin.VerifyElementPresentKeyword.execute(VerifyElementPresentKeyword.groovy:68)
	at com.kms.katalon.core.keyword.internal.KeywordExecutor.executeKeywordForPlatform(KeywordExecutor.groovy:74)
	at com.kms.katalon.core.webui.keyword.WebUiBuiltInKeywords.verifyElementPresent(WebUiBuiltInKeywords.groovy:1464)
	at com.kms.katalon.core.webui.keyword.WebUiBuiltInKeywords$verifyElementPresent$1.call(Unknown Source)
	at TC_View Profile.run(TC_View Profile:24)
	at com.kms.katalon.core.main.ScriptEngine.run(ScriptEngine.java:194)
	at com.kms.katalon.core.main.ScriptEngine.runScriptAsRawText(ScriptEngine.java:119)
	at com.kms.katalon.core.main.TestCaseExecutor.runScript(TestCaseExecutor.java:442)
	at com.kms.katalon.core.main.TestCaseExecutor.doExecute(TestCaseExecutor.java:433)
	at com.kms.katalon.core.main.TestCaseExecutor.processExecutionPhase(TestCaseExecutor.java:412)
	at com.kms.katalon.core.main.TestCaseExecutor.accessMainPhase(TestCaseExecutor.java:404)
	at com.kms.katalon.core.main.TestCaseExecutor.execute(TestCaseExecutor.java:281)
	at com.kms.katalon.core.main.TestSuiteExecutor.accessTestCaseMainPhase(TestSuiteExecutor.java:202)
	at com.kms.katalon.core.main.TestSuiteExecutor.accessTestSuiteMainPhase(TestSuiteExecutor.java:164)
	at com.kms.katalon.core.main.TestSuiteExecutor.execute(TestSuiteExecutor.java:105)
	at com.kms.katalon.core.main.TestCaseMain.startTestSuite(TestCaseMain.java:185)
	at com.kms.katalon.core.main.TestCaseMain$startTestSuite$0.call(Unknown Source)
	at TempTestSuite1658300054987.run(TempTestSuite1658300054987.groovy:36)
Caused by: com.kms.katalon.core.exception.StepFailedException: com.kms.katalon.core.webui.exception.WebElementNotFoundException: Web element with id: 'Object Repository/ADMIN/Page_Profil Admin  GetVaccine/h3_Informasi Fasilitas Kesehatan' located by '//div[@id='root']/div/div[2]/main/div/div[2]/div/div[2]/div/h3' not found
	at com.kms.katalon.core.webui.keyword.internal.WebUIKeywordMain.stepFailed(WebUIKeywordMain.groovy:64)
	at com.kms.katalon.core.webui.keyword.builtin.VerifyElementPresentKeyword$_verifyElementPresent_closure1.doCall(VerifyElementPresentKeyword.groovy:85)
	at com.kms.katalon.core.webui.keyword.builtin.VerifyElementPresentKeyword$_verifyElementPresent_closure1.call(VerifyElementPresentKeyword.groovy)
	at com.kms.katalon.core.webui.keyword.internal.WebUIKeywordMain.runKeyword(WebUIKeywordMain.groovy:20)
	... 19 more
)

2022-07-20 14:24:03 - [MESSAGE][WARNING] - Timeout '0' is invalid. Using default page load timeout: '30'

2022-07-20 14:24:36 - [MESSAGE][INFO] - Unable to find the element located by 'By.xpath: //div[@id='root']/div/div[2]/main/div/div[2]/div/div[2]/div/h3'. Please recheck the objects properties to make sure the desired element is located. 

2022-07-20 14:24:36 - [MESSAGE][FAILED] - com.kms.katalon.core.webui.exception.WebElementNotFoundException: Web element with id: 'Object Repository/ADMIN/Page_Profil Admin  GetVaccine/h3_Informasi Fasilitas Kesehatan' located by '//div[@id='root']/div/div[2]/main/div/div[2]/div/div[2]/div/h3' not found (Root cause: com.kms.katalon.core.exception.StepFailedException: com.kms.katalon.core.webui.exception.WebElementNotFoundException: Web element with id: 'Object Repository/ADMIN/Page_Profil Admin  GetVaccine/h3_Informasi Fasilitas Kesehatan' located by '//div[@id='root']/div/div[2]/main/div/div[2]/div/div[2]/div/h3' not found
	at com.kms.katalon.core.webui.keyword.internal.WebUIKeywordMain.stepFailed(WebUIKeywordMain.groovy:64)
	at com.kms.katalon.core.webui.keyword.builtin.VerifyElementPresentKeyword$_verifyElementPresent_closure1.doCall(VerifyElementPresentKeyword.groovy:85)
	at com.kms.katalon.core.webui.keyword.builtin.VerifyElementPresentKeyword$_verifyElementPresent_closure1.call(VerifyElementPresentKeyword.groovy)
	at com.kms.katalon.core.webui.keyword.internal.WebUIKeywordMain.runKeyword(WebUIKeywordMain.groovy:20)
	at com.kms.katalon.core.webui.keyword.builtin.VerifyElementPresentKeyword.verifyElementPresent(VerifyElementPresentKeyword.groovy:92)
	at com.kms.katalon.core.webui.keyword.builtin.VerifyElementPresentKeyword.execute(VerifyElementPresentKeyword.groovy:68)
	at com.kms.katalon.core.keyword.internal.KeywordExecutor.executeKeywordForPlatform(KeywordExecutor.groovy:74)
	at com.kms.katalon.core.webui.keyword.WebUiBuiltInKeywords.verifyElementPresent(WebUiBuiltInKeywords.groovy:1464)
	at com.kms.katalon.core.webui.keyword.WebUiBuiltInKeywords$verifyElementPresent$1.call(Unknown Source)
	at TC_View Profile.run(TC_View Profile:24)
	at com.kms.katalon.core.main.ScriptEngine.run(ScriptEngine.java:194)
	at com.kms.katalon.core.main.ScriptEngine.runScriptAsRawText(ScriptEngine.java:119)
	at com.kms.katalon.core.main.TestCaseExecutor.runScript(TestCaseExecutor.java:442)
	at com.kms.katalon.core.main.TestCaseExecutor.doExecute(TestCaseExecutor.java:433)
	at com.kms.katalon.core.main.TestCaseExecutor.processExecutionPhase(TestCaseExecutor.java:412)
	at com.kms.katalon.core.main.TestCaseExecutor.accessMainPhase(TestCaseExecutor.java:404)
	at com.kms.katalon.core.main.TestCaseExecutor.execute(TestCaseExecutor.java:281)
	at com.kms.katalon.core.main.TestSuiteExecutor.accessTestCaseMainPhase(TestSuiteExecutor.java:202)
	at com.kms.katalon.core.main.TestSuiteExecutor.accessTestSuiteMainPhase(TestSuiteExecutor.java:164)
	at com.kms.katalon.core.main.TestSuiteExecutor.execute(TestSuiteExecutor.java:105)
	at com.kms.katalon.core.main.TestCaseMain.startTestSuite(TestCaseMain.java:185)
	at com.kms.katalon.core.main.TestCaseMain$startTestSuite$0.call(Unknown Source)
	at TempTestSuite1658300054987.run(TempTestSuite1658300054987.groovy:36)
)
[[ATTACHMENT|C:\\Users\\Thinkpad X260\\git\\CapstoneWEBSITE\\Reports\\20220720_135413\\TS_ADMIN\\20220720_135414\\1658301876093.png]]

2022-07-20 14:24:36 - [MESSAGE][FAILED] - Unable to verify object 'Object Repository/ADMIN/Page_Profil Admin  GetVaccine/h3_Informasi Fasilitas Kesehatan' is present (Root cause: com.kms.katalon.core.exception.StepFailedException: Unable to verify object 'Object Repository/ADMIN/Page_Profil Admin  GetVaccine/h3_Informasi Fasilitas Kesehatan' is present
	at com.kms.katalon.core.webui.keyword.internal.WebUIKeywordMain.stepFailed(WebUIKeywordMain.groovy:64)
	at com.kms.katalon.core.webui.keyword.internal.WebUIKeywordMain.runKeyword(WebUIKeywordMain.groovy:26)
	at com.kms.katalon.core.webui.keyword.builtin.VerifyElementPresentKeyword.verifyElementPresent(VerifyElementPresentKeyword.groovy:92)
	at com.kms.katalon.core.webui.keyword.builtin.VerifyElementPresentKeyword.execute(VerifyElementPresentKeyword.groovy:68)
	at com.kms.katalon.core.keyword.internal.KeywordExecutor.executeKeywordForPlatform(KeywordExecutor.groovy:74)
	at com.kms.katalon.core.webui.keyword.WebUiBuiltInKeywords.verifyElementPresent(WebUiBuiltInKeywords.groovy:1464)
	at com.kms.katalon.core.webui.keyword.WebUiBuiltInKeywords$verifyElementPresent$1.call(Unknown Source)
	at TC_View Profile.run(TC_View Profile:24)
	at com.kms.katalon.core.main.ScriptEngine.run(ScriptEngine.java:194)
	at com.kms.katalon.core.main.ScriptEngine.runScriptAsRawText(ScriptEngine.java:119)
	at com.kms.katalon.core.main.TestCaseExecutor.runScript(TestCaseExecutor.java:442)
	at com.kms.katalon.core.main.TestCaseExecutor.doExecute(TestCaseExecutor.java:433)
	at com.kms.katalon.core.main.TestCaseExecutor.processExecutionPhase(TestCaseExecutor.java:412)
	at com.kms.katalon.core.main.TestCaseExecutor.accessMainPhase(TestCaseExecutor.java:404)
	at com.kms.katalon.core.main.TestCaseExecutor.execute(TestCaseExecutor.java:281)
	at com.kms.katalon.core.main.TestSuiteExecutor.accessTestCaseMainPhase(TestSuiteExecutor.java:202)
	at com.kms.katalon.core.main.TestSuiteExecutor.accessTestSuiteMainPhase(TestSuiteExecutor.java:164)
	at com.kms.katalon.core.main.TestSuiteExecutor.execute(TestSuiteExecutor.java:105)
	at com.kms.katalon.core.main.TestCaseMain.startTestSuite(TestCaseMain.java:185)
	at com.kms.katalon.core.main.TestCaseMain$startTestSuite$0.call(Unknown Source)
	at TempTestSuite1658300054987.run(TempTestSuite1658300054987.groovy:36)
Caused by: com.kms.katalon.core.exception.StepFailedException: com.kms.katalon.core.webui.exception.WebElementNotFoundException: Web element with id: 'Object Repository/ADMIN/Page_Profil Admin  GetVaccine/h3_Informasi Fasilitas Kesehatan' located by '//div[@id='root']/div/div[2]/main/div/div[2]/div/div[2]/div/h3' not found
	at com.kms.katalon.core.webui.keyword.internal.WebUIKeywordMain.stepFailed(WebUIKeywordMain.groovy:64)
	at com.kms.katalon.core.webui.keyword.builtin.VerifyElementPresentKeyword$_verifyElementPresent_closure1.doCall(VerifyElementPresentKeyword.groovy:85)
	at com.kms.katalon.core.webui.keyword.builtin.VerifyElementPresentKeyword$_verifyElementPresent_closure1.call(VerifyElementPresentKeyword.groovy)
	at com.kms.katalon.core.webui.keyword.internal.WebUIKeywordMain.runKeyword(WebUIKeywordMain.groovy:20)
	... 19 more
)
[[ATTACHMENT|C:\\Users\\Thinkpad X260\\git\\CapstoneWEBSITE\\Reports\\20220720_135413\\TS_ADMIN\\20220720_135414\\1658301876196.png]]]]></system-out>
         <system-err><![CDATA[2022-07-20 14:23:30 - [TEST_CASE][FAILED] - Test Cases/ADMIN/PROFIL/TC_View Profile: Test Cases/ADMIN/PROFIL/TC_View Profile FAILED.
Reason:
com.kms.katalon.core.exception.StepFailedException: Unable to verify object 'Object Repository/ADMIN/Page_Profil Admin  GetVaccine/h3_Informasi Fasilitas Kesehatan' is present
	at com.kms.katalon.core.webui.keyword.internal.WebUIKeywordMain.stepFailed(WebUIKeywordMain.groovy:64)
	at com.kms.katalon.core.webui.keyword.internal.WebUIKeywordMain.runKeyword(WebUIKeywordMain.groovy:26)
	at com.kms.katalon.core.webui.keyword.builtin.VerifyElementPresentKeyword.verifyElementPresent(VerifyElementPresentKeyword.groovy:92)
	at com.kms.katalon.core.webui.keyword.builtin.VerifyElementPresentKeyword.execute(VerifyElementPresentKeyword.groovy:68)
	at com.kms.katalon.core.keyword.internal.KeywordExecutor.executeKeywordForPlatform(KeywordExecutor.groovy:74)
	at com.kms.katalon.core.webui.keyword.WebUiBuiltInKeywords.verifyElementPresent(WebUiBuiltInKeywords.groovy:1464)
	at com.kms.katalon.core.webui.keyword.WebUiBuiltInKeywords$verifyElementPresent$1.call(Unknown Source)
	at TC_View Profile.run(TC_View Profile:24)
	at com.kms.katalon.core.main.ScriptEngine.run(ScriptEngine.java:194)
	at com.kms.katalon.core.main.ScriptEngine.runScriptAsRawText(ScriptEngine.java:119)
	at com.kms.katalon.core.main.TestCaseExecutor.runScript(TestCaseExecutor.java:442)
	at com.kms.katalon.core.main.TestCaseExecutor.doExecute(TestCaseExecutor.java:433)
	at com.kms.katalon.core.main.TestCaseExecutor.processExecutionPhase(TestCaseExecutor.java:412)
	at com.kms.katalon.core.main.TestCaseExecutor.accessMainPhase(TestCaseExecutor.java:404)
	at com.kms.katalon.core.main.TestCaseExecutor.execute(TestCaseExecutor.java:281)
	at com.kms.katalon.core.main.TestSuiteExecutor.accessTestCaseMainPhase(TestSuiteExecutor.java:202)
	at com.kms.katalon.core.main.TestSuiteExecutor.accessTestSuiteMainPhase(TestSuiteExecutor.java:164)
	at com.kms.katalon.core.main.TestSuiteExecutor.execute(TestSuiteExecutor.java:105)
	at com.kms.katalon.core.main.TestCaseMain.startTestSuite(TestCaseMain.java:185)
	at com.kms.katalon.core.main.TestCaseMain$startTestSuite$0.call(Unknown Source)
	at TempTestSuite1658300054987.run(TempTestSuite1658300054987.groovy:36)
Caused by: com.kms.katalon.core.exception.StepFailedException: com.kms.katalon.core.webui.exception.WebElementNotFoundException: Web element with id: 'Object Repository/ADMIN/Page_Profil Admin  GetVaccine/h3_Informasi Fasilitas Kesehatan' located by '//div[@id='root']/div/div[2]/main/div/div[2]/div/div[2]/div/h3' not found
	at com.kms.katalon.core.webui.keyword.internal.WebUIKeywordMain.stepFailed(WebUIKeywordMain.groovy:64)
	at com.kms.katalon.core.webui.keyword.builtin.VerifyElementPresentKeyword$_verifyElementPresent_closure1.doCall(VerifyElementPresentKeyword.groovy:85)
	at com.kms.katalon.core.webui.keyword.builtin.VerifyElementPresentKeyword$_verifyElementPresent_closure1.call(VerifyElementPresentKeyword.groovy)
	at com.kms.katalon.core.webui.keyword.internal.WebUIKeywordMain.runKeyword(WebUIKeywordMain.groovy:20)
	... 19 more]]></system-err>
      </testcase>
      <testcase name="Test Cases/ADMIN/PROFIL/TC_Edit Profile" time="31.94" classname="Test Cases/ADMIN/PROFIL/TC_Edit Profile" status="FAILED">
         <failure type="FAILED" message="Test Cases/ADMIN/PROFIL/TC_Edit Profile FAILED.
Reason:
com.kms.katalon.core.exception.StepFailedException: Unable to click on object 'Object Repository/ADMIN/Page_Profil Admin  GetVaccine/a_Edit'
	at com.kms.katalon.core.webui.keyword.internal.WebUIKeywordMain.stepFailed(WebUIKeywordMain.groovy:64)
	at com.kms.katalon.core.webui.keyword.internal.WebUIKeywordMain.runKeyword(WebUIKeywordMain.groovy:26)
	at com.kms.katalon.core.webui.keyword.builtin.ClickKeyword.click(ClickKeyword.groovy:74)
	at com.kms.katalon.core.webui.keyword.builtin.ClickKeyword.execute(ClickKeyword.groovy:40)
	at com.kms.katalon.core.keyword.internal.KeywordExecutor.executeKeywordForPlatform(KeywordExecutor.groovy:74)
	at com.kms.katalon.core.webui.keyword.WebUiBuiltInKeywords.click(WebUiBuiltInKeywords.groovy:620)
	at com.kms.katalon.core.webui.keyword.WebUiBuiltInKeywords$click$2.call(Unknown Source)
	at TC_Edit Profile.run(TC_Edit Profile:20)
	at com.kms.katalon.core.main.ScriptEngine.run(ScriptEngine.java:194)
	at com.kms.katalon.core.main.ScriptEngine.runScriptAsRawText(ScriptEngine.java:119)
	at com.kms.katalon.core.main.TestCaseExecutor.runScript(TestCaseExecutor.java:442)
	at com.kms.katalon.core.main.TestCaseExecutor.doExecute(TestCaseExecutor.java:433)
	at com.kms.katalon.core.main.TestCaseExecutor.processExecutionPhase(TestCaseExecutor.java:412)
	at com.kms.katalon.core.main.TestCaseExecutor.accessMainPhase(TestCaseExecutor.java:404)
	at com.kms.katalon.core.main.TestCaseExecutor.execute(TestCaseExecutor.java:281)
	at com.kms.katalon.core.main.TestSuiteExecutor.accessTestCaseMainPhase(TestSuiteExecutor.java:202)
	at com.kms.katalon.core.main.TestSuiteExecutor.accessTestSuiteMainPhase(TestSuiteExecutor.java:164)
	at com.kms.katalon.core.main.TestSuiteExecutor.execute(TestSuiteExecutor.java:105)
	at com.kms.katalon.core.main.TestCaseMain.startTestSuite(TestCaseMain.java:185)
	at com.kms.katalon.core.main.TestCaseMain$startTestSuite$0.call(Unknown Source)
	at TempTestSuite1658300054987.run(TempTestSuite1658300054987.groovy:36)
Caused by: com.kms.katalon.core.webui.exception.WebElementNotFoundException: Web element with id: 'Object Repository/ADMIN/Page_Profil Admin  GetVaccine/a_Edit' located by '//div[@id='root']/div/div[2]/main/div/div[2]/div/div[2]/div/div[3]/div/form/div[3]/div/div/div/button/a' not found
	at com.kms.katalon.core.webui.common.WebUiCommonHelper.findWebElement(WebUiCommonHelper.java:1370)
	at com.kms.katalon.core.webui.keyword.internal.WebUIAbstractKeyword.findWebElement(WebUIAbstractKeyword.groovy:27)
	at com.kms.katalon.core.webui.keyword.builtin.ClickKeyword$_click_closure1.doCall(ClickKeyword.groovy:65)
	at com.kms.katalon.core.webui.keyword.builtin.ClickKeyword$_click_closure1.call(ClickKeyword.groovy)
	at com.kms.katalon.core.webui.keyword.internal.WebUIKeywordMain.runKeyword(WebUIKeywordMain.groovy:20)
	... 19 more
"/>
         <system-out><![CDATA[2022-07-20 14:24:36 - [TEST_CASE][FAILED] - Test Cases/ADMIN/PROFIL/TC_Edit Profile: Test Cases/ADMIN/PROFIL/TC_Edit Profile FAILED.
Reason:
com.kms.katalon.core.exception.StepFailedException: Unable to click on object 'Object Repository/ADMIN/Page_Profil Admin  GetVaccine/a_Edit'
	at com.kms.katalon.core.webui.keyword.internal.WebUIKeywordMain.stepFailed(WebUIKeywordMain.groovy:64)
	at com.kms.katalon.core.webui.keyword.internal.WebUIKeywordMain.runKeyword(WebUIKeywordMain.groovy:26)
	at com.kms.katalon.core.webui.keyword.builtin.ClickKeyword.click(ClickKeyword.groovy:74)
	at com.kms.katalon.core.webui.keyword.builtin.ClickKeyword.execute(ClickKeyword.groovy:40)
	at com.kms.katalon.core.keyword.internal.KeywordExecutor.executeKeywordForPlatform(KeywordExecutor.groovy:74)
	at com.kms.katalon.core.webui.keyword.WebUiBuiltInKeywords.click(WebUiBuiltInKeywords.groovy:620)
	at com.kms.katalon.core.webui.keyword.WebUiBuiltInKeywords$click$2.call(Unknown Source)
	at TC_Edit Profile.run(TC_Edit Profile:20)
	at com.kms.katalon.core.main.ScriptEngine.run(ScriptEngine.java:194)
	at com.kms.katalon.core.main.ScriptEngine.runScriptAsRawText(ScriptEngine.java:119)
	at com.kms.katalon.core.main.TestCaseExecutor.runScript(TestCaseExecutor.java:442)
	at com.kms.katalon.core.main.TestCaseExecutor.doExecute(TestCaseExecutor.java:433)
	at com.kms.katalon.core.main.TestCaseExecutor.processExecutionPhase(TestCaseExecutor.java:412)
	at com.kms.katalon.core.main.TestCaseExecutor.accessMainPhase(TestCaseExecutor.java:404)
	at com.kms.katalon.core.main.TestCaseExecutor.execute(TestCaseExecutor.java:281)
	at com.kms.katalon.core.main.TestSuiteExecutor.accessTestCaseMainPhase(TestSuiteExecutor.java:202)
	at com.kms.katalon.core.main.TestSuiteExecutor.accessTestSuiteMainPhase(TestSuiteExecutor.java:164)
	at com.kms.katalon.core.main.TestSuiteExecutor.execute(TestSuiteExecutor.java:105)
	at com.kms.katalon.core.main.TestCaseMain.startTestSuite(TestCaseMain.java:185)
	at com.kms.katalon.core.main.TestCaseMain$startTestSuite$0.call(Unknown Source)
	at TempTestSuite1658300054987.run(TempTestSuite1658300054987.groovy:36)
Caused by: com.kms.katalon.core.webui.exception.WebElementNotFoundException: Web element with id: 'Object Repository/ADMIN/Page_Profil Admin  GetVaccine/a_Edit' located by '//div[@id='root']/div/div[2]/main/div/div[2]/div/div[2]/div/div[3]/div/form/div[3]/div/div/div/button/a' not found
	at com.kms.katalon.core.webui.common.WebUiCommonHelper.findWebElement(WebUiCommonHelper.java:1370)
	at com.kms.katalon.core.webui.keyword.internal.WebUIAbstractKeyword.findWebElement(WebUIAbstractKeyword.groovy:27)
	at com.kms.katalon.core.webui.keyword.builtin.ClickKeyword$_click_closure1.doCall(ClickKeyword.groovy:65)
	at com.kms.katalon.core.webui.keyword.builtin.ClickKeyword$_click_closure1.call(ClickKeyword.groovy)
	at com.kms.katalon.core.webui.keyword.internal.WebUIKeywordMain.runKeyword(WebUIKeywordMain.groovy:20)
	... 19 more


2022-07-20 14:24:36 - [TEST_STEP][FAILED] - click(findTestObject("Object Repository/ADMIN/Page_Profil Admin  GetVaccine/a_Edit")): Unable to click on object 'Object Repository/ADMIN/Page_Profil Admin  GetVaccine/a_Edit' (Root cause: com.kms.katalon.core.exception.StepFailedException: Unable to click on object 'Object Repository/ADMIN/Page_Profil Admin  GetVaccine/a_Edit'
	at com.kms.katalon.core.webui.keyword.internal.WebUIKeywordMain.stepFailed(WebUIKeywordMain.groovy:64)
	at com.kms.katalon.core.webui.keyword.internal.WebUIKeywordMain.runKeyword(WebUIKeywordMain.groovy:26)
	at com.kms.katalon.core.webui.keyword.builtin.ClickKeyword.click(ClickKeyword.groovy:74)
	at com.kms.katalon.core.webui.keyword.builtin.ClickKeyword.execute(ClickKeyword.groovy:40)
	at com.kms.katalon.core.keyword.internal.KeywordExecutor.executeKeywordForPlatform(KeywordExecutor.groovy:74)
	at com.kms.katalon.core.webui.keyword.WebUiBuiltInKeywords.click(WebUiBuiltInKeywords.groovy:620)
	at com.kms.katalon.core.webui.keyword.WebUiBuiltInKeywords$click$2.call(Unknown Source)
	at TC_Edit Profile.run(TC_Edit Profile:20)
	at com.kms.katalon.core.main.ScriptEngine.run(ScriptEngine.java:194)
	at com.kms.katalon.core.main.ScriptEngine.runScriptAsRawText(ScriptEngine.java:119)
	at com.kms.katalon.core.main.TestCaseExecutor.runScript(TestCaseExecutor.java:442)
	at com.kms.katalon.core.main.TestCaseExecutor.doExecute(TestCaseExecutor.java:433)
	at com.kms.katalon.core.main.TestCaseExecutor.processExecutionPhase(TestCaseExecutor.java:412)
	at com.kms.katalon.core.main.TestCaseExecutor.accessMainPhase(TestCaseExecutor.java:404)
	at com.kms.katalon.core.main.TestCaseExecutor.execute(TestCaseExecutor.java:281)
	at com.kms.katalon.core.main.TestSuiteExecutor.accessTestCaseMainPhase(TestSuiteExecutor.java:202)
	at com.kms.katalon.core.main.TestSuiteExecutor.accessTestSuiteMainPhase(TestSuiteExecutor.java:164)
	at com.kms.katalon.core.main.TestSuiteExecutor.execute(TestSuiteExecutor.java:105)
	at com.kms.katalon.core.main.TestCaseMain.startTestSuite(TestCaseMain.java:185)
	at com.kms.katalon.core.main.TestCaseMain$startTestSuite$0.call(Unknown Source)
	at TempTestSuite1658300054987.run(TempTestSuite1658300054987.groovy:36)
Caused by: com.kms.katalon.core.webui.exception.WebElementNotFoundException: Web element with id: 'Object Repository/ADMIN/Page_Profil Admin  GetVaccine/a_Edit' located by '//div[@id='root']/div/div[2]/main/div/div[2]/div/div[2]/div/div[3]/div/form/div[3]/div/div/div/button/a' not found
	at com.kms.katalon.core.webui.common.WebUiCommonHelper.findWebElement(WebUiCommonHelper.java:1370)
	at com.kms.katalon.core.webui.keyword.internal.WebUIAbstractKeyword.findWebElement(WebUIAbstractKeyword.groovy:27)
	at com.kms.katalon.core.webui.keyword.builtin.ClickKeyword$_click_closure1.doCall(ClickKeyword.groovy:65)
	at com.kms.katalon.core.webui.keyword.builtin.ClickKeyword$_click_closure1.call(ClickKeyword.groovy)
	at com.kms.katalon.core.webui.keyword.internal.WebUIKeywordMain.runKeyword(WebUIKeywordMain.groovy:20)
	at com.kms.katalon.core.webui.keyword.builtin.ClickKeyword.click(ClickKeyword.groovy:74)
	at com.kms.katalon.core.webui.keyword.builtin.ClickKeyword.execute(ClickKeyword.groovy:40)
	at com.kms.katalon.core.keyword.internal.KeywordExecutor.executeKeywordForPlatform(KeywordExecutor.groovy:74)
	at com.kms.katalon.core.webui.keyword.WebUiBuiltInKeywords.click(WebUiBuiltInKeywords.groovy:620)
	at com.kms.katalon.core.webui.keyword.WebUiBuiltInKeywords$click$2.call(Unknown Source)
	at Script1658299426298.run(Script1658299426298.groovy:20)
	... 13 more
)

2022-07-20 14:25:08 - [MESSAGE][INFO] - Unable to find the element located by 'By.xpath: //div[@id='root']/div/div[2]/main/div/div[2]/div/div[2]/div/div[3]/div/form/div[3]/div/div/div/button/a'. Please recheck the objects properties to make sure the desired element is located. 

2022-07-20 14:25:08 - [MESSAGE][FAILED] - Unable to click on object 'Object Repository/ADMIN/Page_Profil Admin  GetVaccine/a_Edit' (Root cause: com.kms.katalon.core.exception.StepFailedException: Unable to click on object 'Object Repository/ADMIN/Page_Profil Admin  GetVaccine/a_Edit'
	at com.kms.katalon.core.webui.keyword.internal.WebUIKeywordMain.stepFailed(WebUIKeywordMain.groovy:64)
	at com.kms.katalon.core.webui.keyword.internal.WebUIKeywordMain.runKeyword(WebUIKeywordMain.groovy:26)
	at com.kms.katalon.core.webui.keyword.builtin.ClickKeyword.click(ClickKeyword.groovy:74)
	at com.kms.katalon.core.webui.keyword.builtin.ClickKeyword.execute(ClickKeyword.groovy:40)
	at com.kms.katalon.core.keyword.internal.KeywordExecutor.executeKeywordForPlatform(KeywordExecutor.groovy:74)
	at com.kms.katalon.core.webui.keyword.WebUiBuiltInKeywords.click(WebUiBuiltInKeywords.groovy:620)
	at com.kms.katalon.core.webui.keyword.WebUiBuiltInKeywords$click$2.call(Unknown Source)
	at TC_Edit Profile.run(TC_Edit Profile:20)
	at com.kms.katalon.core.main.ScriptEngine.run(ScriptEngine.java:194)
	at com.kms.katalon.core.main.ScriptEngine.runScriptAsRawText(ScriptEngine.java:119)
	at com.kms.katalon.core.main.TestCaseExecutor.runScript(TestCaseExecutor.java:442)
	at com.kms.katalon.core.main.TestCaseExecutor.doExecute(TestCaseExecutor.java:433)
	at com.kms.katalon.core.main.TestCaseExecutor.processExecutionPhase(TestCaseExecutor.java:412)
	at com.kms.katalon.core.main.TestCaseExecutor.accessMainPhase(TestCaseExecutor.java:404)
	at com.kms.katalon.core.main.TestCaseExecutor.execute(TestCaseExecutor.java:281)
	at com.kms.katalon.core.main.TestSuiteExecutor.accessTestCaseMainPhase(TestSuiteExecutor.java:202)
	at com.kms.katalon.core.main.TestSuiteExecutor.accessTestSuiteMainPhase(TestSuiteExecutor.java:164)
	at com.kms.katalon.core.main.TestSuiteExecutor.execute(TestSuiteExecutor.java:105)
	at com.kms.katalon.core.main.TestCaseMain.startTestSuite(TestCaseMain.java:185)
	at com.kms.katalon.core.main.TestCaseMain$startTestSuite$0.call(Unknown Source)
	at TempTestSuite1658300054987.run(TempTestSuite1658300054987.groovy:36)
Caused by: com.kms.katalon.core.webui.exception.WebElementNotFoundException: Web element with id: 'Object Repository/ADMIN/Page_Profil Admin  GetVaccine/a_Edit' located by '//div[@id='root']/div/div[2]/main/div/div[2]/div/div[2]/div/div[3]/div/form/div[3]/div/div/div/button/a' not found
	at com.kms.katalon.core.webui.common.WebUiCommonHelper.findWebElement(WebUiCommonHelper.java:1370)
	at com.kms.katalon.core.webui.keyword.internal.WebUIAbstractKeyword.findWebElement(WebUIAbstractKeyword.groovy:27)
	at com.kms.katalon.core.webui.keyword.builtin.ClickKeyword$_click_closure1.doCall(ClickKeyword.groovy:65)
	at com.kms.katalon.core.webui.keyword.builtin.ClickKeyword$_click_closure1.call(ClickKeyword.groovy)
	at com.kms.katalon.core.webui.keyword.internal.WebUIKeywordMain.runKeyword(WebUIKeywordMain.groovy:20)
	at com.kms.katalon.core.webui.keyword.builtin.ClickKeyword.click(ClickKeyword.groovy:74)
	at com.kms.katalon.core.webui.keyword.builtin.ClickKeyword.execute(ClickKeyword.groovy:40)
	at com.kms.katalon.core.keyword.internal.KeywordExecutor.executeKeywordForPlatform(KeywordExecutor.groovy:74)
	at com.kms.katalon.core.webui.keyword.WebUiBuiltInKeywords.click(WebUiBuiltInKeywords.groovy:620)
	at com.kms.katalon.core.webui.keyword.WebUiBuiltInKeywords$click$2.call(Unknown Source)
	at Script1658299426298.run(Script1658299426298.groovy:20)
	... 13 more
)
[[ATTACHMENT|C:\\Users\\Thinkpad X260\\git\\CapstoneWEBSITE\\Reports\\20220720_135413\\TS_ADMIN\\20220720_135414\\1658301908116.png]]]]></system-out>
         <system-err><![CDATA[2022-07-20 14:24:36 - [TEST_CASE][FAILED] - Test Cases/ADMIN/PROFIL/TC_Edit Profile: Test Cases/ADMIN/PROFIL/TC_Edit Profile FAILED.
Reason:
com.kms.katalon.core.exception.StepFailedException: Unable to click on object 'Object Repository/ADMIN/Page_Profil Admin  GetVaccine/a_Edit'
	at com.kms.katalon.core.webui.keyword.internal.WebUIKeywordMain.stepFailed(WebUIKeywordMain.groovy:64)
	at com.kms.katalon.core.webui.keyword.internal.WebUIKeywordMain.runKeyword(WebUIKeywordMain.groovy:26)
	at com.kms.katalon.core.webui.keyword.builtin.ClickKeyword.click(ClickKeyword.groovy:74)
	at com.kms.katalon.core.webui.keyword.builtin.ClickKeyword.execute(ClickKeyword.groovy:40)
	at com.kms.katalon.core.keyword.internal.KeywordExecutor.executeKeywordForPlatform(KeywordExecutor.groovy:74)
	at com.kms.katalon.core.webui.keyword.WebUiBuiltInKeywords.click(WebUiBuiltInKeywords.groovy:620)
	at com.kms.katalon.core.webui.keyword.WebUiBuiltInKeywords$click$2.call(Unknown Source)
	at TC_Edit Profile.run(TC_Edit Profile:20)
	at com.kms.katalon.core.main.ScriptEngine.run(ScriptEngine.java:194)
	at com.kms.katalon.core.main.ScriptEngine.runScriptAsRawText(ScriptEngine.java:119)
	at com.kms.katalon.core.main.TestCaseExecutor.runScript(TestCaseExecutor.java:442)
	at com.kms.katalon.core.main.TestCaseExecutor.doExecute(TestCaseExecutor.java:433)
	at com.kms.katalon.core.main.TestCaseExecutor.processExecutionPhase(TestCaseExecutor.java:412)
	at com.kms.katalon.core.main.TestCaseExecutor.accessMainPhase(TestCaseExecutor.java:404)
	at com.kms.katalon.core.main.TestCaseExecutor.execute(TestCaseExecutor.java:281)
	at com.kms.katalon.core.main.TestSuiteExecutor.accessTestCaseMainPhase(TestSuiteExecutor.java:202)
	at com.kms.katalon.core.main.TestSuiteExecutor.accessTestSuiteMainPhase(TestSuiteExecutor.java:164)
	at com.kms.katalon.core.main.TestSuiteExecutor.execute(TestSuiteExecutor.java:105)
	at com.kms.katalon.core.main.TestCaseMain.startTestSuite(TestCaseMain.java:185)
	at com.kms.katalon.core.main.TestCaseMain$startTestSuite$0.call(Unknown Source)
	at TempTestSuite1658300054987.run(TempTestSuite1658300054987.groovy:36)
Caused by: com.kms.katalon.core.webui.exception.WebElementNotFoundException: Web element with id: 'Object Repository/ADMIN/Page_Profil Admin  GetVaccine/a_Edit' located by '//div[@id='root']/div/div[2]/main/div/div[2]/div/div[2]/div/div[3]/div/form/div[3]/div/div/div/button/a' not found
	at com.kms.katalon.core.webui.common.WebUiCommonHelper.findWebElement(WebUiCommonHelper.java:1370)
	at com.kms.katalon.core.webui.keyword.internal.WebUIAbstractKeyword.findWebElement(WebUIAbstractKeyword.groovy:27)
	at com.kms.katalon.core.webui.keyword.builtin.ClickKeyword$_click_closure1.doCall(ClickKeyword.groovy:65)
	at com.kms.katalon.core.webui.keyword.builtin.ClickKeyword$_click_closure1.call(ClickKeyword.groovy)
	at com.kms.katalon.core.webui.keyword.internal.WebUIKeywordMain.runKeyword(WebUIKeywordMain.groovy:20)
	... 19 more]]></system-err>
      </testcase>
      <system-out><![CDATA[2022-07-20 13:54:18 - [TEST_SUITE][FAILED] - TS_ADMIN: Test Cases/ADMIN/Kelola Vaksinasi/TC_Delete FAILED.
Reason:
com.kms.katalon.core.exception.StepFailedException: Unable to click on object 'Object Repository/Page_Kelola Sesi  GetVaccine/btn_delete sinovac'
	at com.kms.katalon.core.webui.keyword.internal.WebUIKeywordMain.stepFailed(WebUIKeywordMain.groovy:64)
	at com.kms.katalon.core.webui.keyword.internal.WebUIKeywordMain.runKeyword(WebUIKeywordMain.groovy:26)
	at com.kms.katalon.core.webui.keyword.builtin.ClickKeyword.click(ClickKeyword.groovy:74)
	at com.kms.katalon.core.webui.keyword.builtin.ClickKeyword.execute(ClickKeyword.groovy:40)
	at com.kms.katalon.core.keyword.internal.KeywordExecutor.executeKeywordForPlatform(KeywordExecutor.groovy:74)
	at com.kms.katalon.core.webui.keyword.WebUiBuiltInKeywords.click(WebUiBuiltInKeywords.groovy:620)
	at com.kms.katalon.core.webui.keyword.WebUiBuiltInKeywords$click$2.call(Unknown Source)
	at TC_Delete.run(TC_Delete:26)
	at com.kms.katalon.core.main.ScriptEngine.run(ScriptEngine.java:194)
	at com.kms.katalon.core.main.ScriptEngine.runScriptAsRawText(ScriptEngine.java:119)
	at com.kms.katalon.core.main.TestCaseExecutor.runScript(TestCaseExecutor.java:442)
	at com.kms.katalon.core.main.TestCaseExecutor.doExecute(TestCaseExecutor.java:433)
	at com.kms.katalon.core.main.TestCaseExecutor.processExecutionPhase(TestCaseExecutor.java:412)
	at com.kms.katalon.core.main.TestCaseExecutor.accessMainPhase(TestCaseExecutor.java:404)
	at com.kms.katalon.core.main.TestCaseExecutor.execute(TestCaseExecutor.java:281)
	at com.kms.katalon.core.main.TestSuiteExecutor.accessTestCaseMainPhase(TestSuiteExecutor.java:202)
	at com.kms.katalon.core.main.TestSuiteExecutor.accessTestSuiteMainPhase(TestSuiteExecutor.java:164)
	at com.kms.katalon.core.main.TestSuiteExecutor.execute(TestSuiteExecutor.java:105)
	at com.kms.katalon.core.main.TestCaseMain.startTestSuite(TestCaseMain.java:185)
	at com.kms.katalon.core.main.TestCaseMain$startTestSuite$0.call(Unknown Source)
	at TempTestSuite1658300054987.run(TempTestSuite1658300054987.groovy:36)
Caused by: com.kms.katalon.core.webui.exception.WebElementNotFoundException: Web element with id: 'Object Repository/Page_Kelola Sesi  GetVaccine/btn_delete sinovac' located by '//*[@class = 'ant-btn ant-btn-danger VaccineModalDelete_button__1sYXt']' not found
	at com.kms.katalon.core.webui.common.WebUiCommonHelper.findWebElement(WebUiCommonHelper.java:1370)
	at com.kms.katalon.core.webui.keyword.internal.WebUIAbstractKeyword.findWebElement(WebUIAbstractKeyword.groovy:27)
	at com.kms.katalon.core.webui.keyword.builtin.ClickKeyword$_click_closure1.doCall(ClickKeyword.groovy:65)
	at com.kms.katalon.core.webui.keyword.builtin.ClickKeyword$_click_closure1.call(ClickKeyword.groovy)
	at com.kms.katalon.core.webui.keyword.internal.WebUIKeywordMain.runKeyword(WebUIKeywordMain.groovy:20)
	... 19 more]]></system-out>
      <system-err><![CDATA[2022-07-20 13:54:18 - [TEST_SUITE][FAILED] - TS_ADMIN: Test Cases/ADMIN/Kelola Vaksinasi/TC_Delete FAILED.
Reason:
com.kms.katalon.core.exception.StepFailedException: Unable to click on object 'Object Repository/Page_Kelola Sesi  GetVaccine/btn_delete sinovac'
	at com.kms.katalon.core.webui.keyword.internal.WebUIKeywordMain.stepFailed(WebUIKeywordMain.groovy:64)
	at com.kms.katalon.core.webui.keyword.internal.WebUIKeywordMain.runKeyword(WebUIKeywordMain.groovy:26)
	at com.kms.katalon.core.webui.keyword.builtin.ClickKeyword.click(ClickKeyword.groovy:74)
	at com.kms.katalon.core.webui.keyword.builtin.ClickKeyword.execute(ClickKeyword.groovy:40)
	at com.kms.katalon.core.keyword.internal.KeywordExecutor.executeKeywordForPlatform(KeywordExecutor.groovy:74)
	at com.kms.katalon.core.webui.keyword.WebUiBuiltInKeywords.click(WebUiBuiltInKeywords.groovy:620)
	at com.kms.katalon.core.webui.keyword.WebUiBuiltInKeywords$click$2.call(Unknown Source)
	at TC_Delete.run(TC_Delete:26)
	at com.kms.katalon.core.main.ScriptEngine.run(ScriptEngine.java:194)
	at com.kms.katalon.core.main.ScriptEngine.runScriptAsRawText(ScriptEngine.java:119)
	at com.kms.katalon.core.main.TestCaseExecutor.runScript(TestCaseExecutor.java:442)
	at com.kms.katalon.core.main.TestCaseExecutor.doExecute(TestCaseExecutor.java:433)
	at com.kms.katalon.core.main.TestCaseExecutor.processExecutionPhase(TestCaseExecutor.java:412)
	at com.kms.katalon.core.main.TestCaseExecutor.accessMainPhase(TestCaseExecutor.java:404)
	at com.kms.katalon.core.main.TestCaseExecutor.execute(TestCaseExecutor.java:281)
	at com.kms.katalon.core.main.TestSuiteExecutor.accessTestCaseMainPhase(TestSuiteExecutor.java:202)
	at com.kms.katalon.core.main.TestSuiteExecutor.accessTestSuiteMainPhase(TestSuiteExecutor.java:164)
	at com.kms.katalon.core.main.TestSuiteExecutor.execute(TestSuiteExecutor.java:105)
	at com.kms.katalon.core.main.TestCaseMain.startTestSuite(TestCaseMain.java:185)
	at com.kms.katalon.core.main.TestCaseMain$startTestSuite$0.call(Unknown Source)
	at TempTestSuite1658300054987.run(TempTestSuite1658300054987.groovy:36)
Caused by: com.kms.katalon.core.webui.exception.WebElementNotFoundException: Web element with id: 'Object Repository/Page_Kelola Sesi  GetVaccine/btn_delete sinovac' located by '//*[@class = 'ant-btn ant-btn-danger VaccineModalDelete_button__1sYXt']' not found
	at com.kms.katalon.core.webui.common.WebUiCommonHelper.findWebElement(WebUiCommonHelper.java:1370)
	at com.kms.katalon.core.webui.keyword.internal.WebUIAbstractKeyword.findWebElement(WebUIAbstractKeyword.groovy:27)
	at com.kms.katalon.core.webui.keyword.builtin.ClickKeyword$_click_closure1.doCall(ClickKeyword.groovy:65)
	at com.kms.katalon.core.webui.keyword.builtin.ClickKeyword$_click_closure1.call(ClickKeyword.groovy)
	at com.kms.katalon.core.webui.keyword.internal.WebUIKeywordMain.runKeyword(WebUIKeywordMain.groovy:20)
	... 19 more]]></system-err>
   </testsuite>
</testsuites>
