<?xml version="1.0" encoding="UTF-8"?>
<testsuites name="TS_KELOLA VAKSIN" time="1573.331" tests="8" failures="1" errors="0">
   <testsuite name="TS_KELOLA VAKSIN" tests="8" failures="1" errors="0" time="1573.331" skipped="0" timestamp="2022-07-20 11:47:54" hostname="Thinkpad X260 - DESKTOP-D9B57TC" id="Test Suites/TS_KELOLA VAKSIN">
      <properties>
         <property name="deviceName" value=""/>
         <property name="devicePlatform" value=""/>
         <property name="logFolder" value="C:\\Users\\Thinkpad X260\\git\\CapstoneWEBSITE\\Reports\\20220720_114750\\TS_KELOLA VAKSIN\\20220720_114750"/>
         <property name="logFiles" value="C:\\Users\\Thinkpad X260\\git\\CapstoneWEBSITE\\Reports\\20220720_114750\\TS_KELOLA VAKSIN\\20220720_114750\\execution0.log"/>
         <property name="attachments" value="C:\\Users\\Thinkpad X260\\git\\CapstoneWEBSITE\\Reports\\20220720_114750\\TS_KELOLA VAKSIN\\20220720_114750\\1658294047788.png"/>
         <property name="hostName" value="Thinkpad X260 - DESKTOP-D9B57TC"/>
         <property name="os" value="Windows 10 64bit"/>
         <property name="katalonVersion" value="8.2.5.208"/>
         <property name="browser" value="Chrome 103.0.5060.114"/>
         <property name="hostAddress" value="192.168.100.66"/>
         <property name="sessionId" value="61da0a83bef957ce86280eb330d4d1fd"/>
         <property name="seleniumVersion" value="3.141.59"/>
         <property name="proxyInformation" value="ProxyInformation { proxyOption=NO_PROXY, proxyServerType=HTTP, username=, password=********, proxyServerAddress=, proxyServerPort=0, executionList=&quot;&quot;, isApplyToDesiredCapabilities=true }"/>
         <property name="platform" value="Windows 10"/>
      </properties>
      <testcase name="Test Cases/ADMIN/AUTH/Positif/TC_LoginPositif" time="113.222" classname="Test Cases/ADMIN/AUTH/Positif/TC_LoginPositif" status="PASSED">
         <system-out><![CDATA[2022-07-20 11:47:55 - [TEST_CASE][PASSED] - Test Cases/ADMIN/AUTH/Positif/TC_LoginPositif: Test Cases/ADMIN/AUTH/Positif/TC_LoginPositif

2022-07-20 11:47:56 - [TEST_STEP][PASSED] - openBrowser("https://dev-getvaccine-16.netlify.app/admin/"): Browser is opened with url: 'https://dev-getvaccine-16.netlify.app/admin/'

2022-07-20 11:47:56 - [MESSAGE][INFO] - Starting 'Chrome' driver

2022-07-20 11:47:56 - [MESSAGE][INFO] - Action delay is set to 0 milliseconds

2022-07-20 11:49:43 - [MESSAGE][PASSED] - Browser is opened with url: 'https://dev-getvaccine-16.netlify.app/admin/'

2022-07-20 11:49:43 - [TEST_STEP][PASSED] - maximizeWindow(): Current window maximized

2022-07-20 11:49:44 - [MESSAGE][PASSED] - Current window maximized

2022-07-20 11:49:44 - [TEST_STEP][PASSED] - verifyElementPresent(findTestObject("ADMIN/Adm-Login/verify login page"), 0): Object 'Object Repository/ADMIN/Adm-Login/verify login page' is present

2022-07-20 11:49:44 - [MESSAGE][WARNING] - Timeout '0' is invalid. Using default page load timeout: '30'

2022-07-20 11:49:44 - [MESSAGE][PASSED] - Object 'Object Repository/ADMIN/Adm-Login/verify login page' is present

2022-07-20 11:49:44 - [TEST_STEP][PASSED] - click(findTestObject("ADMIN/Adm-Login/username")): Object: 'Object Repository/ADMIN/Adm-Login/username' is clicked on

2022-07-20 11:49:45 - [MESSAGE][PASSED] - Object: 'Object Repository/ADMIN/Adm-Login/username' is clicked on

2022-07-20 11:49:45 - [TEST_STEP][PASSED] - setText(findTestObject("ADMIN/Adm-Login/username"), "harnanda"): Text 'harnanda' is set on object 'Object Repository/ADMIN/Adm-Login/username'

2022-07-20 11:49:46 - [MESSAGE][PASSED] - Text 'harnanda' is set on object 'Object Repository/ADMIN/Adm-Login/username'

2022-07-20 11:49:46 - [TEST_STEP][PASSED] - click(findTestObject("ADMIN/Adm-Login/password")): Object: 'Object Repository/ADMIN/Adm-Login/password' is clicked on

2022-07-20 11:49:46 - [MESSAGE][PASSED] - Object: 'Object Repository/ADMIN/Adm-Login/password' is clicked on

2022-07-20 11:49:46 - [TEST_STEP][PASSED] - setText(findTestObject("ADMIN/Adm-Login/password"), "haha"): Text 'haha' is set on object 'Object Repository/ADMIN/Adm-Login/password'

2022-07-20 11:49:47 - [MESSAGE][PASSED] - Text 'haha' is set on object 'Object Repository/ADMIN/Adm-Login/password'

2022-07-20 11:49:47 - [TEST_STEP][PASSED] - click(findTestObject("ADMIN/Adm-Login/eye")): Object: 'Object Repository/ADMIN/Adm-Login/eye' is clicked on

2022-07-20 11:49:48 - [MESSAGE][PASSED] - Object: 'Object Repository/ADMIN/Adm-Login/eye' is clicked on

2022-07-20 11:49:48 - [TEST_STEP][PASSED] - click(findTestObject("ADMIN/Adm-Login/btn login")): Object: 'Object Repository/ADMIN/Adm-Login/btn login' is clicked on

2022-07-20 11:49:48 - [MESSAGE][PASSED] - Object: 'Object Repository/ADMIN/Adm-Login/btn login' is clicked on]]></system-out>
         <system-err><![CDATA[]]></system-err>
      </testcase>
      <testcase name="Test Cases/ADMIN/Kelola Vaksinasi/TCT01_Tambah Vaksin Vlid" time="254.402" classname="Test Cases/ADMIN/Kelola Vaksinasi/TCT01_Tambah Vaksin Vlid" status="PASSED">
         <system-out><![CDATA[2022-07-20 11:49:48 - [TEST_CASE][PASSED] - Test Cases/ADMIN/Kelola Vaksinasi/TCT01_Tambah Vaksin Vlid: Test Cases/ADMIN/Kelola Vaksinasi/TCT01_Tambah Vaksin Vlid

2022-07-20 11:49:49 - [TEST_STEP][PASSED] - callTestCase(findTestCase("ADMIN/AUTH/Positif/TC_LoginPositif"), [:], STOP_ON_FAILURE): Call Test Case 'Test Cases/ADMIN/AUTH/Positif/TC_LoginPositif' successfully

2022-07-20 11:49:49 - [TEST_CASE][PASSED] - Test Cases/ADMIN/AUTH/Positif/TC_LoginPositif: Test Cases/ADMIN/AUTH/Positif/TC_LoginPositif

2022-07-20 11:49:49 - [TEST_STEP][PASSED] - openBrowser("https://dev-getvaccine-16.netlify.app/admin/"): Browser is opened with url: 'https://dev-getvaccine-16.netlify.app/admin/'

2022-07-20 11:49:49 - [MESSAGE][WARNING] - A browser is already opened. Closing browser and opening a new one

2022-07-20 11:49:50 - [MESSAGE][INFO] - Starting 'Chrome' driver

2022-07-20 11:49:50 - [MESSAGE][INFO] - Action delay is set to 0 milliseconds

2022-07-20 11:49:53 - [MESSAGE][PASSED] - Browser is opened with url: 'https://dev-getvaccine-16.netlify.app/admin/'

2022-07-20 11:49:53 - [TEST_STEP][PASSED] - maximizeWindow(): Current window maximized

2022-07-20 11:49:53 - [MESSAGE][PASSED] - Current window maximized

2022-07-20 11:49:53 - [TEST_STEP][PASSED] - verifyElementPresent(findTestObject("ADMIN/Adm-Login/verify login page"), 0): Object 'Object Repository/ADMIN/Adm-Login/verify login page' is present

2022-07-20 11:49:53 - [MESSAGE][WARNING] - Timeout '0' is invalid. Using default page load timeout: '30'

2022-07-20 11:49:53 - [MESSAGE][PASSED] - Object 'Object Repository/ADMIN/Adm-Login/verify login page' is present

2022-07-20 11:49:53 - [TEST_STEP][PASSED] - click(findTestObject("ADMIN/Adm-Login/username")): Object: 'Object Repository/ADMIN/Adm-Login/username' is clicked on

2022-07-20 11:49:54 - [MESSAGE][PASSED] - Object: 'Object Repository/ADMIN/Adm-Login/username' is clicked on

2022-07-20 11:49:54 - [TEST_STEP][PASSED] - setText(findTestObject("ADMIN/Adm-Login/username"), "harnanda"): Text 'harnanda' is set on object 'Object Repository/ADMIN/Adm-Login/username'

2022-07-20 11:49:55 - [MESSAGE][PASSED] - Text 'harnanda' is set on object 'Object Repository/ADMIN/Adm-Login/username'

2022-07-20 11:49:55 - [TEST_STEP][PASSED] - click(findTestObject("ADMIN/Adm-Login/password")): Object: 'Object Repository/ADMIN/Adm-Login/password' is clicked on

2022-07-20 11:49:55 - [MESSAGE][PASSED] - Object: 'Object Repository/ADMIN/Adm-Login/password' is clicked on

2022-07-20 11:49:55 - [TEST_STEP][PASSED] - setText(findTestObject("ADMIN/Adm-Login/password"), "haha"): Text 'haha' is set on object 'Object Repository/ADMIN/Adm-Login/password'

2022-07-20 11:49:56 - [MESSAGE][PASSED] - Text 'haha' is set on object 'Object Repository/ADMIN/Adm-Login/password'

2022-07-20 11:49:56 - [TEST_STEP][PASSED] - click(findTestObject("ADMIN/Adm-Login/eye")): Object: 'Object Repository/ADMIN/Adm-Login/eye' is clicked on

2022-07-20 11:49:57 - [MESSAGE][PASSED] - Object: 'Object Repository/ADMIN/Adm-Login/eye' is clicked on

2022-07-20 11:49:57 - [TEST_STEP][PASSED] - click(findTestObject("ADMIN/Adm-Login/btn login")): Object: 'Object Repository/ADMIN/Adm-Login/btn login' is clicked on

2022-07-20 11:49:57 - [MESSAGE][PASSED] - Object: 'Object Repository/ADMIN/Adm-Login/btn login' is clicked on

2022-07-20 11:49:57 - [MESSAGE][PASSED] - Call Test Case 'Test Cases/ADMIN/AUTH/Positif/TC_LoginPositif' successfully

2022-07-20 11:49:57 - [TEST_STEP][PASSED] - click(findTestObject("Object Repository/ADMIN/Page_Dashboard Admin  GetVaccine/a_Overview")): Object: 'Object Repository/ADMIN/Page_Dashboard Admin  GetVaccine/a_Overview' is clicked on

2022-07-20 11:50:00 - [MESSAGE][PASSED] - Object: 'Object Repository/ADMIN/Page_Dashboard Admin  GetVaccine/a_Overview' is clicked on

2022-07-20 11:50:00 - [TEST_STEP][PASSED] - click(findTestObject("Object Repository/ADMIN/Page_Dashboard Admin  GetVaccine/a_Kelola Vaksin")): Object: 'Object Repository/ADMIN/Page_Dashboard Admin  GetVaccine/a_Kelola Vaksin' is clicked on

2022-07-20 11:50:01 - [MESSAGE][PASSED] - Object: 'Object Repository/ADMIN/Page_Dashboard Admin  GetVaccine/a_Kelola Vaksin' is clicked on

2022-07-20 11:50:01 - [TEST_STEP][PASSED] - click(findTestObject("Object Repository/ADMIN/Page_Kelola Vaksin  GetVaccine/button_Tambah Data")): Object: 'Object Repository/ADMIN/Page_Kelola Vaksin  GetVaccine/button_Tambah Data' is clicked on

2022-07-20 11:50:31 - [MESSAGE][PASSED] - Object: 'Object Repository/ADMIN/Page_Kelola Vaksin  GetVaccine/button_Tambah Data' is clicked on

2022-07-20 11:50:31 - [TEST_STEP][PASSED] - click(findTestObject("Object Repository/ADMIN/Page_Kelola Vaksin  GetVaccine/div_Select Vaccine")): Object: 'Object Repository/ADMIN/Page_Kelola Vaksin  GetVaccine/div_Select Vaccine' is clicked on

2022-07-20 11:51:01 - [MESSAGE][PASSED] - Object: 'Object Repository/ADMIN/Page_Kelola Vaksin  GetVaccine/div_Select Vaccine' is clicked on

2022-07-20 11:51:01 - [TEST_STEP][PASSED] - setText(findTestObject("Object Repository/ADMIN/Page_Kelola Vaksin  GetVaccine/input_Jenis Vaksin_vaccine_id"), "sinovac"): Text 'sinovac' is set on object 'Object Repository/ADMIN/Page_Kelola Vaksin  GetVaccine/input_Jenis Vaksin_vaccine_id'

2022-07-20 11:52:02 - [MESSAGE][PASSED] - Text 'sinovac' is set on object 'Object Repository/ADMIN/Page_Kelola Vaksin  GetVaccine/input_Jenis Vaksin_vaccine_id'

2022-07-20 11:52:02 - [TEST_STEP][PASSED] - sendKeys(findTestObject("ADMIN/Page_Kelola Vaksin  GetVaccine/input_Jenis Vaksin_vaccine_id"), Keys.chord(ENTER)): Keys 'ENTER + ' sent to object: 'Object Repository/ADMIN/Page_Kelola Vaksin  GetVaccine/input_Jenis Vaksin_vaccine_id'

2022-07-20 11:52:32 - [MESSAGE][PASSED] - Keys 'ENTER + ' sent to object: 'Object Repository/ADMIN/Page_Kelola Vaksin  GetVaccine/input_Jenis Vaksin_vaccine_id'

2022-07-20 11:52:32 - [TEST_STEP][PASSED] - setText(findTestObject("Object Repository/ADMIN/Page_Kelola Vaksin  GetVaccine/input_Kuota_kuota"), "100"): Text '100' is set on object 'Object Repository/ADMIN/Page_Kelola Vaksin  GetVaccine/input_Kuota_kuota'

2022-07-20 11:53:32 - [MESSAGE][PASSED] - Text '100' is set on object 'Object Repository/ADMIN/Page_Kelola Vaksin  GetVaccine/input_Kuota_kuota'

2022-07-20 11:53:32 - [TEST_STEP][PASSED] - click(findTestObject("Object Repository/ADMIN/Page_Kelola Vaksin  GetVaccine/button_Tambah Vaksin")): Object: 'Object Repository/ADMIN/Page_Kelola Vaksin  GetVaccine/button_Tambah Vaksin' is clicked on

2022-07-20 11:54:03 - [MESSAGE][PASSED] - Object: 'Object Repository/ADMIN/Page_Kelola Vaksin  GetVaccine/button_Tambah Vaksin' is clicked on]]></system-out>
         <system-err><![CDATA[]]></system-err>
      </testcase>
      <testcase name="Test Cases/ADMIN/Kelola Vaksinasi/Negatif/TCT02_Tambah Vaksin Without Fill one field" time="215.953" classname="Test Cases/ADMIN/Kelola Vaksinasi/Negatif/TCT02_Tambah Vaksin Without Fill one field" status="PASSED">
         <system-out><![CDATA[2022-07-20 11:54:03 - [TEST_CASE][PASSED] - Test Cases/ADMIN/Kelola Vaksinasi/Negatif/TCT02_Tambah Vaksin Without Fill one field: Test Cases/ADMIN/Kelola Vaksinasi/Negatif/TCT02_Tambah Vaksin Without Fill one field

2022-07-20 11:54:03 - [TEST_STEP][PASSED] - click(findTestObject("Object Repository/ADMIN/Page_Dashboard Admin  GetVaccine/a_Overview")): Object: 'Object Repository/ADMIN/Page_Dashboard Admin  GetVaccine/a_Overview' is clicked on

2022-07-20 11:54:34 - [MESSAGE][PASSED] - Object: 'Object Repository/ADMIN/Page_Dashboard Admin  GetVaccine/a_Overview' is clicked on

2022-07-20 11:54:34 - [TEST_STEP][PASSED] - click(findTestObject("Object Repository/ADMIN/Page_Dashboard Admin  GetVaccine/a_Kelola Vaksin")): Object: 'Object Repository/ADMIN/Page_Dashboard Admin  GetVaccine/a_Kelola Vaksin' is clicked on

2022-07-20 11:54:37 - [MESSAGE][PASSED] - Object: 'Object Repository/ADMIN/Page_Dashboard Admin  GetVaccine/a_Kelola Vaksin' is clicked on

2022-07-20 11:54:37 - [TEST_STEP][PASSED] - click(findTestObject("Object Repository/ADMIN/Page_Kelola Vaksin  GetVaccine/button_Tambah Data")): Object: 'Object Repository/ADMIN/Page_Kelola Vaksin  GetVaccine/button_Tambah Data' is clicked on

2022-07-20 11:55:07 - [MESSAGE][PASSED] - Object: 'Object Repository/ADMIN/Page_Kelola Vaksin  GetVaccine/button_Tambah Data' is clicked on

2022-07-20 11:55:07 - [TEST_STEP][PASSED] - setText(findTestObject("Object Repository/ADMIN/Page_Kelola Vaksin  GetVaccine/input_Kuota_kuota"), "100"): Text '100' is set on object 'Object Repository/ADMIN/Page_Kelola Vaksin  GetVaccine/input_Kuota_kuota'

2022-07-20 11:56:08 - [MESSAGE][PASSED] - Text '100' is set on object 'Object Repository/ADMIN/Page_Kelola Vaksin  GetVaccine/input_Kuota_kuota'

2022-07-20 11:56:08 - [TEST_STEP][PASSED] - click(findTestObject("Object Repository/ADMIN/Page_Kelola Vaksin  GetVaccine/button_Tambah Vaksin")): Object: 'Object Repository/ADMIN/Page_Kelola Vaksin  GetVaccine/button_Tambah Vaksin' is clicked on

2022-07-20 11:56:38 - [MESSAGE][PASSED] - Object: 'Object Repository/ADMIN/Page_Kelola Vaksin  GetVaccine/button_Tambah Vaksin' is clicked on

2022-07-20 11:56:38 - [TEST_STEP][PASSED] - verifyElementPresent(findTestObject("Object Repository/ADMIN/Page_Kelola Vaksin  GetVaccine/div_Jenis vaksin harus diisi"), 0): Object 'Object Repository/ADMIN/Page_Kelola Vaksin  GetVaccine/div_Jenis vaksin harus diisi' is present

2022-07-20 11:56:38 - [MESSAGE][WARNING] - Timeout '0' is invalid. Using default page load timeout: '30'

2022-07-20 11:57:08 - [MESSAGE][PASSED] - Object 'Object Repository/ADMIN/Page_Kelola Vaksin  GetVaccine/div_Jenis vaksin harus diisi' is present

2022-07-20 11:57:08 - [TEST_STEP][PASSED] - click(findTestObject("Page_Kelola Sesi  GetVaccine/close page")): Object: 'Object Repository/Page_Kelola Sesi  GetVaccine/close page' is clicked on

2022-07-20 11:57:39 - [MESSAGE][PASSED] - Object: 'Object Repository/Page_Kelola Sesi  GetVaccine/close page' is clicked on]]></system-out>
         <system-err><![CDATA[]]></system-err>
      </testcase>
      <testcase name="Test Cases/ADMIN/Kelola Vaksinasi/Negatif/TCT03_Tambah Vaksin Without Fill All" time="184.801" classname="Test Cases/ADMIN/Kelola Vaksinasi/Negatif/TCT03_Tambah Vaksin Without Fill All" status="PASSED">
         <system-out><![CDATA[2022-07-20 11:57:39 - [TEST_CASE][PASSED] - Test Cases/ADMIN/Kelola Vaksinasi/Negatif/TCT03_Tambah Vaksin Without Fill All: Test Cases/ADMIN/Kelola Vaksinasi/Negatif/TCT03_Tambah Vaksin Without Fill All

2022-07-20 11:57:39 - [TEST_STEP][PASSED] - click(findTestObject("Object Repository/ADMIN/Page_Dashboard Admin  GetVaccine/a_Overview")): Object: 'Object Repository/ADMIN/Page_Dashboard Admin  GetVaccine/a_Overview' is clicked on

2022-07-20 11:58:10 - [MESSAGE][PASSED] - Object: 'Object Repository/ADMIN/Page_Dashboard Admin  GetVaccine/a_Overview' is clicked on

2022-07-20 11:58:10 - [TEST_STEP][PASSED] - click(findTestObject("Object Repository/ADMIN/Page_Dashboard Admin  GetVaccine/a_Kelola Vaksin")): Object: 'Object Repository/ADMIN/Page_Dashboard Admin  GetVaccine/a_Kelola Vaksin' is clicked on

2022-07-20 11:58:12 - [MESSAGE][PASSED] - Object: 'Object Repository/ADMIN/Page_Dashboard Admin  GetVaccine/a_Kelola Vaksin' is clicked on

2022-07-20 11:58:12 - [TEST_STEP][PASSED] - click(findTestObject("Object Repository/ADMIN/Page_Kelola Vaksin  GetVaccine/button_Tambah Data")): Object: 'Object Repository/ADMIN/Page_Kelola Vaksin  GetVaccine/button_Tambah Data' is clicked on

2022-07-20 11:58:42 - [MESSAGE][PASSED] - Object: 'Object Repository/ADMIN/Page_Kelola Vaksin  GetVaccine/button_Tambah Data' is clicked on

2022-07-20 11:58:42 - [TEST_STEP][PASSED] - click(findTestObject("Object Repository/ADMIN/Page_Kelola Vaksin  GetVaccine/button_Tambah Vaksin")): Object: 'Object Repository/ADMIN/Page_Kelola Vaksin  GetVaccine/button_Tambah Vaksin' is clicked on

2022-07-20 11:59:13 - [MESSAGE][PASSED] - Object: 'Object Repository/ADMIN/Page_Kelola Vaksin  GetVaccine/button_Tambah Vaksin' is clicked on

2022-07-20 11:59:13 - [TEST_STEP][PASSED] - click(findTestObject("Object Repository/ADMIN/Page_Kelola Vaksin  GetVaccine/div_Kuota vaksinasi harus diisi")): Object: 'Object Repository/ADMIN/Page_Kelola Vaksin  GetVaccine/div_Kuota vaksinasi harus diisi' is clicked on

2022-07-20 11:59:43 - [MESSAGE][PASSED] - Object: 'Object Repository/ADMIN/Page_Kelola Vaksin  GetVaccine/div_Kuota vaksinasi harus diisi' is clicked on

2022-07-20 11:59:43 - [TEST_STEP][PASSED] - click(findTestObject("Object Repository/ADMIN/Page_Kelola Vaksin  GetVaccine/div_Jenis vaksin harus diisi")): Object: 'Object Repository/ADMIN/Page_Kelola Vaksin  GetVaccine/div_Jenis vaksin harus diisi' is clicked on

2022-07-20 12:00:13 - [MESSAGE][PASSED] - Object: 'Object Repository/ADMIN/Page_Kelola Vaksin  GetVaccine/div_Jenis vaksin harus diisi' is clicked on

2022-07-20 12:00:13 - [TEST_STEP][PASSED] - click(findTestObject("Page_Kelola Sesi  GetVaccine/close page")): Object: 'Object Repository/Page_Kelola Sesi  GetVaccine/close page' is clicked on

2022-07-20 12:00:43 - [MESSAGE][PASSED] - Object: 'Object Repository/Page_Kelola Sesi  GetVaccine/close page' is clicked on]]></system-out>
         <system-err><![CDATA[]]></system-err>
      </testcase>
      <testcase name="Test Cases/ADMIN/Kelola Vaksinasi/TCE01_Edit Vaksin" time="185.38" classname="Test Cases/ADMIN/Kelola Vaksinasi/TCE01_Edit Vaksin" status="PASSED">
         <system-out><![CDATA[2022-07-20 12:00:43 - [TEST_CASE][PASSED] - Test Cases/ADMIN/Kelola Vaksinasi/TCE01_Edit Vaksin: Test Cases/ADMIN/Kelola Vaksinasi/TCE01_Edit Vaksin

2022-07-20 12:00:44 - [TEST_STEP][PASSED] - click(findTestObject("ADMIN/Page_Dashboard Admin  GetVaccine/a_Overview")): Object: 'Object Repository/ADMIN/Page_Dashboard Admin  GetVaccine/a_Overview' is clicked on

2022-07-20 12:01:14 - [MESSAGE][PASSED] - Object: 'Object Repository/ADMIN/Page_Dashboard Admin  GetVaccine/a_Overview' is clicked on

2022-07-20 12:01:14 - [TEST_STEP][PASSED] - click(findTestObject("Object Repository/ADMIN/Page_Dashboard Admin  GetVaccine/a_Kelola Vaksin")): Object: 'Object Repository/ADMIN/Page_Dashboard Admin  GetVaccine/a_Kelola Vaksin' is clicked on

2022-07-20 12:01:18 - [MESSAGE][PASSED] - Object: 'Object Repository/ADMIN/Page_Dashboard Admin  GetVaccine/a_Kelola Vaksin' is clicked on

2022-07-20 12:01:18 - [TEST_STEP][PASSED] - click(findTestObject("Object Repository/ADMIN/Page_Kelola Vaksin  GetVaccine/button_AstraZeneca_ant-btn ant-btn-default _429647")): Object: 'Object Repository/ADMIN/Page_Kelola Vaksin  GetVaccine/button_AstraZeneca_ant-btn ant-btn-default _429647' is clicked on

2022-07-20 12:01:48 - [MESSAGE][PASSED] - Object: 'Object Repository/ADMIN/Page_Kelola Vaksin  GetVaccine/button_AstraZeneca_ant-btn ant-btn-default _429647' is clicked on

2022-07-20 12:01:48 - [TEST_STEP][PASSED] - setText(findTestObject("Object Repository/ADMIN/Page_Kelola Vaksin  GetVaccine/input_Kuota_stock"), "500"): Text '500' is set on object 'Object Repository/ADMIN/Page_Kelola Vaksin  GetVaccine/input_Kuota_stock'

2022-07-20 12:02:48 - [MESSAGE][PASSED] - Text '500' is set on object 'Object Repository/ADMIN/Page_Kelola Vaksin  GetVaccine/input_Kuota_stock'

2022-07-20 12:02:48 - [TEST_STEP][PASSED] - click(findTestObject("Object Repository/ADMIN/Page_Kelola Vaksin  GetVaccine/button_Update Vaksin")): Object: 'Object Repository/ADMIN/Page_Kelola Vaksin  GetVaccine/button_Update Vaksin' is clicked on

2022-07-20 12:03:19 - [MESSAGE][PASSED] - Object: 'Object Repository/ADMIN/Page_Kelola Vaksin  GetVaccine/button_Update Vaksin' is clicked on

2022-07-20 12:03:19 - [TEST_STEP][PASSED] - verifyElementPresent(findTestObject("ADMIN/Page_Dashboard Admin  GetVaccine/a_Kelola Vaksin"), 0): Object 'Object Repository/ADMIN/Page_Dashboard Admin  GetVaccine/a_Kelola Vaksin' is present

2022-07-20 12:03:19 - [MESSAGE][WARNING] - Timeout '0' is invalid. Using default page load timeout: '30'

2022-07-20 12:03:49 - [MESSAGE][PASSED] - Object 'Object Repository/ADMIN/Page_Dashboard Admin  GetVaccine/a_Kelola Vaksin' is present]]></system-out>
         <system-err><![CDATA[]]></system-err>
      </testcase>
      <testcase name="Test Cases/ADMIN/Kelola Vaksinasi/Negatif/TCE02_Edit Without one field" time="185.326" classname="Test Cases/ADMIN/Kelola Vaksinasi/Negatif/TCE02_Edit Without one field" status="PASSED">
         <system-out><![CDATA[2022-07-20 12:03:49 - [TEST_CASE][PASSED] - Test Cases/ADMIN/Kelola Vaksinasi/Negatif/TCE02_Edit Without one field: Test Cases/ADMIN/Kelola Vaksinasi/Negatif/TCE02_Edit Without one field

2022-07-20 12:03:49 - [TEST_STEP][PASSED] - click(findTestObject("Object Repository/ADMIN/Page_Dashboard Admin  GetVaccine/a_Overview")): Object: 'Object Repository/ADMIN/Page_Dashboard Admin  GetVaccine/a_Overview' is clicked on

2022-07-20 12:04:20 - [MESSAGE][PASSED] - Object: 'Object Repository/ADMIN/Page_Dashboard Admin  GetVaccine/a_Overview' is clicked on

2022-07-20 12:04:20 - [TEST_STEP][PASSED] - click(findTestObject("Object Repository/ADMIN/Page_Dashboard Admin  GetVaccine/a_Kelola Vaksin")): Object: 'Object Repository/ADMIN/Page_Dashboard Admin  GetVaccine/a_Kelola Vaksin' is clicked on

2022-07-20 12:04:23 - [MESSAGE][PASSED] - Object: 'Object Repository/ADMIN/Page_Dashboard Admin  GetVaccine/a_Kelola Vaksin' is clicked on

2022-07-20 12:04:23 - [TEST_STEP][PASSED] - click(findTestObject("Object Repository/ADMIN/Page_Kelola Vaksin  GetVaccine/button_AstraZeneca_ant-btn ant-btn-default _429647")): Object: 'Object Repository/ADMIN/Page_Kelola Vaksin  GetVaccine/button_AstraZeneca_ant-btn ant-btn-default _429647' is clicked on

2022-07-20 12:04:53 - [MESSAGE][PASSED] - Object: 'Object Repository/ADMIN/Page_Kelola Vaksin  GetVaccine/button_AstraZeneca_ant-btn ant-btn-default _429647' is clicked on

2022-07-20 12:04:53 - [TEST_STEP][PASSED] - clearText(findTestObject("ADMIN/Page_Kelola Vaksin  GetVaccine/input_Kuota_stock")): Text of object 'Object Repository/ADMIN/Page_Kelola Vaksin  GetVaccine/input_Kuota_stock' is cleared

2022-07-20 12:05:23 - [MESSAGE][PASSED] - Text of object 'Object Repository/ADMIN/Page_Kelola Vaksin  GetVaccine/input_Kuota_stock' is cleared

2022-07-20 12:05:23 - [TEST_STEP][PASSED] - click(findTestObject("Object Repository/ADMIN/Page_Kelola Vaksin  GetVaccine/div_Kuota vaksinasi harus diisi")): Object: 'Object Repository/ADMIN/Page_Kelola Vaksin  GetVaccine/div_Kuota vaksinasi harus diisi' is clicked on

2022-07-20 12:05:54 - [MESSAGE][PASSED] - Object: 'Object Repository/ADMIN/Page_Kelola Vaksin  GetVaccine/div_Kuota vaksinasi harus diisi' is clicked on

2022-07-20 12:05:54 - [TEST_STEP][PASSED] - click(findTestObject("Object Repository/ADMIN/Page_Kelola Vaksin  GetVaccine/button_Update Vaksin")): Object: 'Object Repository/ADMIN/Page_Kelola Vaksin  GetVaccine/button_Update Vaksin' is clicked on

2022-07-20 12:06:24 - [MESSAGE][PASSED] - Object: 'Object Repository/ADMIN/Page_Kelola Vaksin  GetVaccine/button_Update Vaksin' is clicked on

2022-07-20 12:06:24 - [TEST_STEP][PASSED] - click(findTestObject("Object Repository/ADMIN/Page_Kelola Vaksin  GetVaccine/span_Edit_ant-modal-close-x")): Object: 'Object Repository/ADMIN/Page_Kelola Vaksin  GetVaccine/span_Edit_ant-modal-close-x' is clicked on

2022-07-20 12:06:54 - [MESSAGE][PASSED] - Object: 'Object Repository/ADMIN/Page_Kelola Vaksin  GetVaccine/span_Edit_ant-modal-close-x' is clicked on]]></system-out>
         <system-err><![CDATA[]]></system-err>
      </testcase>
      <testcase name="Test Cases/ADMIN/Kelola Vaksinasi/TC_Search" time="369.389" classname="Test Cases/ADMIN/Kelola Vaksinasi/TC_Search" status="PASSED">
         <system-out><![CDATA[2022-07-20 12:06:54 - [TEST_CASE][PASSED] - Test Cases/ADMIN/Kelola Vaksinasi/TC_Search: Test Cases/ADMIN/Kelola Vaksinasi/TC_Search

2022-07-20 12:06:55 - [TEST_STEP][PASSED] - for ([i = 1, i <= 2, (i++)]): Object 'Object Repository/ADMIN/Kelola Vaksin/Page_Kelola Vaksin  GetVaccine/h3_Stok Vaksin' is present

2022-07-20 12:06:55 - [TEST_STEP][PASSED] - click(findTestObject("ADMIN/Page_Dashboard Admin  GetVaccine/a_Overview")): Object: 'Object Repository/ADMIN/Page_Dashboard Admin  GetVaccine/a_Overview' is clicked on

2022-07-20 12:07:25 - [MESSAGE][PASSED] - Object: 'Object Repository/ADMIN/Page_Dashboard Admin  GetVaccine/a_Overview' is clicked on

2022-07-20 12:07:25 - [TEST_STEP][PASSED] - click(findTestObject("ADMIN/Page_Dashboard Admin  GetVaccine/a_Kelola Vaksin")): Object: 'Object Repository/ADMIN/Page_Dashboard Admin  GetVaccine/a_Kelola Vaksin' is clicked on

2022-07-20 12:07:28 - [MESSAGE][PASSED] - Object: 'Object Repository/ADMIN/Page_Dashboard Admin  GetVaccine/a_Kelola Vaksin' is clicked on

2022-07-20 12:07:28 - [TEST_STEP][PASSED] - click(findTestObject("ADMIN/Kelola Vaksin/Page_Kelola Vaksin  GetVaccine/input search")): Object: 'Object Repository/ADMIN/Kelola Vaksin/Page_Kelola Vaksin  GetVaccine/input search' is clicked on

2022-07-20 12:07:58 - [MESSAGE][PASSED] - Object: 'Object Repository/ADMIN/Kelola Vaksin/Page_Kelola Vaksin  GetVaccine/input search' is clicked on

2022-07-20 12:07:58 - [TEST_STEP][PASSED] - setText(findTestObject("ADMIN/Kelola Vaksin/Page_Kelola Vaksin  GetVaccine/input search"), findTestData("ADMIN/search vaksin").getValue(1, i)): Text 'search' is set on object 'Object Repository/ADMIN/Kelola Vaksin/Page_Kelola Vaksin  GetVaccine/input search'

2022-07-20 12:08:58 - [MESSAGE][PASSED] - Text 'search' is set on object 'Object Repository/ADMIN/Kelola Vaksin/Page_Kelola Vaksin  GetVaccine/input search'

2022-07-20 12:08:58 - [TEST_STEP][PASSED] - click(findTestObject("ADMIN/Kelola Vaksin/Page_Kelola Vaksin  GetVaccine/icon search")): Object: 'Object Repository/ADMIN/Kelola Vaksin/Page_Kelola Vaksin  GetVaccine/icon search' is clicked on

2022-07-20 12:09:29 - [MESSAGE][PASSED] - Object: 'Object Repository/ADMIN/Kelola Vaksin/Page_Kelola Vaksin  GetVaccine/icon search' is clicked on

2022-07-20 12:09:29 - [TEST_STEP][PASSED] - if (i == 1): Object 'Object Repository/ADMIN/Kelola Vaksin/Page_Kelola Vaksin  GetVaccine/no data' is present

2022-07-20 12:09:29 - [TEST_STEP][PASSED] - verifyElementPresent(findTestObject("ADMIN/Kelola Vaksin/Page_Kelola Vaksin  GetVaccine/no data"), 0): Object 'Object Repository/ADMIN/Kelola Vaksin/Page_Kelola Vaksin  GetVaccine/no data' is present

2022-07-20 12:09:29 - [MESSAGE][WARNING] - Timeout '0' is invalid. Using default page load timeout: '30'

2022-07-20 12:09:59 - [MESSAGE][PASSED] - Object 'Object Repository/ADMIN/Kelola Vaksin/Page_Kelola Vaksin  GetVaccine/no data' is present

2022-07-20 12:09:59 - [TEST_STEP][PASSED] - click(findTestObject("ADMIN/Page_Dashboard Admin  GetVaccine/a_Overview")): Object: 'Object Repository/ADMIN/Page_Dashboard Admin  GetVaccine/a_Overview' is clicked on

2022-07-20 12:10:29 - [MESSAGE][PASSED] - Object: 'Object Repository/ADMIN/Page_Dashboard Admin  GetVaccine/a_Overview' is clicked on

2022-07-20 12:10:29 - [TEST_STEP][PASSED] - click(findTestObject("ADMIN/Page_Dashboard Admin  GetVaccine/a_Kelola Vaksin")): Object: 'Object Repository/ADMIN/Page_Dashboard Admin  GetVaccine/a_Kelola Vaksin' is clicked on

2022-07-20 12:10:32 - [MESSAGE][PASSED] - Object: 'Object Repository/ADMIN/Page_Dashboard Admin  GetVaccine/a_Kelola Vaksin' is clicked on

2022-07-20 12:10:32 - [TEST_STEP][PASSED] - click(findTestObject("ADMIN/Kelola Vaksin/Page_Kelola Vaksin  GetVaccine/input search")): Object: 'Object Repository/ADMIN/Kelola Vaksin/Page_Kelola Vaksin  GetVaccine/input search' is clicked on

2022-07-20 12:11:03 - [MESSAGE][PASSED] - Object: 'Object Repository/ADMIN/Kelola Vaksin/Page_Kelola Vaksin  GetVaccine/input search' is clicked on

2022-07-20 12:11:03 - [TEST_STEP][PASSED] - setText(findTestObject("ADMIN/Kelola Vaksin/Page_Kelola Vaksin  GetVaccine/input search"), findTestData("ADMIN/search vaksin").getValue(1, i)): Text 'astrazeneca' is set on object 'Object Repository/ADMIN/Kelola Vaksin/Page_Kelola Vaksin  GetVaccine/input search'

2022-07-20 12:12:03 - [MESSAGE][PASSED] - Text 'astrazeneca' is set on object 'Object Repository/ADMIN/Kelola Vaksin/Page_Kelola Vaksin  GetVaccine/input search'

2022-07-20 12:12:03 - [TEST_STEP][PASSED] - click(findTestObject("ADMIN/Kelola Vaksin/Page_Kelola Vaksin  GetVaccine/icon search")): Object: 'Object Repository/ADMIN/Kelola Vaksin/Page_Kelola Vaksin  GetVaccine/icon search' is clicked on

2022-07-20 12:12:33 - [MESSAGE][PASSED] - Object: 'Object Repository/ADMIN/Kelola Vaksin/Page_Kelola Vaksin  GetVaccine/icon search' is clicked on

2022-07-20 12:12:33 - [TEST_STEP][PASSED] - if (i == 1): null

2022-07-20 12:12:33 - [TEST_STEP][PASSED] - else: Object 'Object Repository/ADMIN/Kelola Vaksin/Page_Kelola Vaksin  GetVaccine/h3_Stok Vaksin' is present

2022-07-20 12:12:33 - [TEST_STEP][PASSED] - verifyElementPresent(findTestObject("ADMIN/Kelola Vaksin/Page_Kelola Vaksin  GetVaccine/h3_Stok Vaksin"), 0): Object 'Object Repository/ADMIN/Kelola Vaksin/Page_Kelola Vaksin  GetVaccine/h3_Stok Vaksin' is present

2022-07-20 12:12:33 - [MESSAGE][WARNING] - Timeout '0' is invalid. Using default page load timeout: '30'

2022-07-20 12:13:04 - [MESSAGE][PASSED] - Object 'Object Repository/ADMIN/Kelola Vaksin/Page_Kelola Vaksin  GetVaccine/h3_Stok Vaksin' is present]]></system-out>
         <system-err><![CDATA[]]></system-err>
      </testcase>
      <testcase name="Test Cases/ADMIN/Kelola Vaksinasi/TC_Delete" time="64.229" classname="Test Cases/ADMIN/Kelola Vaksinasi/TC_Delete" status="FAILED">
         <failure type="FAILED" message="Test Cases/ADMIN/Kelola Vaksinasi/TC_Delete FAILED.
Reason:
com.kms.katalon.core.exception.StepFailedException: Unable to click on object 'Object Repository/ADMIN/Kelola Vaksin/Page_Kelola Vaksin  GetVaccine/btn delete'
	at com.kms.katalon.core.webui.keyword.internal.WebUIKeywordMain.stepFailed(WebUIKeywordMain.groovy:64)
	at com.kms.katalon.core.webui.keyword.internal.WebUIKeywordMain.runKeyword(WebUIKeywordMain.groovy:26)
	at com.kms.katalon.core.webui.keyword.builtin.ClickKeyword.click(ClickKeyword.groovy:74)
	at com.kms.katalon.core.webui.keyword.builtin.ClickKeyword.execute(ClickKeyword.groovy:40)
	at com.kms.katalon.core.keyword.internal.KeywordExecutor.executeKeywordForPlatform(KeywordExecutor.groovy:74)
	at com.kms.katalon.core.webui.keyword.WebUiBuiltInKeywords.click(WebUiBuiltInKeywords.groovy:620)
	at com.kms.katalon.core.webui.keyword.WebUiBuiltInKeywords$click$2.call(Unknown Source)
	at TC_Delete.run(TC_Delete:24)
	at com.kms.katalon.core.main.ScriptEngine.run(ScriptEngine.java:194)
	at com.kms.katalon.core.main.ScriptEngine.runScriptAsRawText(ScriptEngine.java:119)
	at com.kms.katalon.core.main.TestCaseExecutor.runScript(TestCaseExecutor.java:442)
	at com.kms.katalon.core.main.TestCaseExecutor.doExecute(TestCaseExecutor.java:433)
	at com.kms.katalon.core.main.TestCaseExecutor.processExecutionPhase(TestCaseExecutor.java:412)
	at com.kms.katalon.core.main.TestCaseExecutor.accessMainPhase(TestCaseExecutor.java:404)
	at com.kms.katalon.core.main.TestCaseExecutor.execute(TestCaseExecutor.java:281)
	at com.kms.katalon.core.main.TestSuiteExecutor.accessTestCaseMainPhase(TestSuiteExecutor.java:202)
	at com.kms.katalon.core.main.TestSuiteExecutor.accessTestSuiteMainPhase(TestSuiteExecutor.java:164)
	at com.kms.katalon.core.main.TestSuiteExecutor.execute(TestSuiteExecutor.java:105)
	at com.kms.katalon.core.main.TestCaseMain.startTestSuite(TestCaseMain.java:185)
	at com.kms.katalon.core.main.TestCaseMain$startTestSuite$0.call(Unknown Source)
	at TempTestSuite1658292470035.run(TempTestSuite1658292470035.groovy:36)
Caused by: com.kms.katalon.core.webui.exception.WebElementNotFoundException: Web element with id: 'Object Repository/ADMIN/Kelola Vaksin/Page_Kelola Vaksin  GetVaccine/btn delete' located by '//*[@class = 'ant-btn ant-btn-danger VaccineModalDelete_button__1sYXt']' not found
	at com.kms.katalon.core.webui.common.WebUiCommonHelper.findWebElement(WebUiCommonHelper.java:1370)
	at com.kms.katalon.core.webui.keyword.internal.WebUIAbstractKeyword.findWebElement(WebUIAbstractKeyword.groovy:27)
	at com.kms.katalon.core.webui.keyword.builtin.ClickKeyword$_click_closure1.doCall(ClickKeyword.groovy:65)
	at com.kms.katalon.core.webui.keyword.builtin.ClickKeyword$_click_closure1.call(ClickKeyword.groovy)
	at com.kms.katalon.core.webui.keyword.internal.WebUIKeywordMain.runKeyword(WebUIKeywordMain.groovy:20)
	... 19 more
"/>
         <system-out><![CDATA[2022-07-20 12:13:04 - [TEST_CASE][FAILED] - Test Cases/ADMIN/Kelola Vaksinasi/TC_Delete: Test Cases/ADMIN/Kelola Vaksinasi/TC_Delete FAILED.
Reason:
com.kms.katalon.core.exception.StepFailedException: Unable to click on object 'Object Repository/ADMIN/Kelola Vaksin/Page_Kelola Vaksin  GetVaccine/btn delete'
	at com.kms.katalon.core.webui.keyword.internal.WebUIKeywordMain.stepFailed(WebUIKeywordMain.groovy:64)
	at com.kms.katalon.core.webui.keyword.internal.WebUIKeywordMain.runKeyword(WebUIKeywordMain.groovy:26)
	at com.kms.katalon.core.webui.keyword.builtin.ClickKeyword.click(ClickKeyword.groovy:74)
	at com.kms.katalon.core.webui.keyword.builtin.ClickKeyword.execute(ClickKeyword.groovy:40)
	at com.kms.katalon.core.keyword.internal.KeywordExecutor.executeKeywordForPlatform(KeywordExecutor.groovy:74)
	at com.kms.katalon.core.webui.keyword.WebUiBuiltInKeywords.click(WebUiBuiltInKeywords.groovy:620)
	at com.kms.katalon.core.webui.keyword.WebUiBuiltInKeywords$click$2.call(Unknown Source)
	at TC_Delete.run(TC_Delete:24)
	at com.kms.katalon.core.main.ScriptEngine.run(ScriptEngine.java:194)
	at com.kms.katalon.core.main.ScriptEngine.runScriptAsRawText(ScriptEngine.java:119)
	at com.kms.katalon.core.main.TestCaseExecutor.runScript(TestCaseExecutor.java:442)
	at com.kms.katalon.core.main.TestCaseExecutor.doExecute(TestCaseExecutor.java:433)
	at com.kms.katalon.core.main.TestCaseExecutor.processExecutionPhase(TestCaseExecutor.java:412)
	at com.kms.katalon.core.main.TestCaseExecutor.accessMainPhase(TestCaseExecutor.java:404)
	at com.kms.katalon.core.main.TestCaseExecutor.execute(TestCaseExecutor.java:281)
	at com.kms.katalon.core.main.TestSuiteExecutor.accessTestCaseMainPhase(TestSuiteExecutor.java:202)
	at com.kms.katalon.core.main.TestSuiteExecutor.accessTestSuiteMainPhase(TestSuiteExecutor.java:164)
	at com.kms.katalon.core.main.TestSuiteExecutor.execute(TestSuiteExecutor.java:105)
	at com.kms.katalon.core.main.TestCaseMain.startTestSuite(TestCaseMain.java:185)
	at com.kms.katalon.core.main.TestCaseMain$startTestSuite$0.call(Unknown Source)
	at TempTestSuite1658292470035.run(TempTestSuite1658292470035.groovy:36)
Caused by: com.kms.katalon.core.webui.exception.WebElementNotFoundException: Web element with id: 'Object Repository/ADMIN/Kelola Vaksin/Page_Kelola Vaksin  GetVaccine/btn delete' located by '//*[@class = 'ant-btn ant-btn-danger VaccineModalDelete_button__1sYXt']' not found
	at com.kms.katalon.core.webui.common.WebUiCommonHelper.findWebElement(WebUiCommonHelper.java:1370)
	at com.kms.katalon.core.webui.keyword.internal.WebUIAbstractKeyword.findWebElement(WebUIAbstractKeyword.groovy:27)
	at com.kms.katalon.core.webui.keyword.builtin.ClickKeyword$_click_closure1.doCall(ClickKeyword.groovy:65)
	at com.kms.katalon.core.webui.keyword.builtin.ClickKeyword$_click_closure1.call(ClickKeyword.groovy)
	at com.kms.katalon.core.webui.keyword.internal.WebUIKeywordMain.runKeyword(WebUIKeywordMain.groovy:20)
	... 19 more


2022-07-20 12:13:04 - [TEST_STEP][PASSED] - click(findTestObject("ADMIN/Page_Dashboard Admin  GetVaccine/a_Overview")): Object: 'Object Repository/ADMIN/Page_Dashboard Admin  GetVaccine/a_Overview' is clicked on

2022-07-20 12:13:34 - [MESSAGE][PASSED] - Object: 'Object Repository/ADMIN/Page_Dashboard Admin  GetVaccine/a_Overview' is clicked on

2022-07-20 12:13:34 - [TEST_STEP][PASSED] - click(findTestObject("ADMIN/Page_Dashboard Admin  GetVaccine/a_Kelola Sesi")): Object: 'Object Repository/ADMIN/Page_Dashboard Admin  GetVaccine/a_Kelola Sesi' is clicked on

2022-07-20 12:13:36 - [MESSAGE][PASSED] - Object: 'Object Repository/ADMIN/Page_Dashboard Admin  GetVaccine/a_Kelola Sesi' is clicked on

2022-07-20 12:13:36 - [TEST_STEP][FAILED] - click(findTestObject("ADMIN/Kelola Vaksin/Page_Kelola Vaksin  GetVaccine/btn delete")): Unable to click on object 'Object Repository/ADMIN/Kelola Vaksin/Page_Kelola Vaksin  GetVaccine/btn delete' (Root cause: com.kms.katalon.core.exception.StepFailedException: Unable to click on object 'Object Repository/ADMIN/Kelola Vaksin/Page_Kelola Vaksin  GetVaccine/btn delete'
	at com.kms.katalon.core.webui.keyword.internal.WebUIKeywordMain.stepFailed(WebUIKeywordMain.groovy:64)
	at com.kms.katalon.core.webui.keyword.internal.WebUIKeywordMain.runKeyword(WebUIKeywordMain.groovy:26)
	at com.kms.katalon.core.webui.keyword.builtin.ClickKeyword.click(ClickKeyword.groovy:74)
	at com.kms.katalon.core.webui.keyword.builtin.ClickKeyword.execute(ClickKeyword.groovy:40)
	at com.kms.katalon.core.keyword.internal.KeywordExecutor.executeKeywordForPlatform(KeywordExecutor.groovy:74)
	at com.kms.katalon.core.webui.keyword.WebUiBuiltInKeywords.click(WebUiBuiltInKeywords.groovy:620)
	at com.kms.katalon.core.webui.keyword.WebUiBuiltInKeywords$click$2.call(Unknown Source)
	at TC_Delete.run(TC_Delete:24)
	at com.kms.katalon.core.main.ScriptEngine.run(ScriptEngine.java:194)
	at com.kms.katalon.core.main.ScriptEngine.runScriptAsRawText(ScriptEngine.java:119)
	at com.kms.katalon.core.main.TestCaseExecutor.runScript(TestCaseExecutor.java:442)
	at com.kms.katalon.core.main.TestCaseExecutor.doExecute(TestCaseExecutor.java:433)
	at com.kms.katalon.core.main.TestCaseExecutor.processExecutionPhase(TestCaseExecutor.java:412)
	at com.kms.katalon.core.main.TestCaseExecutor.accessMainPhase(TestCaseExecutor.java:404)
	at com.kms.katalon.core.main.TestCaseExecutor.execute(TestCaseExecutor.java:281)
	at com.kms.katalon.core.main.TestSuiteExecutor.accessTestCaseMainPhase(TestSuiteExecutor.java:202)
	at com.kms.katalon.core.main.TestSuiteExecutor.accessTestSuiteMainPhase(TestSuiteExecutor.java:164)
	at com.kms.katalon.core.main.TestSuiteExecutor.execute(TestSuiteExecutor.java:105)
	at com.kms.katalon.core.main.TestCaseMain.startTestSuite(TestCaseMain.java:185)
	at com.kms.katalon.core.main.TestCaseMain$startTestSuite$0.call(Unknown Source)
	at TempTestSuite1658292470035.run(TempTestSuite1658292470035.groovy:36)
Caused by: com.kms.katalon.core.webui.exception.WebElementNotFoundException: Web element with id: 'Object Repository/ADMIN/Kelola Vaksin/Page_Kelola Vaksin  GetVaccine/btn delete' located by '//*[@class = 'ant-btn ant-btn-danger VaccineModalDelete_button__1sYXt']' not found
	at com.kms.katalon.core.webui.common.WebUiCommonHelper.findWebElement(WebUiCommonHelper.java:1370)
	at com.kms.katalon.core.webui.keyword.internal.WebUIAbstractKeyword.findWebElement(WebUIAbstractKeyword.groovy:27)
	at com.kms.katalon.core.webui.keyword.builtin.ClickKeyword$_click_closure1.doCall(ClickKeyword.groovy:65)
	at com.kms.katalon.core.webui.keyword.builtin.ClickKeyword$_click_closure1.call(ClickKeyword.groovy)
	at com.kms.katalon.core.webui.keyword.internal.WebUIKeywordMain.runKeyword(WebUIKeywordMain.groovy:20)
	at com.kms.katalon.core.webui.keyword.builtin.ClickKeyword.click(ClickKeyword.groovy:74)
	at com.kms.katalon.core.webui.keyword.builtin.ClickKeyword.execute(ClickKeyword.groovy:40)
	at com.kms.katalon.core.keyword.internal.KeywordExecutor.executeKeywordForPlatform(KeywordExecutor.groovy:74)
	at com.kms.katalon.core.webui.keyword.WebUiBuiltInKeywords.click(WebUiBuiltInKeywords.groovy:620)
	at com.kms.katalon.core.webui.keyword.WebUiBuiltInKeywords$click$2.call(Unknown Source)
	at Script1658071247888.run(Script1658071247888.groovy:24)
	... 13 more
)

2022-07-20 12:14:07 - [MESSAGE][INFO] - Unable to find the element located by 'By.xpath: //*[@class = 'ant-btn ant-btn-danger VaccineModalDelete_button__1sYXt']'. Please recheck the objects properties to make sure the desired element is located. 

2022-07-20 12:14:08 - [MESSAGE][FAILED] - Unable to click on object 'Object Repository/ADMIN/Kelola Vaksin/Page_Kelola Vaksin  GetVaccine/btn delete' (Root cause: com.kms.katalon.core.exception.StepFailedException: Unable to click on object 'Object Repository/ADMIN/Kelola Vaksin/Page_Kelola Vaksin  GetVaccine/btn delete'
	at com.kms.katalon.core.webui.keyword.internal.WebUIKeywordMain.stepFailed(WebUIKeywordMain.groovy:64)
	at com.kms.katalon.core.webui.keyword.internal.WebUIKeywordMain.runKeyword(WebUIKeywordMain.groovy:26)
	at com.kms.katalon.core.webui.keyword.builtin.ClickKeyword.click(ClickKeyword.groovy:74)
	at com.kms.katalon.core.webui.keyword.builtin.ClickKeyword.execute(ClickKeyword.groovy:40)
	at com.kms.katalon.core.keyword.internal.KeywordExecutor.executeKeywordForPlatform(KeywordExecutor.groovy:74)
	at com.kms.katalon.core.webui.keyword.WebUiBuiltInKeywords.click(WebUiBuiltInKeywords.groovy:620)
	at com.kms.katalon.core.webui.keyword.WebUiBuiltInKeywords$click$2.call(Unknown Source)
	at TC_Delete.run(TC_Delete:24)
	at com.kms.katalon.core.main.ScriptEngine.run(ScriptEngine.java:194)
	at com.kms.katalon.core.main.ScriptEngine.runScriptAsRawText(ScriptEngine.java:119)
	at com.kms.katalon.core.main.TestCaseExecutor.runScript(TestCaseExecutor.java:442)
	at com.kms.katalon.core.main.TestCaseExecutor.doExecute(TestCaseExecutor.java:433)
	at com.kms.katalon.core.main.TestCaseExecutor.processExecutionPhase(TestCaseExecutor.java:412)
	at com.kms.katalon.core.main.TestCaseExecutor.accessMainPhase(TestCaseExecutor.java:404)
	at com.kms.katalon.core.main.TestCaseExecutor.execute(TestCaseExecutor.java:281)
	at com.kms.katalon.core.main.TestSuiteExecutor.accessTestCaseMainPhase(TestSuiteExecutor.java:202)
	at com.kms.katalon.core.main.TestSuiteExecutor.accessTestSuiteMainPhase(TestSuiteExecutor.java:164)
	at com.kms.katalon.core.main.TestSuiteExecutor.execute(TestSuiteExecutor.java:105)
	at com.kms.katalon.core.main.TestCaseMain.startTestSuite(TestCaseMain.java:185)
	at com.kms.katalon.core.main.TestCaseMain$startTestSuite$0.call(Unknown Source)
	at TempTestSuite1658292470035.run(TempTestSuite1658292470035.groovy:36)
Caused by: com.kms.katalon.core.webui.exception.WebElementNotFoundException: Web element with id: 'Object Repository/ADMIN/Kelola Vaksin/Page_Kelola Vaksin  GetVaccine/btn delete' located by '//*[@class = 'ant-btn ant-btn-danger VaccineModalDelete_button__1sYXt']' not found
	at com.kms.katalon.core.webui.common.WebUiCommonHelper.findWebElement(WebUiCommonHelper.java:1370)
	at com.kms.katalon.core.webui.keyword.internal.WebUIAbstractKeyword.findWebElement(WebUIAbstractKeyword.groovy:27)
	at com.kms.katalon.core.webui.keyword.builtin.ClickKeyword$_click_closure1.doCall(ClickKeyword.groovy:65)
	at com.kms.katalon.core.webui.keyword.builtin.ClickKeyword$_click_closure1.call(ClickKeyword.groovy)
	at com.kms.katalon.core.webui.keyword.internal.WebUIKeywordMain.runKeyword(WebUIKeywordMain.groovy:20)
	at com.kms.katalon.core.webui.keyword.builtin.ClickKeyword.click(ClickKeyword.groovy:74)
	at com.kms.katalon.core.webui.keyword.builtin.ClickKeyword.execute(ClickKeyword.groovy:40)
	at com.kms.katalon.core.keyword.internal.KeywordExecutor.executeKeywordForPlatform(KeywordExecutor.groovy:74)
	at com.kms.katalon.core.webui.keyword.WebUiBuiltInKeywords.click(WebUiBuiltInKeywords.groovy:620)
	at com.kms.katalon.core.webui.keyword.WebUiBuiltInKeywords$click$2.call(Unknown Source)
	at Script1658071247888.run(Script1658071247888.groovy:24)
	... 13 more
)
[[ATTACHMENT|C:\\Users\\Thinkpad X260\\git\\CapstoneWEBSITE\\Reports\\20220720_114750\\TS_KELOLA VAKSIN\\20220720_114750\\1658294047788.png]]]]></system-out>
         <system-err><![CDATA[2022-07-20 12:13:04 - [TEST_CASE][FAILED] - Test Cases/ADMIN/Kelola Vaksinasi/TC_Delete: Test Cases/ADMIN/Kelola Vaksinasi/TC_Delete FAILED.
Reason:
com.kms.katalon.core.exception.StepFailedException: Unable to click on object 'Object Repository/ADMIN/Kelola Vaksin/Page_Kelola Vaksin  GetVaccine/btn delete'
	at com.kms.katalon.core.webui.keyword.internal.WebUIKeywordMain.stepFailed(WebUIKeywordMain.groovy:64)
	at com.kms.katalon.core.webui.keyword.internal.WebUIKeywordMain.runKeyword(WebUIKeywordMain.groovy:26)
	at com.kms.katalon.core.webui.keyword.builtin.ClickKeyword.click(ClickKeyword.groovy:74)
	at com.kms.katalon.core.webui.keyword.builtin.ClickKeyword.execute(ClickKeyword.groovy:40)
	at com.kms.katalon.core.keyword.internal.KeywordExecutor.executeKeywordForPlatform(KeywordExecutor.groovy:74)
	at com.kms.katalon.core.webui.keyword.WebUiBuiltInKeywords.click(WebUiBuiltInKeywords.groovy:620)
	at com.kms.katalon.core.webui.keyword.WebUiBuiltInKeywords$click$2.call(Unknown Source)
	at TC_Delete.run(TC_Delete:24)
	at com.kms.katalon.core.main.ScriptEngine.run(ScriptEngine.java:194)
	at com.kms.katalon.core.main.ScriptEngine.runScriptAsRawText(ScriptEngine.java:119)
	at com.kms.katalon.core.main.TestCaseExecutor.runScript(TestCaseExecutor.java:442)
	at com.kms.katalon.core.main.TestCaseExecutor.doExecute(TestCaseExecutor.java:433)
	at com.kms.katalon.core.main.TestCaseExecutor.processExecutionPhase(TestCaseExecutor.java:412)
	at com.kms.katalon.core.main.TestCaseExecutor.accessMainPhase(TestCaseExecutor.java:404)
	at com.kms.katalon.core.main.TestCaseExecutor.execute(TestCaseExecutor.java:281)
	at com.kms.katalon.core.main.TestSuiteExecutor.accessTestCaseMainPhase(TestSuiteExecutor.java:202)
	at com.kms.katalon.core.main.TestSuiteExecutor.accessTestSuiteMainPhase(TestSuiteExecutor.java:164)
	at com.kms.katalon.core.main.TestSuiteExecutor.execute(TestSuiteExecutor.java:105)
	at com.kms.katalon.core.main.TestCaseMain.startTestSuite(TestCaseMain.java:185)
	at com.kms.katalon.core.main.TestCaseMain$startTestSuite$0.call(Unknown Source)
	at TempTestSuite1658292470035.run(TempTestSuite1658292470035.groovy:36)
Caused by: com.kms.katalon.core.webui.exception.WebElementNotFoundException: Web element with id: 'Object Repository/ADMIN/Kelola Vaksin/Page_Kelola Vaksin  GetVaccine/btn delete' located by '//*[@class = 'ant-btn ant-btn-danger VaccineModalDelete_button__1sYXt']' not found
	at com.kms.katalon.core.webui.common.WebUiCommonHelper.findWebElement(WebUiCommonHelper.java:1370)
	at com.kms.katalon.core.webui.keyword.internal.WebUIAbstractKeyword.findWebElement(WebUIAbstractKeyword.groovy:27)
	at com.kms.katalon.core.webui.keyword.builtin.ClickKeyword$_click_closure1.doCall(ClickKeyword.groovy:65)
	at com.kms.katalon.core.webui.keyword.builtin.ClickKeyword$_click_closure1.call(ClickKeyword.groovy)
	at com.kms.katalon.core.webui.keyword.internal.WebUIKeywordMain.runKeyword(WebUIKeywordMain.groovy:20)
	... 19 more]]></system-err>
      </testcase>
      <system-out><![CDATA[2022-07-20 11:47:54 - [TEST_SUITE][FAILED] - TS_KELOLA VAKSIN: Test Cases/ADMIN/Kelola Vaksinasi/TC_Delete FAILED.
Reason:
com.kms.katalon.core.exception.StepFailedException: Unable to click on object 'Object Repository/ADMIN/Kelola Vaksin/Page_Kelola Vaksin  GetVaccine/btn delete'
	at com.kms.katalon.core.webui.keyword.internal.WebUIKeywordMain.stepFailed(WebUIKeywordMain.groovy:64)
	at com.kms.katalon.core.webui.keyword.internal.WebUIKeywordMain.runKeyword(WebUIKeywordMain.groovy:26)
	at com.kms.katalon.core.webui.keyword.builtin.ClickKeyword.click(ClickKeyword.groovy:74)
	at com.kms.katalon.core.webui.keyword.builtin.ClickKeyword.execute(ClickKeyword.groovy:40)
	at com.kms.katalon.core.keyword.internal.KeywordExecutor.executeKeywordForPlatform(KeywordExecutor.groovy:74)
	at com.kms.katalon.core.webui.keyword.WebUiBuiltInKeywords.click(WebUiBuiltInKeywords.groovy:620)
	at com.kms.katalon.core.webui.keyword.WebUiBuiltInKeywords$click$2.call(Unknown Source)
	at TC_Delete.run(TC_Delete:24)
	at com.kms.katalon.core.main.ScriptEngine.run(ScriptEngine.java:194)
	at com.kms.katalon.core.main.ScriptEngine.runScriptAsRawText(ScriptEngine.java:119)
	at com.kms.katalon.core.main.TestCaseExecutor.runScript(TestCaseExecutor.java:442)
	at com.kms.katalon.core.main.TestCaseExecutor.doExecute(TestCaseExecutor.java:433)
	at com.kms.katalon.core.main.TestCaseExecutor.processExecutionPhase(TestCaseExecutor.java:412)
	at com.kms.katalon.core.main.TestCaseExecutor.accessMainPhase(TestCaseExecutor.java:404)
	at com.kms.katalon.core.main.TestCaseExecutor.execute(TestCaseExecutor.java:281)
	at com.kms.katalon.core.main.TestSuiteExecutor.accessTestCaseMainPhase(TestSuiteExecutor.java:202)
	at com.kms.katalon.core.main.TestSuiteExecutor.accessTestSuiteMainPhase(TestSuiteExecutor.java:164)
	at com.kms.katalon.core.main.TestSuiteExecutor.execute(TestSuiteExecutor.java:105)
	at com.kms.katalon.core.main.TestCaseMain.startTestSuite(TestCaseMain.java:185)
	at com.kms.katalon.core.main.TestCaseMain$startTestSuite$0.call(Unknown Source)
	at TempTestSuite1658292470035.run(TempTestSuite1658292470035.groovy:36)
Caused by: com.kms.katalon.core.webui.exception.WebElementNotFoundException: Web element with id: 'Object Repository/ADMIN/Kelola Vaksin/Page_Kelola Vaksin  GetVaccine/btn delete' located by '//*[@class = 'ant-btn ant-btn-danger VaccineModalDelete_button__1sYXt']' not found
	at com.kms.katalon.core.webui.common.WebUiCommonHelper.findWebElement(WebUiCommonHelper.java:1370)
	at com.kms.katalon.core.webui.keyword.internal.WebUIAbstractKeyword.findWebElement(WebUIAbstractKeyword.groovy:27)
	at com.kms.katalon.core.webui.keyword.builtin.ClickKeyword$_click_closure1.doCall(ClickKeyword.groovy:65)
	at com.kms.katalon.core.webui.keyword.builtin.ClickKeyword$_click_closure1.call(ClickKeyword.groovy)
	at com.kms.katalon.core.webui.keyword.internal.WebUIKeywordMain.runKeyword(WebUIKeywordMain.groovy:20)
	... 19 more]]></system-out>
      <system-err><![CDATA[2022-07-20 11:47:54 - [TEST_SUITE][FAILED] - TS_KELOLA VAKSIN: Test Cases/ADMIN/Kelola Vaksinasi/TC_Delete FAILED.
Reason:
com.kms.katalon.core.exception.StepFailedException: Unable to click on object 'Object Repository/ADMIN/Kelola Vaksin/Page_Kelola Vaksin  GetVaccine/btn delete'
	at com.kms.katalon.core.webui.keyword.internal.WebUIKeywordMain.stepFailed(WebUIKeywordMain.groovy:64)
	at com.kms.katalon.core.webui.keyword.internal.WebUIKeywordMain.runKeyword(WebUIKeywordMain.groovy:26)
	at com.kms.katalon.core.webui.keyword.builtin.ClickKeyword.click(ClickKeyword.groovy:74)
	at com.kms.katalon.core.webui.keyword.builtin.ClickKeyword.execute(ClickKeyword.groovy:40)
	at com.kms.katalon.core.keyword.internal.KeywordExecutor.executeKeywordForPlatform(KeywordExecutor.groovy:74)
	at com.kms.katalon.core.webui.keyword.WebUiBuiltInKeywords.click(WebUiBuiltInKeywords.groovy:620)
	at com.kms.katalon.core.webui.keyword.WebUiBuiltInKeywords$click$2.call(Unknown Source)
	at TC_Delete.run(TC_Delete:24)
	at com.kms.katalon.core.main.ScriptEngine.run(ScriptEngine.java:194)
	at com.kms.katalon.core.main.ScriptEngine.runScriptAsRawText(ScriptEngine.java:119)
	at com.kms.katalon.core.main.TestCaseExecutor.runScript(TestCaseExecutor.java:442)
	at com.kms.katalon.core.main.TestCaseExecutor.doExecute(TestCaseExecutor.java:433)
	at com.kms.katalon.core.main.TestCaseExecutor.processExecutionPhase(TestCaseExecutor.java:412)
	at com.kms.katalon.core.main.TestCaseExecutor.accessMainPhase(TestCaseExecutor.java:404)
	at com.kms.katalon.core.main.TestCaseExecutor.execute(TestCaseExecutor.java:281)
	at com.kms.katalon.core.main.TestSuiteExecutor.accessTestCaseMainPhase(TestSuiteExecutor.java:202)
	at com.kms.katalon.core.main.TestSuiteExecutor.accessTestSuiteMainPhase(TestSuiteExecutor.java:164)
	at com.kms.katalon.core.main.TestSuiteExecutor.execute(TestSuiteExecutor.java:105)
	at com.kms.katalon.core.main.TestCaseMain.startTestSuite(TestCaseMain.java:185)
	at com.kms.katalon.core.main.TestCaseMain$startTestSuite$0.call(Unknown Source)
	at TempTestSuite1658292470035.run(TempTestSuite1658292470035.groovy:36)
Caused by: com.kms.katalon.core.webui.exception.WebElementNotFoundException: Web element with id: 'Object Repository/ADMIN/Kelola Vaksin/Page_Kelola Vaksin  GetVaccine/btn delete' located by '//*[@class = 'ant-btn ant-btn-danger VaccineModalDelete_button__1sYXt']' not found
	at com.kms.katalon.core.webui.common.WebUiCommonHelper.findWebElement(WebUiCommonHelper.java:1370)
	at com.kms.katalon.core.webui.keyword.internal.WebUIAbstractKeyword.findWebElement(WebUIAbstractKeyword.groovy:27)
	at com.kms.katalon.core.webui.keyword.builtin.ClickKeyword$_click_closure1.doCall(ClickKeyword.groovy:65)
	at com.kms.katalon.core.webui.keyword.builtin.ClickKeyword$_click_closure1.call(ClickKeyword.groovy)
	at com.kms.katalon.core.webui.keyword.internal.WebUIKeywordMain.runKeyword(WebUIKeywordMain.groovy:20)
	... 19 more]]></system-err>
   </testsuite>
</testsuites>
