<?xml version="1.0" encoding="UTF-8"?>
<testsuites name="TS_FACILITY" time="39.283" tests="9" failures="1" errors="0">
   <testsuite name="TS_FACILITY" tests="9" failures="1" errors="0" time="39.283" skipped="0" timestamp="2022-06-30 22:00:54" hostname="Thinkpad X260 - DESKTOP-D9B57TC" id="Test Suites/TS_FACILITY">
      <properties>
         <property name="deviceName" value=""/>
         <property name="devicePlatform" value=""/>
         <property name="logFolder" value="C:\\Users\\Thinkpad X260\\git\\CapstoneAPI\\Reports\\20220630_220047\\TS_FACILITY\\20220630_220047"/>
         <property name="logFiles" value="C:\\Users\\Thinkpad X260\\git\\CapstoneAPI\\Reports\\20220630_220047\\TS_FACILITY\\20220630_220047\\execution0.log"/>
         <property name="attachments" value=""/>
         <property name="hostName" value="Thinkpad X260 - DESKTOP-D9B57TC"/>
         <property name="hostAddress" value="192.168.100.66"/>
         <property name="os" value="Windows 10 64bit"/>
         <property name="katalonVersion" value="8.2.5.208"/>
      </properties>
      <testcase name="Test Cases/API/FACILITY/CREATE FACILITY/TCNH03_CREATE WITHOUT REQ BODY" time="13.048" classname="Test Cases/API/FACILITY/CREATE FACILITY/TCNH03_CREATE WITHOUT REQ BODY" status="PASSED">
         <system-out><![CDATA[2022-06-30 22:00:55 - [TEST_CASE][PASSED] - Test Cases/API/FACILITY/CREATE FACILITY/TCNH03_CREATE WITHOUT REQ BODY: Test Cases/API/FACILITY/CREATE FACILITY/TCNH03_CREATE WITHOUT REQ BODY

2022-06-30 22:00:56 - [TEST_STEP][PASSED] - Response = sendRequest(findTestObject("API/FACILITY/CREATE NEW FACILITY/TCNH03_CREATE WITHOUT REQUEST BODY")): Send request successfully

2022-06-30 22:01:08 - [MESSAGE][INFO] - HAR: C:\Users\Thinkpad X260\git\CapstoneAPI\Reports\20220630_220047\TS_FACILITY\20220630_220047\requests\main\0.har

2022-06-30 22:01:08 - [MESSAGE][PASSED] - Send request successfully

2022-06-30 22:01:08 - [TEST_STEP][PASSED] - verifyResponseStatusCode(Response, Status_400): Verify response status code successfully

2022-06-30 22:01:08 - [MESSAGE][PASSED] - Verify response status code successfully]]></system-out>
         <system-err><![CDATA[]]></system-err>
      </testcase>
      <testcase name="Test Cases/API/FACILITY/CREATE FACILITY/TCNH02_CREATE WITHOUT TOKEN" time="9.774" classname="Test Cases/API/FACILITY/CREATE FACILITY/TCNH02_CREATE WITHOUT TOKEN" status="PASSED">
         <system-out><![CDATA[2022-06-30 22:01:08 - [TEST_CASE][PASSED] - Test Cases/API/FACILITY/CREATE FACILITY/TCNH02_CREATE WITHOUT TOKEN: Test Cases/API/FACILITY/CREATE FACILITY/TCNH02_CREATE WITHOUT TOKEN

2022-06-30 22:01:09 - [TEST_STEP][PASSED] - Response = sendRequest(findTestObject("API/FACILITY/CREATE NEW FACILITY/TCNH02_CREATE WITHOUT TOKEN")): Send request successfully

2022-06-30 22:01:18 - [MESSAGE][INFO] - HAR: C:\Users\Thinkpad X260\git\CapstoneAPI\Reports\20220630_220047\TS_FACILITY\20220630_220047\requests\main\1.har

2022-06-30 22:01:18 - [MESSAGE][PASSED] - Send request successfully

2022-06-30 22:01:18 - [TEST_STEP][PASSED] - verifyResponseStatusCode(Response, Status_401): Verify response status code successfully

2022-06-30 22:01:18 - [MESSAGE][PASSED] - Verify response status code successfully]]></system-out>
         <system-err><![CDATA[]]></system-err>
      </testcase>
      <testcase name="Test Cases/API/FACILITY/CREATE FACILITY/TCNH01_CREATE VALID FACILITY" time="2.474" classname="Test Cases/API/FACILITY/CREATE FACILITY/TCNH01_CREATE VALID FACILITY" status="FAILED">
         <failure type="FAILED" message="Test Cases/API/FACILITY/CREATE FACILITY/TCNH01_CREATE VALID FACILITY FAILED.
Reason:
com.kms.katalon.core.exception.StepFailedException: Expected status code is '200' but actual status code is '400'
	at com.kms.katalon.core.keyword.internal.KeywordMain.stepFailed(KeywordMain.groovy:50)
	at com.kms.katalon.core.webservice.keyword.builtin.VerifyResponseStatusCodeKeyword.verifyStatusCode(VerifyResponseStatusCodeKeyword.groovy:52)
	at com.kms.katalon.core.webservice.keyword.builtin.VerifyResponseStatusCodeKeyword.access$1(VerifyResponseStatusCodeKeyword.groovy)
	at com.kms.katalon.core.webservice.keyword.builtin.VerifyResponseStatusCodeKeyword$_verifyResponseStatusCode_closure1.doCall(VerifyResponseStatusCodeKeyword.groovy:42)
	at com.kms.katalon.core.webservice.keyword.builtin.VerifyResponseStatusCodeKeyword$_verifyResponseStatusCode_closure1.call(VerifyResponseStatusCodeKeyword.groovy)
	at com.kms.katalon.core.keyword.internal.KeywordMain.runKeyword(KeywordMain.groovy:74)
	at com.kms.katalon.core.webservice.keyword.builtin.VerifyResponseStatusCodeKeyword.verifyResponseStatusCode(VerifyResponseStatusCodeKeyword.groovy:37)
	at com.kms.katalon.core.webservice.keyword.builtin.VerifyResponseStatusCodeKeyword.execute(VerifyResponseStatusCodeKeyword.groovy:32)
	at com.kms.katalon.core.keyword.internal.KeywordExecutor.executeKeywordForPlatform(KeywordExecutor.groovy:74)
	at com.kms.katalon.core.webservice.keyword.WSBuiltInKeywords.verifyResponseStatusCode(WSBuiltInKeywords.groovy:344)
	at com.kms.katalon.core.webservice.keyword.WSBuiltInKeywords$verifyResponseStatusCode$0.call(Unknown Source)
	at TCNH01_CREATE VALID FACILITY.run(TCNH01_CREATE VALID FACILITY:22)
	at com.kms.katalon.core.main.ScriptEngine.run(ScriptEngine.java:194)
	at com.kms.katalon.core.main.ScriptEngine.runScriptAsRawText(ScriptEngine.java:119)
	at com.kms.katalon.core.main.TestCaseExecutor.runScript(TestCaseExecutor.java:442)
	at com.kms.katalon.core.main.TestCaseExecutor.doExecute(TestCaseExecutor.java:433)
	at com.kms.katalon.core.main.TestCaseExecutor.processExecutionPhase(TestCaseExecutor.java:412)
	at com.kms.katalon.core.main.TestCaseExecutor.accessMainPhase(TestCaseExecutor.java:404)
	at com.kms.katalon.core.main.TestCaseExecutor.execute(TestCaseExecutor.java:281)
	at com.kms.katalon.core.main.TestSuiteExecutor.accessTestCaseMainPhase(TestSuiteExecutor.java:202)
	at com.kms.katalon.core.main.TestSuiteExecutor.accessTestSuiteMainPhase(TestSuiteExecutor.java:164)
	at com.kms.katalon.core.main.TestSuiteExecutor.execute(TestSuiteExecutor.java:105)
	at com.kms.katalon.core.main.TestCaseMain.startTestSuite(TestCaseMain.java:185)
	at com.kms.katalon.core.main.TestCaseMain$startTestSuite$0.call(Unknown Source)
	at TempTestSuite1656601247060.run(TempTestSuite1656601247060.groovy:36)
"/>
         <system-out><![CDATA[2022-06-30 22:01:18 - [TEST_CASE][FAILED] - Test Cases/API/FACILITY/CREATE FACILITY/TCNH01_CREATE VALID FACILITY: Test Cases/API/FACILITY/CREATE FACILITY/TCNH01_CREATE VALID FACILITY FAILED.
Reason:
com.kms.katalon.core.exception.StepFailedException: Expected status code is '200' but actual status code is '400'
	at com.kms.katalon.core.keyword.internal.KeywordMain.stepFailed(KeywordMain.groovy:50)
	at com.kms.katalon.core.webservice.keyword.builtin.VerifyResponseStatusCodeKeyword.verifyStatusCode(VerifyResponseStatusCodeKeyword.groovy:52)
	at com.kms.katalon.core.webservice.keyword.builtin.VerifyResponseStatusCodeKeyword.access$1(VerifyResponseStatusCodeKeyword.groovy)
	at com.kms.katalon.core.webservice.keyword.builtin.VerifyResponseStatusCodeKeyword$_verifyResponseStatusCode_closure1.doCall(VerifyResponseStatusCodeKeyword.groovy:42)
	at com.kms.katalon.core.webservice.keyword.builtin.VerifyResponseStatusCodeKeyword$_verifyResponseStatusCode_closure1.call(VerifyResponseStatusCodeKeyword.groovy)
	at com.kms.katalon.core.keyword.internal.KeywordMain.runKeyword(KeywordMain.groovy:74)
	at com.kms.katalon.core.webservice.keyword.builtin.VerifyResponseStatusCodeKeyword.verifyResponseStatusCode(VerifyResponseStatusCodeKeyword.groovy:37)
	at com.kms.katalon.core.webservice.keyword.builtin.VerifyResponseStatusCodeKeyword.execute(VerifyResponseStatusCodeKeyword.groovy:32)
	at com.kms.katalon.core.keyword.internal.KeywordExecutor.executeKeywordForPlatform(KeywordExecutor.groovy:74)
	at com.kms.katalon.core.webservice.keyword.WSBuiltInKeywords.verifyResponseStatusCode(WSBuiltInKeywords.groovy:344)
	at com.kms.katalon.core.webservice.keyword.WSBuiltInKeywords$verifyResponseStatusCode$0.call(Unknown Source)
	at TCNH01_CREATE VALID FACILITY.run(TCNH01_CREATE VALID FACILITY:22)
	at com.kms.katalon.core.main.ScriptEngine.run(ScriptEngine.java:194)
	at com.kms.katalon.core.main.ScriptEngine.runScriptAsRawText(ScriptEngine.java:119)
	at com.kms.katalon.core.main.TestCaseExecutor.runScript(TestCaseExecutor.java:442)
	at com.kms.katalon.core.main.TestCaseExecutor.doExecute(TestCaseExecutor.java:433)
	at com.kms.katalon.core.main.TestCaseExecutor.processExecutionPhase(TestCaseExecutor.java:412)
	at com.kms.katalon.core.main.TestCaseExecutor.accessMainPhase(TestCaseExecutor.java:404)
	at com.kms.katalon.core.main.TestCaseExecutor.execute(TestCaseExecutor.java:281)
	at com.kms.katalon.core.main.TestSuiteExecutor.accessTestCaseMainPhase(TestSuiteExecutor.java:202)
	at com.kms.katalon.core.main.TestSuiteExecutor.accessTestSuiteMainPhase(TestSuiteExecutor.java:164)
	at com.kms.katalon.core.main.TestSuiteExecutor.execute(TestSuiteExecutor.java:105)
	at com.kms.katalon.core.main.TestCaseMain.startTestSuite(TestCaseMain.java:185)
	at com.kms.katalon.core.main.TestCaseMain$startTestSuite$0.call(Unknown Source)
	at TempTestSuite1656601247060.run(TempTestSuite1656601247060.groovy:36)


2022-06-30 22:01:19 - [TEST_STEP][PASSED] - Response = sendRequest(findTestObject("API/FACILITY/CREATE NEW FACILITY/TCNH01_CREATE FACILITY")): Send request successfully

2022-06-30 22:01:20 - [MESSAGE][INFO] - HAR: C:\Users\Thinkpad X260\git\CapstoneAPI\Reports\20220630_220047\TS_FACILITY\20220630_220047\requests\main\2.har

2022-06-30 22:01:20 - [MESSAGE][PASSED] - Send request successfully

2022-06-30 22:01:20 - [TEST_STEP][FAILED] - verifyResponseStatusCode(Response, Status_200): Unable to verify response status code (Root cause: com.kms.katalon.core.exception.StepFailedException: Expected status code is '200' but actual status code is '400'
	at com.kms.katalon.core.keyword.internal.KeywordMain.stepFailed(KeywordMain.groovy:50)
	at com.kms.katalon.core.webservice.keyword.builtin.VerifyResponseStatusCodeKeyword.verifyStatusCode(VerifyResponseStatusCodeKeyword.groovy:52)
	at com.kms.katalon.core.webservice.keyword.builtin.VerifyResponseStatusCodeKeyword.access$1(VerifyResponseStatusCodeKeyword.groovy)
	at com.kms.katalon.core.webservice.keyword.builtin.VerifyResponseStatusCodeKeyword$_verifyResponseStatusCode_closure1.doCall(VerifyResponseStatusCodeKeyword.groovy:42)
	at com.kms.katalon.core.webservice.keyword.builtin.VerifyResponseStatusCodeKeyword$_verifyResponseStatusCode_closure1.call(VerifyResponseStatusCodeKeyword.groovy)
	at com.kms.katalon.core.keyword.internal.KeywordMain.runKeyword(KeywordMain.groovy:74)
	at com.kms.katalon.core.webservice.keyword.builtin.VerifyResponseStatusCodeKeyword.verifyResponseStatusCode(VerifyResponseStatusCodeKeyword.groovy:37)
	at com.kms.katalon.core.webservice.keyword.builtin.VerifyResponseStatusCodeKeyword.execute(VerifyResponseStatusCodeKeyword.groovy:32)
	at com.kms.katalon.core.keyword.internal.KeywordExecutor.executeKeywordForPlatform(KeywordExecutor.groovy:74)
	at com.kms.katalon.core.webservice.keyword.WSBuiltInKeywords.verifyResponseStatusCode(WSBuiltInKeywords.groovy:344)
	at com.kms.katalon.core.webservice.keyword.WSBuiltInKeywords$verifyResponseStatusCode$0.call(Unknown Source)
	at TCNH01_CREATE VALID FACILITY.run(TCNH01_CREATE VALID FACILITY:22)
	at com.kms.katalon.core.main.ScriptEngine.run(ScriptEngine.java:194)
	at com.kms.katalon.core.main.ScriptEngine.runScriptAsRawText(ScriptEngine.java:119)
	at com.kms.katalon.core.main.TestCaseExecutor.runScript(TestCaseExecutor.java:442)
	at com.kms.katalon.core.main.TestCaseExecutor.doExecute(TestCaseExecutor.java:433)
	at com.kms.katalon.core.main.TestCaseExecutor.processExecutionPhase(TestCaseExecutor.java:412)
	at com.kms.katalon.core.main.TestCaseExecutor.accessMainPhase(TestCaseExecutor.java:404)
	at com.kms.katalon.core.main.TestCaseExecutor.execute(TestCaseExecutor.java:281)
	at com.kms.katalon.core.main.TestSuiteExecutor.accessTestCaseMainPhase(TestSuiteExecutor.java:202)
	at com.kms.katalon.core.main.TestSuiteExecutor.accessTestSuiteMainPhase(TestSuiteExecutor.java:164)
	at com.kms.katalon.core.main.TestSuiteExecutor.execute(TestSuiteExecutor.java:105)
	at com.kms.katalon.core.main.TestCaseMain.startTestSuite(TestCaseMain.java:185)
	at com.kms.katalon.core.main.TestCaseMain$startTestSuite$0.call(Unknown Source)
	at TempTestSuite1656601247060.run(TempTestSuite1656601247060.groovy:36)
)

2022-06-30 22:01:20 - [MESSAGE][FAILED] - Expected status code is '200' but actual status code is '400'

2022-06-30 22:01:20 - [MESSAGE][FAILED] - Unable to verify response status code (Root cause: com.kms.katalon.core.exception.StepFailedException: Expected status code is '200' but actual status code is '400'
	at com.kms.katalon.core.keyword.internal.KeywordMain.stepFailed(KeywordMain.groovy:50)
	at com.kms.katalon.core.webservice.keyword.builtin.VerifyResponseStatusCodeKeyword.verifyStatusCode(VerifyResponseStatusCodeKeyword.groovy:52)
	at com.kms.katalon.core.webservice.keyword.builtin.VerifyResponseStatusCodeKeyword.access$1(VerifyResponseStatusCodeKeyword.groovy)
	at com.kms.katalon.core.webservice.keyword.builtin.VerifyResponseStatusCodeKeyword$_verifyResponseStatusCode_closure1.doCall(VerifyResponseStatusCodeKeyword.groovy:42)
	at com.kms.katalon.core.webservice.keyword.builtin.VerifyResponseStatusCodeKeyword$_verifyResponseStatusCode_closure1.call(VerifyResponseStatusCodeKeyword.groovy)
	at com.kms.katalon.core.keyword.internal.KeywordMain.runKeyword(KeywordMain.groovy:74)
	at com.kms.katalon.core.webservice.keyword.builtin.VerifyResponseStatusCodeKeyword.verifyResponseStatusCode(VerifyResponseStatusCodeKeyword.groovy:37)
	at com.kms.katalon.core.webservice.keyword.builtin.VerifyResponseStatusCodeKeyword.execute(VerifyResponseStatusCodeKeyword.groovy:32)
	at com.kms.katalon.core.keyword.internal.KeywordExecutor.executeKeywordForPlatform(KeywordExecutor.groovy:74)
	at com.kms.katalon.core.webservice.keyword.WSBuiltInKeywords.verifyResponseStatusCode(WSBuiltInKeywords.groovy:344)
	at com.kms.katalon.core.webservice.keyword.WSBuiltInKeywords$verifyResponseStatusCode$0.call(Unknown Source)
	at TCNH01_CREATE VALID FACILITY.run(TCNH01_CREATE VALID FACILITY:22)
	at com.kms.katalon.core.main.ScriptEngine.run(ScriptEngine.java:194)
	at com.kms.katalon.core.main.ScriptEngine.runScriptAsRawText(ScriptEngine.java:119)
	at com.kms.katalon.core.main.TestCaseExecutor.runScript(TestCaseExecutor.java:442)
	at com.kms.katalon.core.main.TestCaseExecutor.doExecute(TestCaseExecutor.java:433)
	at com.kms.katalon.core.main.TestCaseExecutor.processExecutionPhase(TestCaseExecutor.java:412)
	at com.kms.katalon.core.main.TestCaseExecutor.accessMainPhase(TestCaseExecutor.java:404)
	at com.kms.katalon.core.main.TestCaseExecutor.execute(TestCaseExecutor.java:281)
	at com.kms.katalon.core.main.TestSuiteExecutor.accessTestCaseMainPhase(TestSuiteExecutor.java:202)
	at com.kms.katalon.core.main.TestSuiteExecutor.accessTestSuiteMainPhase(TestSuiteExecutor.java:164)
	at com.kms.katalon.core.main.TestSuiteExecutor.execute(TestSuiteExecutor.java:105)
	at com.kms.katalon.core.main.TestCaseMain.startTestSuite(TestCaseMain.java:185)
	at com.kms.katalon.core.main.TestCaseMain$startTestSuite$0.call(Unknown Source)
	at TempTestSuite1656601247060.run(TempTestSuite1656601247060.groovy:36)
)]]></system-out>
         <system-err><![CDATA[2022-06-30 22:01:18 - [TEST_CASE][FAILED] - Test Cases/API/FACILITY/CREATE FACILITY/TCNH01_CREATE VALID FACILITY: Test Cases/API/FACILITY/CREATE FACILITY/TCNH01_CREATE VALID FACILITY FAILED.
Reason:
com.kms.katalon.core.exception.StepFailedException: Expected status code is '200' but actual status code is '400'
	at com.kms.katalon.core.keyword.internal.KeywordMain.stepFailed(KeywordMain.groovy:50)
	at com.kms.katalon.core.webservice.keyword.builtin.VerifyResponseStatusCodeKeyword.verifyStatusCode(VerifyResponseStatusCodeKeyword.groovy:52)
	at com.kms.katalon.core.webservice.keyword.builtin.VerifyResponseStatusCodeKeyword.access$1(VerifyResponseStatusCodeKeyword.groovy)
	at com.kms.katalon.core.webservice.keyword.builtin.VerifyResponseStatusCodeKeyword$_verifyResponseStatusCode_closure1.doCall(VerifyResponseStatusCodeKeyword.groovy:42)
	at com.kms.katalon.core.webservice.keyword.builtin.VerifyResponseStatusCodeKeyword$_verifyResponseStatusCode_closure1.call(VerifyResponseStatusCodeKeyword.groovy)
	at com.kms.katalon.core.keyword.internal.KeywordMain.runKeyword(KeywordMain.groovy:74)
	at com.kms.katalon.core.webservice.keyword.builtin.VerifyResponseStatusCodeKeyword.verifyResponseStatusCode(VerifyResponseStatusCodeKeyword.groovy:37)
	at com.kms.katalon.core.webservice.keyword.builtin.VerifyResponseStatusCodeKeyword.execute(VerifyResponseStatusCodeKeyword.groovy:32)
	at com.kms.katalon.core.keyword.internal.KeywordExecutor.executeKeywordForPlatform(KeywordExecutor.groovy:74)
	at com.kms.katalon.core.webservice.keyword.WSBuiltInKeywords.verifyResponseStatusCode(WSBuiltInKeywords.groovy:344)
	at com.kms.katalon.core.webservice.keyword.WSBuiltInKeywords$verifyResponseStatusCode$0.call(Unknown Source)
	at TCNH01_CREATE VALID FACILITY.run(TCNH01_CREATE VALID FACILITY:22)
	at com.kms.katalon.core.main.ScriptEngine.run(ScriptEngine.java:194)
	at com.kms.katalon.core.main.ScriptEngine.runScriptAsRawText(ScriptEngine.java:119)
	at com.kms.katalon.core.main.TestCaseExecutor.runScript(TestCaseExecutor.java:442)
	at com.kms.katalon.core.main.TestCaseExecutor.doExecute(TestCaseExecutor.java:433)
	at com.kms.katalon.core.main.TestCaseExecutor.processExecutionPhase(TestCaseExecutor.java:412)
	at com.kms.katalon.core.main.TestCaseExecutor.accessMainPhase(TestCaseExecutor.java:404)
	at com.kms.katalon.core.main.TestCaseExecutor.execute(TestCaseExecutor.java:281)
	at com.kms.katalon.core.main.TestSuiteExecutor.accessTestCaseMainPhase(TestSuiteExecutor.java:202)
	at com.kms.katalon.core.main.TestSuiteExecutor.accessTestSuiteMainPhase(TestSuiteExecutor.java:164)
	at com.kms.katalon.core.main.TestSuiteExecutor.execute(TestSuiteExecutor.java:105)
	at com.kms.katalon.core.main.TestCaseMain.startTestSuite(TestCaseMain.java:185)
	at com.kms.katalon.core.main.TestCaseMain$startTestSuite$0.call(Unknown Source)
	at TempTestSuite1656601247060.run(TempTestSuite1656601247060.groovy:36)]]></system-err>
      </testcase>
      <testcase name="Test Cases/API/FACILITY/UPDATE FACILITY/TCUH04_UPDATE WITHOUT BODY" time="2.863" classname="Test Cases/API/FACILITY/UPDATE FACILITY/TCUH04_UPDATE WITHOUT BODY" status="PASSED">
         <system-out><![CDATA[2022-06-30 22:01:20 - [TEST_CASE][PASSED] - Test Cases/API/FACILITY/UPDATE FACILITY/TCUH04_UPDATE WITHOUT BODY: Test Cases/API/FACILITY/UPDATE FACILITY/TCUH04_UPDATE WITHOUT BODY

2022-06-30 22:01:21 - [TEST_STEP][PASSED] - Response = sendRequest(findTestObject("API/FACILITY/UPDATE FACILITY/TCUH04_UPDATE WITHOUT BODY")): Send request successfully

2022-06-30 22:01:23 - [MESSAGE][INFO] - HAR: C:\Users\Thinkpad X260\git\CapstoneAPI\Reports\20220630_220047\TS_FACILITY\20220630_220047\requests\main\3.har

2022-06-30 22:01:23 - [MESSAGE][PASSED] - Send request successfully

2022-06-30 22:01:23 - [TEST_STEP][PASSED] - verifyResponseStatusCode(Response, Status_400): Verify response status code successfully

2022-06-30 22:01:23 - [MESSAGE][PASSED] - Verify response status code successfully]]></system-out>
         <system-err><![CDATA[]]></system-err>
      </testcase>
      <testcase name="Test Cases/API/FACILITY/UPDATE FACILITY/TCUH03_UPDATE WITHOUT ID" time="2.628" classname="Test Cases/API/FACILITY/UPDATE FACILITY/TCUH03_UPDATE WITHOUT ID" status="PASSED">
         <system-out><![CDATA[2022-06-30 22:01:23 - [TEST_CASE][PASSED] - Test Cases/API/FACILITY/UPDATE FACILITY/TCUH03_UPDATE WITHOUT ID: Test Cases/API/FACILITY/UPDATE FACILITY/TCUH03_UPDATE WITHOUT ID

2022-06-30 22:01:24 - [TEST_STEP][PASSED] - Response = sendRequest(findTestObject("API/FACILITY/UPDATE FACILITY/TCUH03_UPDATE WITHOUT ID")): Send request successfully

2022-06-30 22:01:26 - [MESSAGE][INFO] - HAR: C:\Users\Thinkpad X260\git\CapstoneAPI\Reports\20220630_220047\TS_FACILITY\20220630_220047\requests\main\4.har

2022-06-30 22:01:26 - [MESSAGE][PASSED] - Send request successfully

2022-06-30 22:01:26 - [TEST_STEP][PASSED] - verifyResponseStatusCode(Response, Status_405): Verify response status code successfully

2022-06-30 22:01:26 - [MESSAGE][PASSED] - Verify response status code successfully]]></system-out>
         <system-err><![CDATA[]]></system-err>
      </testcase>
      <testcase name="Test Cases/API/FACILITY/UPDATE FACILITY/TCUH02_UPDATE WITHOUT TOKEN" time="1.474" classname="Test Cases/API/FACILITY/UPDATE FACILITY/TCUH02_UPDATE WITHOUT TOKEN" status="PASSED">
         <system-out><![CDATA[2022-06-30 22:01:26 - [TEST_CASE][PASSED] - Test Cases/API/FACILITY/UPDATE FACILITY/TCUH02_UPDATE WITHOUT TOKEN: Test Cases/API/FACILITY/UPDATE FACILITY/TCUH02_UPDATE WITHOUT TOKEN

2022-06-30 22:01:27 - [TEST_STEP][PASSED] - Response = sendRequest(findTestObject("API/FACILITY/UPDATE FACILITY/TCUH02_UPDATE WITHOUT TOKEN")): Send request successfully

2022-06-30 22:01:27 - [MESSAGE][INFO] - HAR: C:\Users\Thinkpad X260\git\CapstoneAPI\Reports\20220630_220047\TS_FACILITY\20220630_220047\requests\main\5.har

2022-06-30 22:01:27 - [MESSAGE][PASSED] - Send request successfully

2022-06-30 22:01:27 - [TEST_STEP][PASSED] - verifyResponseStatusCode(Response, Status_401): Verify response status code successfully

2022-06-30 22:01:27 - [MESSAGE][PASSED] - Verify response status code successfully]]></system-out>
         <system-err><![CDATA[]]></system-err>
      </testcase>
      <testcase name="Test Cases/API/FACILITY/UPDATE FACILITY/TCUH01_UPDATE FACILITY" time="1.895" classname="Test Cases/API/FACILITY/UPDATE FACILITY/TCUH01_UPDATE FACILITY" status="PASSED">
         <system-out><![CDATA[2022-06-30 22:01:27 - [TEST_CASE][PASSED] - Test Cases/API/FACILITY/UPDATE FACILITY/TCUH01_UPDATE FACILITY: Test Cases/API/FACILITY/UPDATE FACILITY/TCUH01_UPDATE FACILITY

2022-06-30 22:01:28 - [TEST_STEP][PASSED] - Response = sendRequest(findTestObject("API/FACILITY/UPDATE FACILITY/TCUH01_UPDATE VALID DATA")): Send request successfully

2022-06-30 22:01:29 - [MESSAGE][INFO] - HAR: C:\Users\Thinkpad X260\git\CapstoneAPI\Reports\20220630_220047\TS_FACILITY\20220630_220047\requests\main\6.har

2022-06-30 22:01:29 - [MESSAGE][PASSED] - Send request successfully

2022-06-30 22:01:29 - [TEST_STEP][PASSED] - verifyResponseStatusCode(Response, Status_200): Verify response status code successfully

2022-06-30 22:01:29 - [MESSAGE][PASSED] - Verify response status code successfully

2022-06-30 22:01:29 - [TEST_STEP][PASSED] - verifyElementPropertyValue(Response, statuscreate, update_success): Verify element property value successfully

2022-06-30 22:01:29 - [MESSAGE][PASSED] - Verify element property value successfully]]></system-out>
         <system-err><![CDATA[]]></system-err>
      </testcase>
      <testcase name="Test Cases/API/FACILITY/GET ALL FACILITY/TCH02_GET ALL WITHOUT TOKEN" time="2.099" classname="Test Cases/API/FACILITY/GET ALL FACILITY/TCH02_GET ALL WITHOUT TOKEN" status="PASSED">
         <system-out><![CDATA[2022-06-30 22:01:29 - [TEST_CASE][PASSED] - Test Cases/API/FACILITY/GET ALL FACILITY/TCH02_GET ALL WITHOUT TOKEN: Test Cases/API/FACILITY/GET ALL FACILITY/TCH02_GET ALL WITHOUT TOKEN

2022-06-30 22:01:30 - [TEST_STEP][PASSED] - Response = sendRequest(findTestObject("API/FACILITY/GET ALL FACILITY/TCHF02_GET WITHOUT TOKEN")): Send request successfully

2022-06-30 22:01:31 - [MESSAGE][INFO] - HAR: C:\Users\Thinkpad X260\git\CapstoneAPI\Reports\20220630_220047\TS_FACILITY\20220630_220047\requests\main\7.har

2022-06-30 22:01:31 - [MESSAGE][PASSED] - Send request successfully

2022-06-30 22:01:31 - [TEST_STEP][PASSED] - verifyResponseStatusCode(Response, Status_401): Verify response status code successfully

2022-06-30 22:01:31 - [MESSAGE][PASSED] - Verify response status code successfully]]></system-out>
         <system-err><![CDATA[]]></system-err>
      </testcase>
      <testcase name="Test Cases/API/FACILITY/GET ALL FACILITY/TCH01_GET ALL FACILITY" time="2.09" classname="Test Cases/API/FACILITY/GET ALL FACILITY/TCH01_GET ALL FACILITY" status="PASSED">
         <system-out><![CDATA[2022-06-30 22:01:31 - [TEST_CASE][PASSED] - Test Cases/API/FACILITY/GET ALL FACILITY/TCH01_GET ALL FACILITY: Test Cases/API/FACILITY/GET ALL FACILITY/TCH01_GET ALL FACILITY

2022-06-30 22:01:33 - [TEST_STEP][PASSED] - Response = sendRequest(findTestObject("API/FACILITY/GET ALL FACILITY/TCHF01_GET ALL FACILITY")): Send request successfully

2022-06-30 22:01:33 - [MESSAGE][INFO] - HAR: C:\Users\Thinkpad X260\git\CapstoneAPI\Reports\20220630_220047\TS_FACILITY\20220630_220047\requests\main\8.har

2022-06-30 22:01:33 - [MESSAGE][PASSED] - Send request successfully

2022-06-30 22:01:33 - [TEST_STEP][PASSED] - verifyResponseStatusCode(Response, Status_200): Verify response status code successfully

2022-06-30 22:01:33 - [MESSAGE][PASSED] - Verify response status code successfully]]></system-out>
         <system-err><![CDATA[]]></system-err>
      </testcase>
      <system-out><![CDATA[2022-06-30 22:00:54 - [TEST_SUITE][FAILED] - TS_FACILITY: Test Cases/API/FACILITY/CREATE FACILITY/TCNH01_CREATE VALID FACILITY FAILED.
Reason:
com.kms.katalon.core.exception.StepFailedException: Expected status code is '200' but actual status code is '400'
	at com.kms.katalon.core.keyword.internal.KeywordMain.stepFailed(KeywordMain.groovy:50)
	at com.kms.katalon.core.webservice.keyword.builtin.VerifyResponseStatusCodeKeyword.verifyStatusCode(VerifyResponseStatusCodeKeyword.groovy:52)
	at com.kms.katalon.core.webservice.keyword.builtin.VerifyResponseStatusCodeKeyword.access$1(VerifyResponseStatusCodeKeyword.groovy)
	at com.kms.katalon.core.webservice.keyword.builtin.VerifyResponseStatusCodeKeyword$_verifyResponseStatusCode_closure1.doCall(VerifyResponseStatusCodeKeyword.groovy:42)
	at com.kms.katalon.core.webservice.keyword.builtin.VerifyResponseStatusCodeKeyword$_verifyResponseStatusCode_closure1.call(VerifyResponseStatusCodeKeyword.groovy)
	at com.kms.katalon.core.keyword.internal.KeywordMain.runKeyword(KeywordMain.groovy:74)
	at com.kms.katalon.core.webservice.keyword.builtin.VerifyResponseStatusCodeKeyword.verifyResponseStatusCode(VerifyResponseStatusCodeKeyword.groovy:37)
	at com.kms.katalon.core.webservice.keyword.builtin.VerifyResponseStatusCodeKeyword.execute(VerifyResponseStatusCodeKeyword.groovy:32)
	at com.kms.katalon.core.keyword.internal.KeywordExecutor.executeKeywordForPlatform(KeywordExecutor.groovy:74)
	at com.kms.katalon.core.webservice.keyword.WSBuiltInKeywords.verifyResponseStatusCode(WSBuiltInKeywords.groovy:344)
	at com.kms.katalon.core.webservice.keyword.WSBuiltInKeywords$verifyResponseStatusCode$0.call(Unknown Source)
	at TCNH01_CREATE VALID FACILITY.run(TCNH01_CREATE VALID FACILITY:22)
	at com.kms.katalon.core.main.ScriptEngine.run(ScriptEngine.java:194)
	at com.kms.katalon.core.main.ScriptEngine.runScriptAsRawText(ScriptEngine.java:119)
	at com.kms.katalon.core.main.TestCaseExecutor.runScript(TestCaseExecutor.java:442)
	at com.kms.katalon.core.main.TestCaseExecutor.doExecute(TestCaseExecutor.java:433)
	at com.kms.katalon.core.main.TestCaseExecutor.processExecutionPhase(TestCaseExecutor.java:412)
	at com.kms.katalon.core.main.TestCaseExecutor.accessMainPhase(TestCaseExecutor.java:404)
	at com.kms.katalon.core.main.TestCaseExecutor.execute(TestCaseExecutor.java:281)
	at com.kms.katalon.core.main.TestSuiteExecutor.accessTestCaseMainPhase(TestSuiteExecutor.java:202)
	at com.kms.katalon.core.main.TestSuiteExecutor.accessTestSuiteMainPhase(TestSuiteExecutor.java:164)
	at com.kms.katalon.core.main.TestSuiteExecutor.execute(TestSuiteExecutor.java:105)
	at com.kms.katalon.core.main.TestCaseMain.startTestSuite(TestCaseMain.java:185)
	at com.kms.katalon.core.main.TestCaseMain$startTestSuite$0.call(Unknown Source)
	at TempTestSuite1656601247060.run(TempTestSuite1656601247060.groovy:36)]]></system-out>
      <system-err><![CDATA[2022-06-30 22:00:54 - [TEST_SUITE][FAILED] - TS_FACILITY: Test Cases/API/FACILITY/CREATE FACILITY/TCNH01_CREATE VALID FACILITY FAILED.
Reason:
com.kms.katalon.core.exception.StepFailedException: Expected status code is '200' but actual status code is '400'
	at com.kms.katalon.core.keyword.internal.KeywordMain.stepFailed(KeywordMain.groovy:50)
	at com.kms.katalon.core.webservice.keyword.builtin.VerifyResponseStatusCodeKeyword.verifyStatusCode(VerifyResponseStatusCodeKeyword.groovy:52)
	at com.kms.katalon.core.webservice.keyword.builtin.VerifyResponseStatusCodeKeyword.access$1(VerifyResponseStatusCodeKeyword.groovy)
	at com.kms.katalon.core.webservice.keyword.builtin.VerifyResponseStatusCodeKeyword$_verifyResponseStatusCode_closure1.doCall(VerifyResponseStatusCodeKeyword.groovy:42)
	at com.kms.katalon.core.webservice.keyword.builtin.VerifyResponseStatusCodeKeyword$_verifyResponseStatusCode_closure1.call(VerifyResponseStatusCodeKeyword.groovy)
	at com.kms.katalon.core.keyword.internal.KeywordMain.runKeyword(KeywordMain.groovy:74)
	at com.kms.katalon.core.webservice.keyword.builtin.VerifyResponseStatusCodeKeyword.verifyResponseStatusCode(VerifyResponseStatusCodeKeyword.groovy:37)
	at com.kms.katalon.core.webservice.keyword.builtin.VerifyResponseStatusCodeKeyword.execute(VerifyResponseStatusCodeKeyword.groovy:32)
	at com.kms.katalon.core.keyword.internal.KeywordExecutor.executeKeywordForPlatform(KeywordExecutor.groovy:74)
	at com.kms.katalon.core.webservice.keyword.WSBuiltInKeywords.verifyResponseStatusCode(WSBuiltInKeywords.groovy:344)
	at com.kms.katalon.core.webservice.keyword.WSBuiltInKeywords$verifyResponseStatusCode$0.call(Unknown Source)
	at TCNH01_CREATE VALID FACILITY.run(TCNH01_CREATE VALID FACILITY:22)
	at com.kms.katalon.core.main.ScriptEngine.run(ScriptEngine.java:194)
	at com.kms.katalon.core.main.ScriptEngine.runScriptAsRawText(ScriptEngine.java:119)
	at com.kms.katalon.core.main.TestCaseExecutor.runScript(TestCaseExecutor.java:442)
	at com.kms.katalon.core.main.TestCaseExecutor.doExecute(TestCaseExecutor.java:433)
	at com.kms.katalon.core.main.TestCaseExecutor.processExecutionPhase(TestCaseExecutor.java:412)
	at com.kms.katalon.core.main.TestCaseExecutor.accessMainPhase(TestCaseExecutor.java:404)
	at com.kms.katalon.core.main.TestCaseExecutor.execute(TestCaseExecutor.java:281)
	at com.kms.katalon.core.main.TestSuiteExecutor.accessTestCaseMainPhase(TestSuiteExecutor.java:202)
	at com.kms.katalon.core.main.TestSuiteExecutor.accessTestSuiteMainPhase(TestSuiteExecutor.java:164)
	at com.kms.katalon.core.main.TestSuiteExecutor.execute(TestSuiteExecutor.java:105)
	at com.kms.katalon.core.main.TestCaseMain.startTestSuite(TestCaseMain.java:185)
	at com.kms.katalon.core.main.TestCaseMain$startTestSuite$0.call(Unknown Source)
	at TempTestSuite1656601247060.run(TempTestSuite1656601247060.groovy:36)]]></system-err>
   </testsuite>
</testsuites>
