<?xml version="1.0" encoding="UTF-8"?>
<testsuites name="TS_DETAIL BOOKING" time="15.891" tests="11" failures="1" errors="0">
   <testsuite name="TS_DETAIL BOOKING" tests="11" failures="1" errors="0" time="15.891" skipped="0" timestamp="2022-06-30 23:07:45" hostname="Thinkpad X260 - DESKTOP-D9B57TC" id="Test Suites/TS_DETAIL BOOKING">
      <properties>
         <property name="deviceName" value=""/>
         <property name="devicePlatform" value=""/>
         <property name="logFolder" value="C:\\Users\\Thinkpad X260\\git\\CapstoneAPI\\Reports\\20220630_230741\\TS_DETAIL BOOKING\\20220630_230741"/>
         <property name="logFiles" value="C:\\Users\\Thinkpad X260\\git\\CapstoneAPI\\Reports\\20220630_230741\\TS_DETAIL BOOKING\\20220630_230741\\execution0.log"/>
         <property name="attachments" value=""/>
         <property name="hostName" value="Thinkpad X260 - DESKTOP-D9B57TC"/>
         <property name="hostAddress" value="192.168.100.66"/>
         <property name="os" value="Windows 10 64bit"/>
         <property name="katalonVersion" value="8.2.5.208"/>
      </properties>
      <testcase name="Test Cases/API/DETAIL BOOKING/CREATE NEW DETAIL/TCCB03_WITHOUT BODY" time="4.156" classname="Test Cases/API/DETAIL BOOKING/CREATE NEW DETAIL/TCCB03_WITHOUT BODY" status="PASSED">
         <system-out><![CDATA[2022-06-30 23:07:45 - [TEST_CASE][PASSED] - Test Cases/API/DETAIL BOOKING/CREATE NEW DETAIL/TCCB03_WITHOUT BODY: Test Cases/API/DETAIL BOOKING/CREATE NEW DETAIL/TCCB03_WITHOUT BODY

2022-06-30 23:07:46 - [TEST_STEP][PASSED] - Response = sendRequest(findTestObject("API/DETAIL BOOKING/CREATE DETAIL BOOKING/TCCB03_CREATE DETAIL WITHOUT REQ BODY")): Send request successfully

2022-06-30 23:07:49 - [MESSAGE][INFO] - HAR: C:\Users\Thinkpad X260\git\CapstoneAPI\Reports\20220630_230741\TS_DETAIL BOOKING\20220630_230741\requests\main\0.har

2022-06-30 23:07:49 - [MESSAGE][PASSED] - Send request successfully

2022-06-30 23:07:49 - [TEST_STEP][PASSED] - verifyResponseStatusCode(Response, Status_400): Verify response status code successfully

2022-06-30 23:07:49 - [MESSAGE][PASSED] - Verify response status code successfully]]></system-out>
         <system-err><![CDATA[]]></system-err>
      </testcase>
      <testcase name="Test Cases/API/DETAIL BOOKING/CREATE NEW DETAIL/TCCB02_WITHOUT TOKEN" time="1.152" classname="Test Cases/API/DETAIL BOOKING/CREATE NEW DETAIL/TCCB02_WITHOUT TOKEN" status="PASSED">
         <system-out><![CDATA[2022-06-30 23:07:49 - [TEST_CASE][PASSED] - Test Cases/API/DETAIL BOOKING/CREATE NEW DETAIL/TCCB02_WITHOUT TOKEN: Test Cases/API/DETAIL BOOKING/CREATE NEW DETAIL/TCCB02_WITHOUT TOKEN

2022-06-30 23:07:50 - [TEST_STEP][PASSED] - Response = sendRequest(findTestObject("API/DETAIL BOOKING/CREATE DETAIL BOOKING/TCCB02_CREATE DETAIL WITHOUT TOKEN")): Send request successfully

2022-06-30 23:07:50 - [MESSAGE][INFO] - HAR: C:\Users\Thinkpad X260\git\CapstoneAPI\Reports\20220630_230741\TS_DETAIL BOOKING\20220630_230741\requests\main\1.har

2022-06-30 23:07:50 - [MESSAGE][PASSED] - Send request successfully

2022-06-30 23:07:50 - [TEST_STEP][PASSED] - verifyResponseStatusCode(Response, Status_401): Verify response status code successfully

2022-06-30 23:07:50 - [MESSAGE][PASSED] - Verify response status code successfully]]></system-out>
         <system-err><![CDATA[]]></system-err>
      </testcase>
      <testcase name="Test Cases/API/DETAIL BOOKING/CREATE NEW DETAIL/TCCB01_VALID DATA" time="1.108" classname="Test Cases/API/DETAIL BOOKING/CREATE NEW DETAIL/TCCB01_VALID DATA" status="FAILED">
         <failure type="FAILED" message="Test Cases/API/DETAIL BOOKING/CREATE NEW DETAIL/TCCB01_VALID DATA FAILED.
Reason:
com.kms.katalon.core.exception.StepFailedException: Expected status code is '200' but actual status code is '500'
	at com.kms.katalon.core.keyword.internal.KeywordMain.stepFailed(KeywordMain.groovy:50)
	at com.kms.katalon.core.webservice.keyword.builtin.VerifyResponseStatusCodeKeyword.verifyStatusCode(VerifyResponseStatusCodeKeyword.groovy:52)
	at com.kms.katalon.core.webservice.keyword.builtin.VerifyResponseStatusCodeKeyword.access$1(VerifyResponseStatusCodeKeyword.groovy)
	at com.kms.katalon.core.webservice.keyword.builtin.VerifyResponseStatusCodeKeyword$_verifyResponseStatusCode_closure1.doCall(VerifyResponseStatusCodeKeyword.groovy:42)
	at com.kms.katalon.core.webservice.keyword.builtin.VerifyResponseStatusCodeKeyword$_verifyResponseStatusCode_closure1.call(VerifyResponseStatusCodeKeyword.groovy)
	at com.kms.katalon.core.keyword.internal.KeywordMain.runKeyword(KeywordMain.groovy:74)
	at com.kms.katalon.core.webservice.keyword.builtin.VerifyResponseStatusCodeKeyword.verifyResponseStatusCode(VerifyResponseStatusCodeKeyword.groovy:37)
	at com.kms.katalon.core.webservice.keyword.builtin.VerifyResponseStatusCodeKeyword.execute(VerifyResponseStatusCodeKeyword.groovy:32)
	at com.kms.katalon.core.keyword.internal.KeywordExecutor.executeKeywordForPlatform(KeywordExecutor.groovy:74)
	at com.kms.katalon.core.webservice.keyword.WSBuiltInKeywords.verifyResponseStatusCode(WSBuiltInKeywords.groovy:344)
	at com.kms.katalon.core.webservice.keyword.WSBuiltInKeywords$verifyResponseStatusCode$0.call(Unknown Source)
	at TCCB01_VALID DATA.run(TCCB01_VALID DATA:22)
	at com.kms.katalon.core.main.ScriptEngine.run(ScriptEngine.java:194)
	at com.kms.katalon.core.main.ScriptEngine.runScriptAsRawText(ScriptEngine.java:119)
	at com.kms.katalon.core.main.TestCaseExecutor.runScript(TestCaseExecutor.java:442)
	at com.kms.katalon.core.main.TestCaseExecutor.doExecute(TestCaseExecutor.java:433)
	at com.kms.katalon.core.main.TestCaseExecutor.processExecutionPhase(TestCaseExecutor.java:412)
	at com.kms.katalon.core.main.TestCaseExecutor.accessMainPhase(TestCaseExecutor.java:404)
	at com.kms.katalon.core.main.TestCaseExecutor.execute(TestCaseExecutor.java:281)
	at com.kms.katalon.core.main.TestSuiteExecutor.accessTestCaseMainPhase(TestSuiteExecutor.java:202)
	at com.kms.katalon.core.main.TestSuiteExecutor.accessTestSuiteMainPhase(TestSuiteExecutor.java:164)
	at com.kms.katalon.core.main.TestSuiteExecutor.execute(TestSuiteExecutor.java:105)
	at com.kms.katalon.core.main.TestCaseMain.startTestSuite(TestCaseMain.java:185)
	at com.kms.katalon.core.main.TestCaseMain$startTestSuite$0.call(Unknown Source)
	at TempTestSuite1656605261020.run(TempTestSuite1656605261020.groovy:36)
"/>
         <system-out><![CDATA[2022-06-30 23:07:50 - [TEST_CASE][FAILED] - Test Cases/API/DETAIL BOOKING/CREATE NEW DETAIL/TCCB01_VALID DATA: Test Cases/API/DETAIL BOOKING/CREATE NEW DETAIL/TCCB01_VALID DATA FAILED.
Reason:
com.kms.katalon.core.exception.StepFailedException: Expected status code is '200' but actual status code is '500'
	at com.kms.katalon.core.keyword.internal.KeywordMain.stepFailed(KeywordMain.groovy:50)
	at com.kms.katalon.core.webservice.keyword.builtin.VerifyResponseStatusCodeKeyword.verifyStatusCode(VerifyResponseStatusCodeKeyword.groovy:52)
	at com.kms.katalon.core.webservice.keyword.builtin.VerifyResponseStatusCodeKeyword.access$1(VerifyResponseStatusCodeKeyword.groovy)
	at com.kms.katalon.core.webservice.keyword.builtin.VerifyResponseStatusCodeKeyword$_verifyResponseStatusCode_closure1.doCall(VerifyResponseStatusCodeKeyword.groovy:42)
	at com.kms.katalon.core.webservice.keyword.builtin.VerifyResponseStatusCodeKeyword$_verifyResponseStatusCode_closure1.call(VerifyResponseStatusCodeKeyword.groovy)
	at com.kms.katalon.core.keyword.internal.KeywordMain.runKeyword(KeywordMain.groovy:74)
	at com.kms.katalon.core.webservice.keyword.builtin.VerifyResponseStatusCodeKeyword.verifyResponseStatusCode(VerifyResponseStatusCodeKeyword.groovy:37)
	at com.kms.katalon.core.webservice.keyword.builtin.VerifyResponseStatusCodeKeyword.execute(VerifyResponseStatusCodeKeyword.groovy:32)
	at com.kms.katalon.core.keyword.internal.KeywordExecutor.executeKeywordForPlatform(KeywordExecutor.groovy:74)
	at com.kms.katalon.core.webservice.keyword.WSBuiltInKeywords.verifyResponseStatusCode(WSBuiltInKeywords.groovy:344)
	at com.kms.katalon.core.webservice.keyword.WSBuiltInKeywords$verifyResponseStatusCode$0.call(Unknown Source)
	at TCCB01_VALID DATA.run(TCCB01_VALID DATA:22)
	at com.kms.katalon.core.main.ScriptEngine.run(ScriptEngine.java:194)
	at com.kms.katalon.core.main.ScriptEngine.runScriptAsRawText(ScriptEngine.java:119)
	at com.kms.katalon.core.main.TestCaseExecutor.runScript(TestCaseExecutor.java:442)
	at com.kms.katalon.core.main.TestCaseExecutor.doExecute(TestCaseExecutor.java:433)
	at com.kms.katalon.core.main.TestCaseExecutor.processExecutionPhase(TestCaseExecutor.java:412)
	at com.kms.katalon.core.main.TestCaseExecutor.accessMainPhase(TestCaseExecutor.java:404)
	at com.kms.katalon.core.main.TestCaseExecutor.execute(TestCaseExecutor.java:281)
	at com.kms.katalon.core.main.TestSuiteExecutor.accessTestCaseMainPhase(TestSuiteExecutor.java:202)
	at com.kms.katalon.core.main.TestSuiteExecutor.accessTestSuiteMainPhase(TestSuiteExecutor.java:164)
	at com.kms.katalon.core.main.TestSuiteExecutor.execute(TestSuiteExecutor.java:105)
	at com.kms.katalon.core.main.TestCaseMain.startTestSuite(TestCaseMain.java:185)
	at com.kms.katalon.core.main.TestCaseMain$startTestSuite$0.call(Unknown Source)
	at TempTestSuite1656605261020.run(TempTestSuite1656605261020.groovy:36)


2022-06-30 23:07:51 - [TEST_STEP][PASSED] - Response = sendRequest(findTestObject("API/DETAIL BOOKING/CREATE DETAIL BOOKING/TCCB01_CREATE DETAIL WITH VALID DATA")): Send request successfully

2022-06-30 23:07:51 - [MESSAGE][INFO] - HAR: C:\Users\Thinkpad X260\git\CapstoneAPI\Reports\20220630_230741\TS_DETAIL BOOKING\20220630_230741\requests\main\2.har

2022-06-30 23:07:51 - [MESSAGE][PASSED] - Send request successfully

2022-06-30 23:07:51 - [TEST_STEP][FAILED] - verifyResponseStatusCode(Response, Status_200): Unable to verify response status code (Root cause: com.kms.katalon.core.exception.StepFailedException: Expected status code is '200' but actual status code is '500'
	at com.kms.katalon.core.keyword.internal.KeywordMain.stepFailed(KeywordMain.groovy:50)
	at com.kms.katalon.core.webservice.keyword.builtin.VerifyResponseStatusCodeKeyword.verifyStatusCode(VerifyResponseStatusCodeKeyword.groovy:52)
	at com.kms.katalon.core.webservice.keyword.builtin.VerifyResponseStatusCodeKeyword.access$1(VerifyResponseStatusCodeKeyword.groovy)
	at com.kms.katalon.core.webservice.keyword.builtin.VerifyResponseStatusCodeKeyword$_verifyResponseStatusCode_closure1.doCall(VerifyResponseStatusCodeKeyword.groovy:42)
	at com.kms.katalon.core.webservice.keyword.builtin.VerifyResponseStatusCodeKeyword$_verifyResponseStatusCode_closure1.call(VerifyResponseStatusCodeKeyword.groovy)
	at com.kms.katalon.core.keyword.internal.KeywordMain.runKeyword(KeywordMain.groovy:74)
	at com.kms.katalon.core.webservice.keyword.builtin.VerifyResponseStatusCodeKeyword.verifyResponseStatusCode(VerifyResponseStatusCodeKeyword.groovy:37)
	at com.kms.katalon.core.webservice.keyword.builtin.VerifyResponseStatusCodeKeyword.execute(VerifyResponseStatusCodeKeyword.groovy:32)
	at com.kms.katalon.core.keyword.internal.KeywordExecutor.executeKeywordForPlatform(KeywordExecutor.groovy:74)
	at com.kms.katalon.core.webservice.keyword.WSBuiltInKeywords.verifyResponseStatusCode(WSBuiltInKeywords.groovy:344)
	at com.kms.katalon.core.webservice.keyword.WSBuiltInKeywords$verifyResponseStatusCode$0.call(Unknown Source)
	at TCCB01_VALID DATA.run(TCCB01_VALID DATA:22)
	at com.kms.katalon.core.main.ScriptEngine.run(ScriptEngine.java:194)
	at com.kms.katalon.core.main.ScriptEngine.runScriptAsRawText(ScriptEngine.java:119)
	at com.kms.katalon.core.main.TestCaseExecutor.runScript(TestCaseExecutor.java:442)
	at com.kms.katalon.core.main.TestCaseExecutor.doExecute(TestCaseExecutor.java:433)
	at com.kms.katalon.core.main.TestCaseExecutor.processExecutionPhase(TestCaseExecutor.java:412)
	at com.kms.katalon.core.main.TestCaseExecutor.accessMainPhase(TestCaseExecutor.java:404)
	at com.kms.katalon.core.main.TestCaseExecutor.execute(TestCaseExecutor.java:281)
	at com.kms.katalon.core.main.TestSuiteExecutor.accessTestCaseMainPhase(TestSuiteExecutor.java:202)
	at com.kms.katalon.core.main.TestSuiteExecutor.accessTestSuiteMainPhase(TestSuiteExecutor.java:164)
	at com.kms.katalon.core.main.TestSuiteExecutor.execute(TestSuiteExecutor.java:105)
	at com.kms.katalon.core.main.TestCaseMain.startTestSuite(TestCaseMain.java:185)
	at com.kms.katalon.core.main.TestCaseMain$startTestSuite$0.call(Unknown Source)
	at TempTestSuite1656605261020.run(TempTestSuite1656605261020.groovy:36)
)

2022-06-30 23:07:52 - [MESSAGE][FAILED] - Expected status code is '200' but actual status code is '500'

2022-06-30 23:07:52 - [MESSAGE][FAILED] - Unable to verify response status code (Root cause: com.kms.katalon.core.exception.StepFailedException: Expected status code is '200' but actual status code is '500'
	at com.kms.katalon.core.keyword.internal.KeywordMain.stepFailed(KeywordMain.groovy:50)
	at com.kms.katalon.core.webservice.keyword.builtin.VerifyResponseStatusCodeKeyword.verifyStatusCode(VerifyResponseStatusCodeKeyword.groovy:52)
	at com.kms.katalon.core.webservice.keyword.builtin.VerifyResponseStatusCodeKeyword.access$1(VerifyResponseStatusCodeKeyword.groovy)
	at com.kms.katalon.core.webservice.keyword.builtin.VerifyResponseStatusCodeKeyword$_verifyResponseStatusCode_closure1.doCall(VerifyResponseStatusCodeKeyword.groovy:42)
	at com.kms.katalon.core.webservice.keyword.builtin.VerifyResponseStatusCodeKeyword$_verifyResponseStatusCode_closure1.call(VerifyResponseStatusCodeKeyword.groovy)
	at com.kms.katalon.core.keyword.internal.KeywordMain.runKeyword(KeywordMain.groovy:74)
	at com.kms.katalon.core.webservice.keyword.builtin.VerifyResponseStatusCodeKeyword.verifyResponseStatusCode(VerifyResponseStatusCodeKeyword.groovy:37)
	at com.kms.katalon.core.webservice.keyword.builtin.VerifyResponseStatusCodeKeyword.execute(VerifyResponseStatusCodeKeyword.groovy:32)
	at com.kms.katalon.core.keyword.internal.KeywordExecutor.executeKeywordForPlatform(KeywordExecutor.groovy:74)
	at com.kms.katalon.core.webservice.keyword.WSBuiltInKeywords.verifyResponseStatusCode(WSBuiltInKeywords.groovy:344)
	at com.kms.katalon.core.webservice.keyword.WSBuiltInKeywords$verifyResponseStatusCode$0.call(Unknown Source)
	at TCCB01_VALID DATA.run(TCCB01_VALID DATA:22)
	at com.kms.katalon.core.main.ScriptEngine.run(ScriptEngine.java:194)
	at com.kms.katalon.core.main.ScriptEngine.runScriptAsRawText(ScriptEngine.java:119)
	at com.kms.katalon.core.main.TestCaseExecutor.runScript(TestCaseExecutor.java:442)
	at com.kms.katalon.core.main.TestCaseExecutor.doExecute(TestCaseExecutor.java:433)
	at com.kms.katalon.core.main.TestCaseExecutor.processExecutionPhase(TestCaseExecutor.java:412)
	at com.kms.katalon.core.main.TestCaseExecutor.accessMainPhase(TestCaseExecutor.java:404)
	at com.kms.katalon.core.main.TestCaseExecutor.execute(TestCaseExecutor.java:281)
	at com.kms.katalon.core.main.TestSuiteExecutor.accessTestCaseMainPhase(TestSuiteExecutor.java:202)
	at com.kms.katalon.core.main.TestSuiteExecutor.accessTestSuiteMainPhase(TestSuiteExecutor.java:164)
	at com.kms.katalon.core.main.TestSuiteExecutor.execute(TestSuiteExecutor.java:105)
	at com.kms.katalon.core.main.TestCaseMain.startTestSuite(TestCaseMain.java:185)
	at com.kms.katalon.core.main.TestCaseMain$startTestSuite$0.call(Unknown Source)
	at TempTestSuite1656605261020.run(TempTestSuite1656605261020.groovy:36)
)]]></system-out>
         <system-err><![CDATA[2022-06-30 23:07:50 - [TEST_CASE][FAILED] - Test Cases/API/DETAIL BOOKING/CREATE NEW DETAIL/TCCB01_VALID DATA: Test Cases/API/DETAIL BOOKING/CREATE NEW DETAIL/TCCB01_VALID DATA FAILED.
Reason:
com.kms.katalon.core.exception.StepFailedException: Expected status code is '200' but actual status code is '500'
	at com.kms.katalon.core.keyword.internal.KeywordMain.stepFailed(KeywordMain.groovy:50)
	at com.kms.katalon.core.webservice.keyword.builtin.VerifyResponseStatusCodeKeyword.verifyStatusCode(VerifyResponseStatusCodeKeyword.groovy:52)
	at com.kms.katalon.core.webservice.keyword.builtin.VerifyResponseStatusCodeKeyword.access$1(VerifyResponseStatusCodeKeyword.groovy)
	at com.kms.katalon.core.webservice.keyword.builtin.VerifyResponseStatusCodeKeyword$_verifyResponseStatusCode_closure1.doCall(VerifyResponseStatusCodeKeyword.groovy:42)
	at com.kms.katalon.core.webservice.keyword.builtin.VerifyResponseStatusCodeKeyword$_verifyResponseStatusCode_closure1.call(VerifyResponseStatusCodeKeyword.groovy)
	at com.kms.katalon.core.keyword.internal.KeywordMain.runKeyword(KeywordMain.groovy:74)
	at com.kms.katalon.core.webservice.keyword.builtin.VerifyResponseStatusCodeKeyword.verifyResponseStatusCode(VerifyResponseStatusCodeKeyword.groovy:37)
	at com.kms.katalon.core.webservice.keyword.builtin.VerifyResponseStatusCodeKeyword.execute(VerifyResponseStatusCodeKeyword.groovy:32)
	at com.kms.katalon.core.keyword.internal.KeywordExecutor.executeKeywordForPlatform(KeywordExecutor.groovy:74)
	at com.kms.katalon.core.webservice.keyword.WSBuiltInKeywords.verifyResponseStatusCode(WSBuiltInKeywords.groovy:344)
	at com.kms.katalon.core.webservice.keyword.WSBuiltInKeywords$verifyResponseStatusCode$0.call(Unknown Source)
	at TCCB01_VALID DATA.run(TCCB01_VALID DATA:22)
	at com.kms.katalon.core.main.ScriptEngine.run(ScriptEngine.java:194)
	at com.kms.katalon.core.main.ScriptEngine.runScriptAsRawText(ScriptEngine.java:119)
	at com.kms.katalon.core.main.TestCaseExecutor.runScript(TestCaseExecutor.java:442)
	at com.kms.katalon.core.main.TestCaseExecutor.doExecute(TestCaseExecutor.java:433)
	at com.kms.katalon.core.main.TestCaseExecutor.processExecutionPhase(TestCaseExecutor.java:412)
	at com.kms.katalon.core.main.TestCaseExecutor.accessMainPhase(TestCaseExecutor.java:404)
	at com.kms.katalon.core.main.TestCaseExecutor.execute(TestCaseExecutor.java:281)
	at com.kms.katalon.core.main.TestSuiteExecutor.accessTestCaseMainPhase(TestSuiteExecutor.java:202)
	at com.kms.katalon.core.main.TestSuiteExecutor.accessTestSuiteMainPhase(TestSuiteExecutor.java:164)
	at com.kms.katalon.core.main.TestSuiteExecutor.execute(TestSuiteExecutor.java:105)
	at com.kms.katalon.core.main.TestCaseMain.startTestSuite(TestCaseMain.java:185)
	at com.kms.katalon.core.main.TestCaseMain$startTestSuite$0.call(Unknown Source)
	at TempTestSuite1656605261020.run(TempTestSuite1656605261020.groovy:36)]]></system-err>
      </testcase>
      <testcase name="Test Cases/API/DETAIL BOOKING/UPDATE DETAIL BOOKING/TCUD04_WITHOUT BODY" time="1.186" classname="Test Cases/API/DETAIL BOOKING/UPDATE DETAIL BOOKING/TCUD04_WITHOUT BODY" status="PASSED">
         <system-out><![CDATA[2022-06-30 23:07:52 - [TEST_CASE][PASSED] - Test Cases/API/DETAIL BOOKING/UPDATE DETAIL BOOKING/TCUD04_WITHOUT BODY: Test Cases/API/DETAIL BOOKING/UPDATE DETAIL BOOKING/TCUD04_WITHOUT BODY

2022-06-30 23:07:52 - [TEST_STEP][PASSED] - Response = sendRequest(findTestObject("API/DETAIL BOOKING/UPDATE DETAIL BY ID/TCUD04_UPDATE WITHOUT REQ BODY")): Send request successfully

2022-06-30 23:07:53 - [MESSAGE][INFO] - HAR: C:\Users\Thinkpad X260\git\CapstoneAPI\Reports\20220630_230741\TS_DETAIL BOOKING\20220630_230741\requests\main\3.har

2022-06-30 23:07:53 - [MESSAGE][PASSED] - Send request successfully

2022-06-30 23:07:53 - [TEST_STEP][PASSED] - verifyResponseStatusCode(Response, Status_400): Verify response status code successfully

2022-06-30 23:07:53 - [MESSAGE][PASSED] - Verify response status code successfully]]></system-out>
         <system-err><![CDATA[]]></system-err>
      </testcase>
      <testcase name="Test Cases/API/DETAIL BOOKING/UPDATE DETAIL BOOKING/TCUD03_WITHOUT ID" time="1.303" classname="Test Cases/API/DETAIL BOOKING/UPDATE DETAIL BOOKING/TCUD03_WITHOUT ID" status="PASSED">
         <system-out><![CDATA[2022-06-30 23:07:53 - [TEST_CASE][PASSED] - Test Cases/API/DETAIL BOOKING/UPDATE DETAIL BOOKING/TCUD03_WITHOUT ID: Test Cases/API/DETAIL BOOKING/UPDATE DETAIL BOOKING/TCUD03_WITHOUT ID

2022-06-30 23:07:53 - [TEST_STEP][PASSED] - Response = sendRequest(findTestObject("API/DETAIL BOOKING/UPDATE DETAIL BY ID/TCUD03_UPDATE WITHOUT ID")): Send request successfully

2022-06-30 23:07:54 - [MESSAGE][INFO] - HAR: C:\Users\Thinkpad X260\git\CapstoneAPI\Reports\20220630_230741\TS_DETAIL BOOKING\20220630_230741\requests\main\4.har

2022-06-30 23:07:54 - [MESSAGE][PASSED] - Send request successfully

2022-06-30 23:07:54 - [TEST_STEP][PASSED] - verifyResponseStatusCode(Response, Status_400): Verify response status code successfully

2022-06-30 23:07:54 - [MESSAGE][PASSED] - Verify response status code successfully]]></system-out>
         <system-err><![CDATA[]]></system-err>
      </testcase>
      <testcase name="Test Cases/API/DETAIL BOOKING/UPDATE DETAIL BOOKING/TCUD02_WITHOUT TOKEN" time="1.154" classname="Test Cases/API/DETAIL BOOKING/UPDATE DETAIL BOOKING/TCUD02_WITHOUT TOKEN" status="PASSED">
         <system-out><![CDATA[2022-06-30 23:07:54 - [TEST_CASE][PASSED] - Test Cases/API/DETAIL BOOKING/UPDATE DETAIL BOOKING/TCUD02_WITHOUT TOKEN: Test Cases/API/DETAIL BOOKING/UPDATE DETAIL BOOKING/TCUD02_WITHOUT TOKEN

2022-06-30 23:07:55 - [TEST_STEP][PASSED] - Response = sendRequest(findTestObject("API/DETAIL BOOKING/UPDATE DETAIL BY ID/TCUD02_UPDATE WITHOUT TOKEN")): Send request successfully

2022-06-30 23:07:55 - [MESSAGE][INFO] - HAR: C:\Users\Thinkpad X260\git\CapstoneAPI\Reports\20220630_230741\TS_DETAIL BOOKING\20220630_230741\requests\main\5.har

2022-06-30 23:07:55 - [MESSAGE][PASSED] - Send request successfully

2022-06-30 23:07:55 - [TEST_STEP][PASSED] - verifyResponseStatusCode(Response, Status_401): Verify response status code successfully

2022-06-30 23:07:55 - [MESSAGE][PASSED] - Verify response status code successfully]]></system-out>
         <system-err><![CDATA[]]></system-err>
      </testcase>
      <testcase name="Test Cases/API/DETAIL BOOKING/UPDATE DETAIL BOOKING/TCUD01_VALID DATA" time="1.073" classname="Test Cases/API/DETAIL BOOKING/UPDATE DETAIL BOOKING/TCUD01_VALID DATA" status="PASSED">
         <system-out><![CDATA[2022-06-30 23:07:55 - [TEST_CASE][PASSED] - Test Cases/API/DETAIL BOOKING/UPDATE DETAIL BOOKING/TCUD01_VALID DATA: Test Cases/API/DETAIL BOOKING/UPDATE DETAIL BOOKING/TCUD01_VALID DATA

2022-06-30 23:07:56 - [TEST_STEP][PASSED] - Response = sendRequest(findTestObject("API/DETAIL BOOKING/UPDATE DETAIL BY ID/TCUD01_UPDATE DETAIL")): Send request successfully

2022-06-30 23:07:56 - [MESSAGE][INFO] - HAR: C:\Users\Thinkpad X260\git\CapstoneAPI\Reports\20220630_230741\TS_DETAIL BOOKING\20220630_230741\requests\main\6.har

2022-06-30 23:07:56 - [MESSAGE][PASSED] - Send request successfully

2022-06-30 23:07:56 - [TEST_STEP][PASSED] - verifyResponseStatusCode(Response, Status_200): Verify response status code successfully

2022-06-30 23:07:56 - [MESSAGE][PASSED] - Verify response status code successfully

2022-06-30 23:07:56 - [TEST_STEP][PASSED] - verifyElementPropertyValue(Response, "status.message", update_success): Verify element property value successfully

2022-06-30 23:07:56 - [MESSAGE][PASSED] - Verify element property value successfully]]></system-out>
         <system-err><![CDATA[]]></system-err>
      </testcase>
      <testcase name="Test Cases/API/DETAIL BOOKING/GET DETAIL BY ID/TCSB02_GET DETAIL INVALID ID" time="1.095" classname="Test Cases/API/DETAIL BOOKING/GET DETAIL BY ID/TCSB02_GET DETAIL INVALID ID" status="PASSED">
         <system-out><![CDATA[2022-06-30 23:07:56 - [TEST_CASE][PASSED] - Test Cases/API/DETAIL BOOKING/GET DETAIL BY ID/TCSB02_GET DETAIL INVALID ID: Test Cases/API/DETAIL BOOKING/GET DETAIL BY ID/TCSB02_GET DETAIL INVALID ID

2022-06-30 23:07:57 - [TEST_STEP][PASSED] - Response = sendRequest(findTestObject("API/DETAIL BOOKING/GET DETAIL BY ID/NEGATIF GET BOOKING ID")): Send request successfully

2022-06-30 23:07:57 - [MESSAGE][INFO] - HAR: C:\Users\Thinkpad X260\git\CapstoneAPI\Reports\20220630_230741\TS_DETAIL BOOKING\20220630_230741\requests\main\7.har

2022-06-30 23:07:57 - [MESSAGE][PASSED] - Send request successfully

2022-06-30 23:07:57 - [TEST_STEP][PASSED] - verifyResponseStatusCode(Response, Status_400): Verify response status code successfully

2022-06-30 23:07:57 - [MESSAGE][PASSED] - Verify response status code successfully]]></system-out>
         <system-err><![CDATA[]]></system-err>
      </testcase>
      <testcase name="Test Cases/API/DETAIL BOOKING/GET DETAIL BY ID/TCSB01_GET DETAIL ID" time="1.247" classname="Test Cases/API/DETAIL BOOKING/GET DETAIL BY ID/TCSB01_GET DETAIL ID" status="PASSED">
         <system-out><![CDATA[2022-06-30 23:07:57 - [TEST_CASE][PASSED] - Test Cases/API/DETAIL BOOKING/GET DETAIL BY ID/TCSB01_GET DETAIL ID: Test Cases/API/DETAIL BOOKING/GET DETAIL BY ID/TCSB01_GET DETAIL ID

2022-06-30 23:07:58 - [TEST_STEP][PASSED] - Response = sendRequest(findTestObject("API/DETAIL BOOKING/GET DETAIL BY ID/POSITIF GET BOOKING ID")): Send request successfully

2022-06-30 23:07:59 - [MESSAGE][INFO] - HAR: C:\Users\Thinkpad X260\git\CapstoneAPI\Reports\20220630_230741\TS_DETAIL BOOKING\20220630_230741\requests\main\8.har

2022-06-30 23:07:59 - [MESSAGE][PASSED] - Send request successfully

2022-06-30 23:07:59 - [TEST_STEP][PASSED] - verifyResponseStatusCode(Response, Status_200): Verify response status code successfully

2022-06-30 23:07:59 - [MESSAGE][PASSED] - Verify response status code successfully]]></system-out>
         <system-err><![CDATA[]]></system-err>
      </testcase>
      <testcase name="Test Cases/API/DETAIL BOOKING/GET ALL DETAIL BOOKING/TCBD02_GET ALL DETAIL WITHOUT TOKEN" time="0.896" classname="Test Cases/API/DETAIL BOOKING/GET ALL DETAIL BOOKING/TCBD02_GET ALL DETAIL WITHOUT TOKEN" status="PASSED">
         <system-out><![CDATA[2022-06-30 23:07:59 - [TEST_CASE][PASSED] - Test Cases/API/DETAIL BOOKING/GET ALL DETAIL BOOKING/TCBD02_GET ALL DETAIL WITHOUT TOKEN: Test Cases/API/DETAIL BOOKING/GET ALL DETAIL BOOKING/TCBD02_GET ALL DETAIL WITHOUT TOKEN

2022-06-30 23:07:59 - [TEST_STEP][PASSED] - Response = sendRequest(findTestObject("API/DETAIL BOOKING/GET ALL DETAIL BOOKING/NEGATIF GET ALL DETAIL WITHOUT TOKEN")): Send request successfully

2022-06-30 23:08:00 - [MESSAGE][INFO] - HAR: C:\Users\Thinkpad X260\git\CapstoneAPI\Reports\20220630_230741\TS_DETAIL BOOKING\20220630_230741\requests\main\9.har

2022-06-30 23:08:00 - [MESSAGE][PASSED] - Send request successfully

2022-06-30 23:08:00 - [TEST_STEP][PASSED] - verifyResponseStatusCode(Response, Status_401): Verify response status code successfully

2022-06-30 23:08:00 - [MESSAGE][PASSED] - Verify response status code successfully]]></system-out>
         <system-err><![CDATA[]]></system-err>
      </testcase>
      <testcase name="Test Cases/API/DETAIL BOOKING/GET ALL DETAIL BOOKING/TCBD01_GET ALL DETAIL" time="0.915" classname="Test Cases/API/DETAIL BOOKING/GET ALL DETAIL BOOKING/TCBD01_GET ALL DETAIL" status="PASSED">
         <system-out><![CDATA[2022-06-30 23:08:00 - [TEST_CASE][PASSED] - Test Cases/API/DETAIL BOOKING/GET ALL DETAIL BOOKING/TCBD01_GET ALL DETAIL: Test Cases/API/DETAIL BOOKING/GET ALL DETAIL BOOKING/TCBD01_GET ALL DETAIL

2022-06-30 23:08:00 - [TEST_STEP][PASSED] - Response = sendRequest(findTestObject("API/DETAIL BOOKING/GET ALL DETAIL BOOKING/POSITIF GET ALL DETAIL BOOKING")): Send request successfully

2022-06-30 23:08:00 - [MESSAGE][INFO] - HAR: C:\Users\Thinkpad X260\git\CapstoneAPI\Reports\20220630_230741\TS_DETAIL BOOKING\20220630_230741\requests\main\10.har

2022-06-30 23:08:00 - [MESSAGE][PASSED] - Send request successfully

2022-06-30 23:08:00 - [TEST_STEP][PASSED] - verifyResponseStatusCode(Response, Status_200): Verify response status code successfully

2022-06-30 23:08:00 - [MESSAGE][PASSED] - Verify response status code successfully]]></system-out>
         <system-err><![CDATA[]]></system-err>
      </testcase>
      <system-out><![CDATA[2022-06-30 23:07:45 - [TEST_SUITE][FAILED] - TS_DETAIL BOOKING: Test Cases/API/DETAIL BOOKING/CREATE NEW DETAIL/TCCB01_VALID DATA FAILED.
Reason:
com.kms.katalon.core.exception.StepFailedException: Expected status code is '200' but actual status code is '500'
	at com.kms.katalon.core.keyword.internal.KeywordMain.stepFailed(KeywordMain.groovy:50)
	at com.kms.katalon.core.webservice.keyword.builtin.VerifyResponseStatusCodeKeyword.verifyStatusCode(VerifyResponseStatusCodeKeyword.groovy:52)
	at com.kms.katalon.core.webservice.keyword.builtin.VerifyResponseStatusCodeKeyword.access$1(VerifyResponseStatusCodeKeyword.groovy)
	at com.kms.katalon.core.webservice.keyword.builtin.VerifyResponseStatusCodeKeyword$_verifyResponseStatusCode_closure1.doCall(VerifyResponseStatusCodeKeyword.groovy:42)
	at com.kms.katalon.core.webservice.keyword.builtin.VerifyResponseStatusCodeKeyword$_verifyResponseStatusCode_closure1.call(VerifyResponseStatusCodeKeyword.groovy)
	at com.kms.katalon.core.keyword.internal.KeywordMain.runKeyword(KeywordMain.groovy:74)
	at com.kms.katalon.core.webservice.keyword.builtin.VerifyResponseStatusCodeKeyword.verifyResponseStatusCode(VerifyResponseStatusCodeKeyword.groovy:37)
	at com.kms.katalon.core.webservice.keyword.builtin.VerifyResponseStatusCodeKeyword.execute(VerifyResponseStatusCodeKeyword.groovy:32)
	at com.kms.katalon.core.keyword.internal.KeywordExecutor.executeKeywordForPlatform(KeywordExecutor.groovy:74)
	at com.kms.katalon.core.webservice.keyword.WSBuiltInKeywords.verifyResponseStatusCode(WSBuiltInKeywords.groovy:344)
	at com.kms.katalon.core.webservice.keyword.WSBuiltInKeywords$verifyResponseStatusCode$0.call(Unknown Source)
	at TCCB01_VALID DATA.run(TCCB01_VALID DATA:22)
	at com.kms.katalon.core.main.ScriptEngine.run(ScriptEngine.java:194)
	at com.kms.katalon.core.main.ScriptEngine.runScriptAsRawText(ScriptEngine.java:119)
	at com.kms.katalon.core.main.TestCaseExecutor.runScript(TestCaseExecutor.java:442)
	at com.kms.katalon.core.main.TestCaseExecutor.doExecute(TestCaseExecutor.java:433)
	at com.kms.katalon.core.main.TestCaseExecutor.processExecutionPhase(TestCaseExecutor.java:412)
	at com.kms.katalon.core.main.TestCaseExecutor.accessMainPhase(TestCaseExecutor.java:404)
	at com.kms.katalon.core.main.TestCaseExecutor.execute(TestCaseExecutor.java:281)
	at com.kms.katalon.core.main.TestSuiteExecutor.accessTestCaseMainPhase(TestSuiteExecutor.java:202)
	at com.kms.katalon.core.main.TestSuiteExecutor.accessTestSuiteMainPhase(TestSuiteExecutor.java:164)
	at com.kms.katalon.core.main.TestSuiteExecutor.execute(TestSuiteExecutor.java:105)
	at com.kms.katalon.core.main.TestCaseMain.startTestSuite(TestCaseMain.java:185)
	at com.kms.katalon.core.main.TestCaseMain$startTestSuite$0.call(Unknown Source)
	at TempTestSuite1656605261020.run(TempTestSuite1656605261020.groovy:36)]]></system-out>
      <system-err><![CDATA[2022-06-30 23:07:45 - [TEST_SUITE][FAILED] - TS_DETAIL BOOKING: Test Cases/API/DETAIL BOOKING/CREATE NEW DETAIL/TCCB01_VALID DATA FAILED.
Reason:
com.kms.katalon.core.exception.StepFailedException: Expected status code is '200' but actual status code is '500'
	at com.kms.katalon.core.keyword.internal.KeywordMain.stepFailed(KeywordMain.groovy:50)
	at com.kms.katalon.core.webservice.keyword.builtin.VerifyResponseStatusCodeKeyword.verifyStatusCode(VerifyResponseStatusCodeKeyword.groovy:52)
	at com.kms.katalon.core.webservice.keyword.builtin.VerifyResponseStatusCodeKeyword.access$1(VerifyResponseStatusCodeKeyword.groovy)
	at com.kms.katalon.core.webservice.keyword.builtin.VerifyResponseStatusCodeKeyword$_verifyResponseStatusCode_closure1.doCall(VerifyResponseStatusCodeKeyword.groovy:42)
	at com.kms.katalon.core.webservice.keyword.builtin.VerifyResponseStatusCodeKeyword$_verifyResponseStatusCode_closure1.call(VerifyResponseStatusCodeKeyword.groovy)
	at com.kms.katalon.core.keyword.internal.KeywordMain.runKeyword(KeywordMain.groovy:74)
	at com.kms.katalon.core.webservice.keyword.builtin.VerifyResponseStatusCodeKeyword.verifyResponseStatusCode(VerifyResponseStatusCodeKeyword.groovy:37)
	at com.kms.katalon.core.webservice.keyword.builtin.VerifyResponseStatusCodeKeyword.execute(VerifyResponseStatusCodeKeyword.groovy:32)
	at com.kms.katalon.core.keyword.internal.KeywordExecutor.executeKeywordForPlatform(KeywordExecutor.groovy:74)
	at com.kms.katalon.core.webservice.keyword.WSBuiltInKeywords.verifyResponseStatusCode(WSBuiltInKeywords.groovy:344)
	at com.kms.katalon.core.webservice.keyword.WSBuiltInKeywords$verifyResponseStatusCode$0.call(Unknown Source)
	at TCCB01_VALID DATA.run(TCCB01_VALID DATA:22)
	at com.kms.katalon.core.main.ScriptEngine.run(ScriptEngine.java:194)
	at com.kms.katalon.core.main.ScriptEngine.runScriptAsRawText(ScriptEngine.java:119)
	at com.kms.katalon.core.main.TestCaseExecutor.runScript(TestCaseExecutor.java:442)
	at com.kms.katalon.core.main.TestCaseExecutor.doExecute(TestCaseExecutor.java:433)
	at com.kms.katalon.core.main.TestCaseExecutor.processExecutionPhase(TestCaseExecutor.java:412)
	at com.kms.katalon.core.main.TestCaseExecutor.accessMainPhase(TestCaseExecutor.java:404)
	at com.kms.katalon.core.main.TestCaseExecutor.execute(TestCaseExecutor.java:281)
	at com.kms.katalon.core.main.TestSuiteExecutor.accessTestCaseMainPhase(TestSuiteExecutor.java:202)
	at com.kms.katalon.core.main.TestSuiteExecutor.accessTestSuiteMainPhase(TestSuiteExecutor.java:164)
	at com.kms.katalon.core.main.TestSuiteExecutor.execute(TestSuiteExecutor.java:105)
	at com.kms.katalon.core.main.TestCaseMain.startTestSuite(TestCaseMain.java:185)
	at com.kms.katalon.core.main.TestCaseMain$startTestSuite$0.call(Unknown Source)
	at TempTestSuite1656605261020.run(TempTestSuite1656605261020.groovy:36)]]></system-err>
   </testsuite>
</testsuites>
